{"name": "test_order_complete", "status": "broken", "statusDetails": {"message": "selenium.common.exceptions.TimeoutException: Message: \nStacktrace:\nSymbols not available. Dumping unresolved backtrace:\n\t0x7ff793797a35\n\t0x7ff793797a90\n\t0x7ff7935116ad\n\t0x7ff79356a13e\n\t0x7ff79356a44c\n\t0x7ff7935bebe7\n\t0x7ff7935bb8fb\n\t0x7ff79355b068\n\t0x7ff79355be93\n\t0x7ff793a529d0\n\t0x7ff793a4ce50\n\t0x7ff793a6cc45\n\t0x7ff7937b30ce\n\t0x7ff7937badbf\n\t0x7ff7937a0c14\n\t0x7ff7937a0dcf\n\t0x7ff793786828\n\t0x7ff8e65ee8d7\n\t0x7ff8e734c53c", "trace": "browserInstance = <selenium.webdriver.chrome.webdriver.WebDriver (session=\"099873865601e0a98a468179bec7586b\")>\n\n    @pytest.mark.smoke\n    def test_order_complete(browserInstance):\n        driver = browserInstance\n        browserInstance.get(\"https://automationexercise.com/\")\n        browserInstance.maximize_window()\n        login_user = Correct_email(browserInstance)\n        login_user.login()\n        login_user.Enter_email(user_data[\"email\"])\n        login_user.Enter_password(user_data[\"password\"])\n        login_user.submit_button()\n        time.sleep(2)\n        add_product_in_your_cart = all_product_in_cart(browserInstance)\n        add_product_in_your_cart.click_on_product()\n        add_product_in_your_cart.add_product_on_cart()\n        add_product_in_your_cart.view_cart()\n        add_product_in_your_cart.proceed_to_check_out()\n        add_product_in_your_cart.delivery_address()\n        complete_order = download_invoice(browserInstance)\n        First_product = complete_order.first_product()\n        Second_product = complete_order.second_product()\n>       Total_price_on_web = complete_order.total_price()\n\nTests\\Positive_Testing\\test_Download_Invoice_after_purchase_order.py:36: \n_ _ _ _ _ _ _ _ _ _ _ _ _ _ _ _ _ _ _ _ _ _ _ _ _ _ _ _ _ _ _ _ _ _ _ _ _ _ _ _ _ _ _ _ _ _ _ _ _ _ _ _ _ _ _ _ _ _ _ _ _ _ _ _ _ _ _ _ _ _ _ _ _ _ _ _ _ _ _ _ _ _ _ _ _ _ _ _ _ _ _ _ _ _ _\nPage_POM\\Positive_POM\\Download_Invoice_after_purchase_order.py:17: in total_price\n    return safe_get_text(self.driver,Locators.total_price)\nUtils\\selenium_helpers.py:74: in safe_get_text\n    return WebDriverWait(driver, timeout).until(\n_ _ _ _ _ _ _ _ _ _ _ _ _ _ _ _ _ _ _ _ _ _ _ _ _ _ _ _ _ _ _ _ _ _ _ _ _ _ _ _ _ _ _ _ _ _ _ _ _ _ _ _ _ _ _ _ _ _ _ _ _ _ _ _ _ _ _ _ _ _ _ _ _ _ _ _ _ _ _ _ _ _ _ _ _ _ _ _ _ _ _ _ _ _ _\n\nself = <selenium.webdriver.support.wait.WebDriverWait (session=\"099873865601e0a98a468179bec7586b\")>, method = <function presence_of_element_located.<locals>._predicate at 0x0000027D8DBFB920>\nmessage = ''\n\n    def until(self, method: Callable[[D], Union[Literal[False], T]], message: str = \"\") -> T:\n        \"\"\"Calls the method provided with the driver as an argument until the \\\n        return value does not evaluate to ``False``.\n    \n        :param method: callable(WebDriver)\n        :param message: optional message for :exc:`TimeoutException`\n        :returns: the result of the last call to `method`\n        :raises: :exc:`selenium.common.exceptions.TimeoutException` if timeout occurs\n        \"\"\"\n        screen = None\n        stacktrace = None\n    \n        end_time = time.monotonic() + self._timeout\n        while True:\n            try:\n                value = method(self._driver)\n                if value:\n                    return value\n            except self._ignored_exceptions as exc:\n                screen = getattr(exc, \"screen\", None)\n                stacktrace = getattr(exc, \"stacktrace\", None)\n            time.sleep(self._poll)\n            if time.monotonic() > end_time:\n                break\n>       raise TimeoutException(message, screen, stacktrace)\nE       selenium.common.exceptions.TimeoutException: Message: \nE       Stacktrace:\nE       Symbols not available. Dumping unresolved backtrace:\nE       \t0x7ff793797a35\nE       \t0x7ff793797a90\nE       \t0x7ff7935116ad\nE       \t0x7ff79356a13e\nE       \t0x7ff79356a44c\nE       \t0x7ff7935bebe7\nE       \t0x7ff7935bb8fb\nE       \t0x7ff79355b068\nE       \t0x7ff79355be93\nE       \t0x7ff793a529d0\nE       \t0x7ff793a4ce50\nE       \t0x7ff793a6cc45\nE       \t0x7ff7937b30ce\nE       \t0x7ff7937badbf\nE       \t0x7ff7937a0c14\nE       \t0x7ff7937a0dcf\nE       \t0x7ff793786828\nE       \t0x7ff8e65ee8d7\nE       \t0x7ff8e734c53c\n\n..\\..\\AppData\\Local\\Programs\\Python\\Python312\\Lib\\site-packages\\selenium\\webdriver\\support\\wait.py:105: TimeoutException"}, "steps": [{"name": "Click on Signup / Login", "status": "passed", "start": 1762092270539, "stop": 1762092282644}, {"name": "Enter Your Email 'rohitjuyal111@gmail.com'", "status": "passed", "parameters": [{"name": "email", "value": "'rohitjuyal111@gmail.com'"}], "start": 1762092282644, "stop": 1762092283468}, {"name": "Enter Your Email 'Rohitjuyal'", "status": "passed", "parameters": [{"name": "password", "value": "'Rohitjuyal'"}], "start": 1762092283468, "stop": 1762092283787}, {"name": "Click on Login Button", "status": "passed", "start": 1762092283787, "stop": 1762092447943}, {"name": "Click on the Product Button : ", "status": "passed", "start": 1762092449945, "stop": 1762092542873}, {"name": "Adding product on cart : ", "status": "passed", "start": 1762092542874, "stop": 1762092543179}, {"name": "View product on cart : ", "status": "passed", "start": 1762092543180, "stop": 1762092552237}, {"name": "Proceed to checkout : ", "status": "passed", "start": 1762092552237, "stop": 1762092576508}, {"name": "Your Delivery address : ", "status": "passed", "start": 1762092576508, "stop": 1762092576576}, {"name": "Scrap the first product price", "status": "passed", "start": 1762092576576, "stop": 1762092576620}, {"name": " Scrap the Second product price : ", "status": "passed", "start": 1762092576621, "stop": 1762092576668}, {"name": " Total price : ", "status": "broken", "statusDetails": {"message": "selenium.common.exceptions.TimeoutException: Message: \nStacktrace:\nSymbols not available. Dumping unresolved backtrace:\n\t0x7ff793797a35\n\t0x7ff793797a90\n\t0x7ff7935116ad\n\t0x7ff79356a13e\n\t0x7ff79356a44c\n\t0x7ff7935bebe7\n\t0x7ff7935bb8fb\n\t0x7ff79355b068\n\t0x7ff79355be93\n\t0x7ff793a529d0\n\t0x7ff793a4ce50\n\t0x7ff793a6cc45\n\t0x7ff7937b30ce\n\t0x7ff7937badbf\n\t0x7ff7937a0c14\n\t0x7ff7937a0dcf\n\t0x7ff793786828\n\t0x7ff8e65ee8d7\n\t0x7ff8e734c53c\n\n", "trace": "  File \"C:\\Users\\Sachin Kumar Tiwari\\AppData\\Local\\Programs\\Python\\Python312\\Lib\\site-packages\\allure_commons\\_allure.py\", line 202, in impl\n    return func(*a, **kw)\n           ^^^^^^^^^^^^^^\n  File \"C:\\Users\\Sachin Kumar Tiwari\\PycharmProjects\\E2E_Automation_Testing_for_e-commerce\\Page_POM\\Positive_POM\\Download_Invoice_after_purchase_order.py\", line 17, in total_price\n    return safe_get_text(self.driver,Locators.total_price)\n           ^^^^^^^^^^^^^^^^^^^^^^^^^^^^^^^^^^^^^^^^^^^^^^^\n  File \"C:\\Users\\Sachin Kumar Tiwari\\PycharmProjects\\E2E_Automation_Testing_for_e-commerce\\Utils\\selenium_helpers.py\", line 74, in safe_get_text\n    return WebDriverWait(driver, timeout).until(\n           ^^^^^^^^^^^^^^^^^^^^^^^^^^^^^^^^^^^^^\n  File \"C:\\Users\\Sachin Kumar Tiwari\\AppData\\Local\\Programs\\Python\\Python312\\Lib\\site-packages\\selenium\\webdriver\\support\\wait.py\", line 105, in until\n    raise TimeoutException(message, screen, stacktrace)\n"}, "start": 1762092576668, "stop": 1762092607022}], "start": 1762092172313, "stop": 1762092607125, "uuid": "a6241273-31ea-4ff0-990b-fa652e55614d", "historyId": "72fe242efa5ec5d8cdd0d726bfb3d99d", "testCaseId": "72fe242efa5ec5d8cdd0d726bfb3d99d", "fullName": "Tests.Positive_Testing.test_Download_Invoice_after_purchase_order#test_order_complete", "labels": [{"name": "tag", "value": "smoke"}, {"name": "parentSuite", "value": "Tests.Positive_Testing"}, {"name": "suite", "value": "test_Download_Invoice_after_purchase_order"}, {"name": "host", "value": "MSI"}, {"name": "thread", "value": "27544-MainThread"}, {"name": "framework", "value": "pytest"}, {"name": "language", "value": "cpython3"}, {"name": "package", "value": "Tests.Positive_Testing.test_Download_Invoice_after_purchase_order"}], "titlePath": ["Tests", "Positive_Testing", "test_Download_Invoice_after_purchase_order.py"]}