{"name": "test_POST_To_Verify_Login_with_valid_details", "status": "failed", "statusDetails": {"message": "AssertionError: Expected HTTP 200, got 400\nassert 400 == 200\n +  where 400 = <Response [400]>.status_code", "trace": "@pytest.mark.smoke\n    def test_POST_To_Verify_Login_with_valid_details():\n        # You can hardcode or load from payloads JSON\n        email = \"rohitjuyal111@gmail.com\"\n        password = \"Rohitjuyal\"\n    \n        # Call POM\n        response = post_To_Verify_Login_with_valid_details_class.test_post_To_Verify_Login_with_valid_details(payload=None,email=email,password=password\n        )\n    \n        response_json = response.json()\n    \n>       assert response.status_code == 200, f\"Expected HTTP 200, got {response.status_code}\"\nE       AssertionError: Expected HTTP 200, got 400\nE       assert 400 == 200\nE        +  where 400 = <Response [400]>.status_code\n\nTests\\API_Testing\\POST_TESTING\\test_post_To_Verify_Login_with_valid_details.py:18: AssertionError"}, "start": 1761298873065, "stop": 1761298874469, "uuid": "f4afa3a4-8bbc-43dc-8415-47fc1875592c", "historyId": "8aec250f76f5c28498f8ae27e8528e9b", "testCaseId": "8aec250f76f5c28498f8ae27e8528e9b", "fullName": "Tests.API_Testing.POST_TESTING.test_post_To_Verify_Login_with_valid_details#test_POST_To_Verify_Login_with_valid_details", "labels": [{"name": "tag", "value": "smoke"}, {"name": "parentSuite", "value": "Tests.API_Testing.POST_TESTING"}, {"name": "suite", "value": "test_post_To_Verify_Login_with_valid_details"}, {"name": "host", "value": "MSI"}, {"name": "thread", "value": "1656-MainThread"}, {"name": "framework", "value": "pytest"}, {"name": "language", "value": "cpython3"}, {"name": "package", "value": "Tests.API_Testing.POST_TESTING.test_post_To_Verify_Login_with_valid_details"}], "titlePath": ["Tests", "API_Testing", "POST_TESTING", "test_post_To_Verify_Login_with_valid_details.py"]}