{"name": "test_order_complete", "status": "broken", "statusDetails": {"message": "selenium.common.exceptions.TimeoutException: Message: \nStacktrace:\nSymbols not available. Dumping unresolved backtrace:\n\t0x7ff726647a35\n\t0x7ff726647a90\n\t0x7ff7263c16ad\n\t0x7ff72641a13e\n\t0x7ff72641a44c\n\t0x7ff72646ebe7\n\t0x7ff72646b8fb\n\t0x7ff72640b068\n\t0x7ff72640be93\n\t0x7ff7269029d0\n\t0x7ff7268fce50\n\t0x7ff72691cc45\n\t0x7ff7266630ce\n\t0x7ff72666adbf\n\t0x7ff726650c14\n\t0x7ff726650dcf\n\t0x7ff726636828\n\t0x7ff8e65ee8d7\n\t0x7ff8e734c53c", "trace": "browserInstance = <selenium.webdriver.chrome.webdriver.WebDriver (session=\"6a63f4bdf1f27a7983c560bd70b9886f\")>\n\n    @pytest.mark.smoke\n    def test_order_complete(browserInstance):\n        driver = browserInstance\n        browserInstance.get(\"https://automationexercise.com/\")\n        browserInstance.maximize_window()\n        login_user = Correct_email(browserInstance)\n        login_user.login()\n        login_user.Enter_email(user_data[\"email\"])\n        login_user.Enter_password(user_data[\"password\"])\n        login_user.submit_button()\n        time.sleep(2)\n        add_product_in_your_cart = all_product_in_cart(browserInstance)\n        add_product_in_your_cart.click_on_product()\n        add_product_in_your_cart.add_product_on_cart()\n        add_product_in_your_cart.view_cart()\n        add_product_in_your_cart.proceed_to_check_out()\n        add_product_in_your_cart.delivery_address()\n        complete_order = download_invoice(browserInstance)\n        First_product = complete_order.first_product()\n        Second_product = complete_order.second_product()\n>       Total_price_on_web = complete_order.total_price()\n\nTests\\Positive_Testing\\test_Download_Invoice_after_purchase_order.py:36: \n_ _ _ _ _ _ _ _ _ _ _ _ _ _ _ _ _ _ _ _ _ _ _ _ _ _ _ _ _ _ _ _ _ _ _ _ _ _ _ _ _ _ _ _ _ _ _ _ _ _ _ _ _ _ _ _ _ _ _ _ _ _ _ _ _ _ _ _ _ _ _ _ _ _ _ _ _ _ _ _ _ _ _ _ _ _ _ _ _ _ _ _ _ _ _\nPage_POM\\Positive_POM\\Download_Invoice_after_purchase_order.py:17: in total_price\n    return safe_get_text(self.driver,Locators.total_price)\nUtils\\selenium_helpers.py:74: in safe_get_text\n    return WebDriverWait(driver, timeout).until(\n_ _ _ _ _ _ _ _ _ _ _ _ _ _ _ _ _ _ _ _ _ _ _ _ _ _ _ _ _ _ _ _ _ _ _ _ _ _ _ _ _ _ _ _ _ _ _ _ _ _ _ _ _ _ _ _ _ _ _ _ _ _ _ _ _ _ _ _ _ _ _ _ _ _ _ _ _ _ _ _ _ _ _ _ _ _ _ _ _ _ _ _ _ _ _\n\nself = <selenium.webdriver.support.wait.WebDriverWait (session=\"6a63f4bdf1f27a7983c560bd70b9886f\")>, method = <function presence_of_element_located.<locals>._predicate at 0x000002202030F920>\nmessage = ''\n\n    def until(self, method: Callable[[D], Union[Literal[False], T]], message: str = \"\") -> T:\n        \"\"\"Calls the method provided with the driver as an argument until the \\\n        return value does not evaluate to ``False``.\n    \n        :param method: callable(WebDriver)\n        :param message: optional message for :exc:`TimeoutException`\n        :returns: the result of the last call to `method`\n        :raises: :exc:`selenium.common.exceptions.TimeoutException` if timeout occurs\n        \"\"\"\n        screen = None\n        stacktrace = None\n    \n        end_time = time.monotonic() + self._timeout\n        while True:\n            try:\n                value = method(self._driver)\n                if value:\n                    return value\n            except self._ignored_exceptions as exc:\n                screen = getattr(exc, \"screen\", None)\n                stacktrace = getattr(exc, \"stacktrace\", None)\n            time.sleep(self._poll)\n            if time.monotonic() > end_time:\n                break\n>       raise TimeoutException(message, screen, stacktrace)\nE       selenium.common.exceptions.TimeoutException: Message: \nE       Stacktrace:\nE       Symbols not available. Dumping unresolved backtrace:\nE       \t0x7ff726647a35\nE       \t0x7ff726647a90\nE       \t0x7ff7263c16ad\nE       \t0x7ff72641a13e\nE       \t0x7ff72641a44c\nE       \t0x7ff72646ebe7\nE       \t0x7ff72646b8fb\nE       \t0x7ff72640b068\nE       \t0x7ff72640be93\nE       \t0x7ff7269029d0\nE       \t0x7ff7268fce50\nE       \t0x7ff72691cc45\nE       \t0x7ff7266630ce\nE       \t0x7ff72666adbf\nE       \t0x7ff726650c14\nE       \t0x7ff726650dcf\nE       \t0x7ff726636828\nE       \t0x7ff8e65ee8d7\nE       \t0x7ff8e734c53c\n\n..\\..\\AppData\\Local\\Programs\\Python\\Python312\\Lib\\site-packages\\selenium\\webdriver\\support\\wait.py:105: TimeoutException"}, "steps": [{"name": "Click on Signup / Login", "status": "passed", "start": 1761897266334, "stop": 1761897268449}, {"name": "Enter Your Email 'rohitjuyal111@gmail.com'", "status": "passed", "parameters": [{"name": "email", "value": "'rohitjuyal111@gmail.com'"}], "start": 1761897268450, "stop": 1761897268563}, {"name": "Enter Your Email 'Rohitjuyal'", "status": "passed", "parameters": [{"name": "password", "value": "'Rohitjuyal'"}], "start": 1761897268563, "stop": 1761897268818}, {"name": "Click on Login Button", "status": "passed", "start": 1761897268819, "stop": 1761897272830}, {"name": "Click on the Product Button : ", "status": "passed", "start": 1761897274831, "stop": 1761897278642}, {"name": "Adding product on cart : ", "status": "passed", "start": 1761897278643, "stop": 1761897278789}, {"name": "View product on cart : ", "status": "passed", "start": 1761897278789, "stop": 1761897281379}, {"name": "Proceed to checkout : ", "status": "passed", "start": 1761897281379, "stop": 1761897284656}, {"name": "Your Delivery address : ", "status": "passed", "start": 1761897284656, "stop": 1761897284694}, {"name": "Scrap the first product price", "status": "passed", "start": 1761897284694, "stop": 1761897284713}, {"name": " Scrap the Second product price : ", "status": "passed", "start": 1761897284713, "stop": 1761897284729}, {"name": " Total price : ", "status": "broken", "statusDetails": {"message": "selenium.common.exceptions.TimeoutException: Message: \nStacktrace:\nSymbols not available. Dumping unresolved backtrace:\n\t0x7ff726647a35\n\t0x7ff726647a90\n\t0x7ff7263c16ad\n\t0x7ff72641a13e\n\t0x7ff72641a44c\n\t0x7ff72646ebe7\n\t0x7ff72646b8fb\n\t0x7ff72640b068\n\t0x7ff72640be93\n\t0x7ff7269029d0\n\t0x7ff7268fce50\n\t0x7ff72691cc45\n\t0x7ff7266630ce\n\t0x7ff72666adbf\n\t0x7ff726650c14\n\t0x7ff726650dcf\n\t0x7ff726636828\n\t0x7ff8e65ee8d7\n\t0x7ff8e734c53c\n\n", "trace": "  File \"C:\\Users\\Sachin Kumar Tiwari\\AppData\\Local\\Programs\\Python\\Python312\\Lib\\site-packages\\allure_commons\\_allure.py\", line 202, in impl\n    return func(*a, **kw)\n           ^^^^^^^^^^^^^^\n  File \"C:\\Users\\Sachin Kumar Tiwari\\PycharmProjects\\E2E_Automation_Testing_for_e-commerce\\Page_POM\\Positive_POM\\Download_Invoice_after_purchase_order.py\", line 17, in total_price\n    return safe_get_text(self.driver,Locators.total_price)\n           ^^^^^^^^^^^^^^^^^^^^^^^^^^^^^^^^^^^^^^^^^^^^^^^\n  File \"C:\\Users\\Sachin Kumar Tiwari\\PycharmProjects\\E2E_Automation_Testing_for_e-commerce\\Utils\\selenium_helpers.py\", line 74, in safe_get_text\n    return WebDriverWait(driver, timeout).until(\n           ^^^^^^^^^^^^^^^^^^^^^^^^^^^^^^^^^^^^^\n  File \"C:\\Users\\Sachin Kumar Tiwari\\AppData\\Local\\Programs\\Python\\Python312\\Lib\\site-packages\\selenium\\webdriver\\support\\wait.py\", line 105, in until\n    raise TimeoutException(message, screen, stacktrace)\n"}, "start": 1761897284729, "stop": 1761897314874}], "start": 1761897261261, "stop": 1761897314926, "uuid": "64c0ef92-1e5e-4f4f-87b4-1e339bc8b781", "historyId": "72fe242efa5ec5d8cdd0d726bfb3d99d", "testCaseId": "72fe242efa5ec5d8cdd0d726bfb3d99d", "fullName": "Tests.Positive_Testing.test_Download_Invoice_after_purchase_order#test_order_complete", "labels": [{"name": "tag", "value": "smoke"}, {"name": "parentSuite", "value": "Tests.Positive_Testing"}, {"name": "suite", "value": "test_Download_Invoice_after_purchase_order"}, {"name": "host", "value": "MSI"}, {"name": "thread", "value": "19796-MainThread"}, {"name": "framework", "value": "pytest"}, {"name": "language", "value": "cpython3"}, {"name": "package", "value": "Tests.Positive_Testing.test_Download_Invoice_after_purchase_order"}], "titlePath": ["Tests", "Positive_Testing", "test_Download_Invoice_after_purchase_order.py"]}