{"name": "test_order_complete", "status": "broken", "statusDetails": {"message": "Exception: safe_click failed after 3 attempts for xpath: (//a[contains(text(),'Place Order')])", "trace": "browserInstance = <selenium.webdriver.chrome.webdriver.WebDriver (session=\"1add63c5f56aab0e70e8b510390e6d04\")>\n\n    @pytest.mark.smoke\n    def test_order_complete(browserInstance):\n        driver = browserInstance\n        browserInstance.get(\"https://automationexercise.com/\")\n        browserInstance.maximize_window()\n        login_user = Correct_email(browserInstance)\n        login_user.login()\n        login_user.Enter_email(user_data[\"email\"])\n        login_user.Enter_password(user_data[\"password\"])\n        login_user.submit_button()\n        time.sleep(2)\n        add_product_in_your_cart = all_product_in_cart(browserInstance)\n        add_product_in_your_cart.click_on_product()\n        add_product_in_your_cart.add_product_on_cart()\n        add_product_in_your_cart.view_cart()\n        add_product_in_your_cart.proceed_to_check_out()\n        add_product_in_your_cart.delivery_address()\n        complete_order = download_invoice(browserInstance)\n        First_product = complete_order.first_product()\n        Second_product = complete_order.second_product()\n        Total_price_on_web = complete_order.total_price()\n        Total_Price = First_product + Second_product\n        print(Total_Price)\n        time.sleep(30)\n        # assert Total_price_on_web == Total_Price\n        complete_order.enter_message(user_data[\"comment\"])\n        complete_order.place_order()\n        complete_order.card_name(user_data[\"name\"])\n        complete_order.card_name(user_data[\"last_name\"])\n        complete_order.card_number(user_data[\"card_number\"])\n        complete_order.cvc_number(user_data[\"csv\"])\n        complete_order.expire_month(user_data[\"expire_month\"])\n        complete_order.expire_year(user_data[\"expire_year\"])\n>       complete_order.place_order()\n\nTests\\Positive_Testing\\test_Download_Invoice_after_purchase_order.py:49: \n_ _ _ _ _ _ _ _ _ _ _ _ _ _ _ _ _ _ _ _ _ _ _ _ _ _ _ _ _ _ _ _ _ _ _ _ _ _ _ _ _ _ _ _ _ _ _ _ _ _ _ _ _ _ _ _ _ _ _ _ _ _ _ _ _ _ _ _ _ _ _ _ _ _ _ _ _ _ _ _ _ _ _ _ _ _ _ _ _ _ _ _ _ _ _\nPage_POM\\Positive_POM\\Download_Invoice_after_purchase_order.py:23: in place_order\n    safe_click(self.driver,Locators.place_order)\n_ _ _ _ _ _ _ _ _ _ _ _ _ _ _ _ _ _ _ _ _ _ _ _ _ _ _ _ _ _ _ _ _ _ _ _ _ _ _ _ _ _ _ _ _ _ _ _ _ _ _ _ _ _ _ _ _ _ _ _ _ _ _ _ _ _ _ _ _ _ _ _ _ _ _ _ _ _ _ _ _ _ _ _ _ _ _ _ _ _ _ _ _ _ _\n\ndriver = <selenium.webdriver.chrome.webdriver.WebDriver (session=\"1add63c5f56aab0e70e8b510390e6d04\")>, xpath = \"(//a[contains(text(),'Place Order')])\", timeout = 30, retries = 3\n\n    def safe_click(driver, xpath, timeout=30, retries=3):\n        for attempt in range(retries):\n            try:\n                element = WebDriverWait(driver, timeout).until(\n                    EC.element_to_be_clickable((By.XPATH, xpath))\n                )\n    \n                # Scroll element into view before clicking\n                driver.execute_script(\"arguments[0].scrollIntoView({block: 'center'});\", element)\n    \n                element.click()\n                return  # success â†’ exit function\n    \n            except StaleElementReferenceException:\n                print(f\"[Retry {attempt+1}] Stale element, retrying...\")\n                time.sleep(2)\n    \n            except ElementClickInterceptedException:\n                print(f\"[Retry {attempt+1}] Click intercepted, trying to remove ad iframe...\")\n                try:\n                    ad_iframe = driver.find_element(By.CSS_SELECTOR, \"iframe[id^='aswift']\")\n                    driver.execute_script(\"arguments[0].remove();\", ad_iframe)\n                    print(\"Ad iframe removed.\")\n                except:\n                    print(\"No ad iframe found to remove.\")\n                time.sleep(2)\n    \n            except TimeoutException:\n                print(\"Timeout waiting for element to be clickable.\")\n                break\n    \n>       raise Exception(f\"safe_click failed after {retries} attempts for xpath: {xpath}\")\nE       Exception: safe_click failed after 3 attempts for xpath: (//a[contains(text(),'Place Order')])\n\nUtils\\selenium_helpers.py:66: Exception"}, "steps": [{"name": "Click on Signup / Login", "status": "passed", "start": 1761891883466, "stop": 1761891884730}, {"name": "Enter Your Email 'rohitjuyal111@gmail.com'", "status": "passed", "parameters": [{"name": "email", "value": "'rohitjuyal111@gmail.com'"}], "start": 1761891884730, "stop": 1761891884925}, {"name": "Enter Your Email 'Rohitjuyal'", "status": "passed", "parameters": [{"name": "password", "value": "'Rohitjuyal'"}], "start": 1761891884925, "stop": 1761891885136}, {"name": "Click on Login Button", "status": "passed", "start": 1761891885136, "stop": 1761891889269}, {"name": "Click on the Product Button : ", "status": "passed", "start": 1761891891270, "stop": 1761891901918}, {"name": "Adding product on cart : ", "status": "passed", "start": 1761891901919, "stop": 1761891902054}, {"name": "View product on cart : ", "status": "passed", "start": 1761891902054, "stop": 1761891905143}, {"name": "Proceed to checkout : ", "status": "passed", "start": 1761891905143, "stop": 1761891911336}, {"name": "Your Delivery address : ", "status": "passed", "start": 1761891911336, "stop": 1761891911420}, {"name": "Scrap the first product price", "status": "passed", "start": 1761891911420, "stop": 1761891911458}, {"name": " Scrap the Second product price : ", "status": "passed", "start": 1761891911458, "stop": 1761891911504}, {"name": " Total price : ", "status": "passed", "start": 1761891911504, "stop": 1761891911640}, {"name": "You may input message to the delivery partner ' Kindly deliver the product on time' : ", "status": "passed", "parameters": [{"name": "user_comment", "value": "' Kindly deliver the product on time'"}], "start": 1761891941642, "stop": 1761891942019}, {"name": "Place order : ", "status": "passed", "start": 1761891942019, "stop": 1761891944117}, {"name": "Card Name 'Rohit' : ", "status": "passed", "parameters": [{"name": "last_name", "value": "'Rohit'"}], "start": 1761891944117, "stop": 1761891944463}, {"name": "Card Name 'Juyal' : ", "status": "passed", "parameters": [{"name": "last_name", "value": "'Juyal'"}], "start": 1761891944464, "stop": 1761891944592}, {"name": "card number : '4315-1820-2310-5250'", "status": "passed", "parameters": [{"name": "card_number", "value": "'4315-1820-2310-5250'"}], "start": 1761891944592, "stop": 1761891944775}, {"name": "Enter csv number '234' : ", "status": "passed", "parameters": [{"name": "csv", "value": "'234'"}], "start": 1761891944775, "stop": 1761891944978}, {"name": "Enter Card expire month '08' ", "status": "passed", "parameters": [{"name": "expire_month", "value": "'08'"}], "start": 1761891944979, "stop": 1761891945156}, {"name": " Enter Card expire year '2030' ", "status": "passed", "parameters": [{"name": "expire_year", "value": "'2030'"}], "start": 1761891945157, "stop": 1761891945346}, {"name": "Place order : ", "status": "broken", "statusDetails": {"message": "Exception: safe_click failed after 3 attempts for xpath: (//a[contains(text(),'Place Order')])\n", "trace": "  File \"C:\\Users\\Sachin Kumar Tiwari\\AppData\\Local\\Programs\\Python\\Python312\\Lib\\site-packages\\allure_commons\\_allure.py\", line 202, in impl\n    return func(*a, **kw)\n           ^^^^^^^^^^^^^^\n  File \"C:\\Users\\Sachin Kumar Tiwari\\PycharmProjects\\E2E_Automation_Testing_for_e-commerce\\Page_POM\\Positive_POM\\Download_Invoice_after_purchase_order.py\", line 23, in place_order\n    safe_click(self.driver,Locators.place_order)\n  File \"C:\\Users\\Sachin Kumar Tiwari\\PycharmProjects\\E2E_Automation_Testing_for_e-commerce\\Utils\\selenium_helpers.py\", line 66, in safe_click\n    raise Exception(f\"safe_click failed after {retries} attempts for xpath: {xpath}\")\n"}, "start": 1761891945346, "stop": 1761891975688}], "attachments": [{"name": "stdout", "source": "8dde60ac-1c87-4c45-8b43-39d71409a538-attachment.txt", "type": "text/plain"}], "start": 1761891876856, "stop": 1761891975692, "uuid": "97c82aca-c864-4404-9636-02a3752ec800", "historyId": "72fe242efa5ec5d8cdd0d726bfb3d99d", "testCaseId": "72fe242efa5ec5d8cdd0d726bfb3d99d", "fullName": "Tests.Positive_Testing.test_Download_Invoice_after_purchase_order#test_order_complete", "labels": [{"name": "tag", "value": "smoke"}, {"name": "parentSuite", "value": "Tests.Positive_Testing"}, {"name": "suite", "value": "test_Download_Invoice_after_purchase_order"}, {"name": "host", "value": "MSI"}, {"name": "thread", "value": "13928-MainThread"}, {"name": "framework", "value": "pytest"}, {"name": "language", "value": "cpython3"}, {"name": "package", "value": "Tests.Positive_Testing.test_Download_Invoice_after_purchase_order"}], "titlePath": ["Tests", "Positive_Testing", "test_Download_Invoice_after_purchase_order.py"]}