{"name": "test_product_in_cart", "status": "broken", "statusDetails": {"message": "selenium.common.exceptions.TimeoutException: Message: \nStacktrace:\n\tGetHandleVerifier [0x0x7ff7130a1eb5+80197]\n\tGetHandleVerifier [0x0x7ff7130a1f10+80288]\n\t(No symbol) [0x0x7ff712e202fa]\n\t(No symbol) [0x0x7ff712e77cd7]\n\t(No symbol) [0x0x7ff712e77f9c]\n\t(No symbol) [0x0x7ff712ecba87]\n\t(No symbol) [0x0x7ff712ea03bf]\n\t(No symbol) [0x0x7ff712ec87fb]\n\t(No symbol) [0x0x7ff712ea0153]\n\t(No symbol) [0x0x7ff712e68b02]\n\t(No symbol) [0x0x7ff712e698d3]\n\tGetHandleVerifier [0x0x7ff71335e83d+2949837]\n\tGetHandleVerifier [0x0x7ff713358c6a+2926330]\n\tGetHandleVerifier [0x0x7ff7133786c7+3055959]\n\tGetHandleVerifier [0x0x7ff7130bcfee+191102]\n\tGetHandleVerifier [0x0x7ff7130c50af+224063]\n\tGetHandleVerifier [0x0x7ff7130aaf64+117236]\n\tGetHandleVerifier [0x0x7ff7130ab119+117673]\n\tGetHandleVerifier [0x0x7ff7130910a8+11064]\n\tBaseThreadInitThunk [0x0x7ffe77bfe8d7+23]\n\tRtlUserThreadStart [0x0x7ffe7972c53c+44]", "trace": "browserInstance = <selenium.webdriver.chrome.webdriver.WebDriver (session=\"daf47f721e2bf473047a3642c11a4ee2\")>\n\n    @pytest.mark.smoke\n    def test_product_in_cart(browserInstance):\n        driver = browserInstance\n        browserInstance.get(\"https://automationexercise.com/\")\n        browserInstance.maximize_window()\n        login_user = Correct_email(browserInstance)\n        login_user.login()\n        login_user.Enter_email(user_data[\"email\"])\n        login_user.Enter_password(user_data[\"password\"])\n        login_user.submit_button()\n        time.sleep(2)\n        add_to_cart = all_product_in_cart(browserInstance)\n        add_to_cart.click_on_product()\n        add_to_cart.add_product_on_cart()\n        time.sleep(10)\n        add_to_cart.view_cart()\n        time.sleep(10)\n        add_to_cart.proceed_to_check_out()\n>       delivery_address = add_to_cart.delivery_address()\n\nTests\\Positive_Testing\\test_add_product_in_cart.py:40: \n_ _ _ _ _ _ _ _ _ _ _ _ _ _ _ _ _ _ _ _ _ _ _ _ _ _ _ _ _ _ _ _ _ _ _ _ _ _ _ _ _ _ _ _ _ _ _ _ _ _ _ _ _ _ _ _ _ _ _ _ _ _ _ _ _ _ _ _ _ _ _ _ _ _ _ _ _ _ _ _ _ _ _ _ _ _ _ _ _ _ _ _ _ _ _\nPage_POM\\Positive_POM\\all_product_in_cart.py:33: in delivery_address\n    return safe_get_text(self.driver, Locators.b_address)\nUtils\\selenium_helpers.py:74: in safe_get_text\n    return WebDriverWait(driver, timeout).until(\n_ _ _ _ _ _ _ _ _ _ _ _ _ _ _ _ _ _ _ _ _ _ _ _ _ _ _ _ _ _ _ _ _ _ _ _ _ _ _ _ _ _ _ _ _ _ _ _ _ _ _ _ _ _ _ _ _ _ _ _ _ _ _ _ _ _ _ _ _ _ _ _ _ _ _ _ _ _ _ _ _ _ _ _ _ _ _ _ _ _ _ _ _ _ _\n\nself = <selenium.webdriver.support.wait.WebDriverWait (session=\"daf47f721e2bf473047a3642c11a4ee2\")>, method = <function presence_of_element_located.<locals>._predicate at 0x000001450D4EFB00>\nmessage = ''\n\n    def until(self, method: Callable[[D], Union[Literal[False], T]], message: str = \"\") -> T:\n        \"\"\"Calls the method provided with the driver as an argument until the \\\n        return value does not evaluate to ``False``.\n    \n        :param method: callable(WebDriver)\n        :param message: optional message for :exc:`TimeoutException`\n        :returns: the result of the last call to `method`\n        :raises: :exc:`selenium.common.exceptions.TimeoutException` if timeout occurs\n        \"\"\"\n        screen = None\n        stacktrace = None\n    \n        end_time = time.monotonic() + self._timeout\n        while True:\n            try:\n                value = method(self._driver)\n                if value:\n                    return value\n            except self._ignored_exceptions as exc:\n                screen = getattr(exc, \"screen\", None)\n                stacktrace = getattr(exc, \"stacktrace\", None)\n            time.sleep(self._poll)\n            if time.monotonic() > end_time:\n                break\n>       raise TimeoutException(message, screen, stacktrace)\nE       selenium.common.exceptions.TimeoutException: Message: \nE       Stacktrace:\nE       \tGetHandleVerifier [0x0x7ff7130a1eb5+80197]\nE       \tGetHandleVerifier [0x0x7ff7130a1f10+80288]\nE       \t(No symbol) [0x0x7ff712e202fa]\nE       \t(No symbol) [0x0x7ff712e77cd7]\nE       \t(No symbol) [0x0x7ff712e77f9c]\nE       \t(No symbol) [0x0x7ff712ecba87]\nE       \t(No symbol) [0x0x7ff712ea03bf]\nE       \t(No symbol) [0x0x7ff712ec87fb]\nE       \t(No symbol) [0x0x7ff712ea0153]\nE       \t(No symbol) [0x0x7ff712e68b02]\nE       \t(No symbol) [0x0x7ff712e698d3]\nE       \tGetHandleVerifier [0x0x7ff71335e83d+2949837]\nE       \tGetHandleVerifier [0x0x7ff713358c6a+2926330]\nE       \tGetHandleVerifier [0x0x7ff7133786c7+3055959]\nE       \tGetHandleVerifier [0x0x7ff7130bcfee+191102]\nE       \tGetHandleVerifier [0x0x7ff7130c50af+224063]\nE       \tGetHandleVerifier [0x0x7ff7130aaf64+117236]\nE       \tGetHandleVerifier [0x0x7ff7130ab119+117673]\nE       \tGetHandleVerifier [0x0x7ff7130910a8+11064]\nE       \tBaseThreadInitThunk [0x0x7ffe77bfe8d7+23]\nE       \tRtlUserThreadStart [0x0x7ffe7972c53c+44]\n\n..\\..\\AppData\\Local\\Programs\\Python\\Python312\\Lib\\site-packages\\selenium\\webdriver\\support\\wait.py:105: TimeoutException"}, "steps": [{"name": "Click on Signup / Login", "status": "passed", "start": 1759993873020, "stop": 1759993874476}, {"name": "Enter Your Email 'rohitjuyal111@gmail.com'", "status": "passed", "parameters": [{"name": "email", "value": "'rohitjuyal111@gmail.com'"}], "start": 1759993874476, "stop": 1759993874628}, {"name": "Enter Your Email 'Rohitjuyal'", "status": "passed", "parameters": [{"name": "password", "value": "'Rohitjuyal'"}], "start": 1759993874628, "stop": 1759993874736}, {"name": "Click on Login Button", "status": "passed", "start": 1759993874736, "stop": 1759993874946}, {"name": "Click on the Product Button : ", "status": "passed", "start": 1759993876946, "stop": 1759993882695}, {"name": "Adding product on cart : ", "status": "passed", "start": 1759993882695, "stop": 1759993882867}, {"name": "View product on cart : ", "status": "passed", "start": 1759993892868, "stop": 1759993896410}, {"name": "Proceed to checkout : ", "status": "passed", "start": 1759993906412, "stop": 1759993906648}, {"name": "Compare Delivery address : ", "status": "broken", "statusDetails": {"message": "selenium.common.exceptions.TimeoutException: Message: \nStacktrace:\n\tGetHandleVerifier [0x0x7ff7130a1eb5+80197]\n\tGetHandleVerifier [0x0x7ff7130a1f10+80288]\n\t(No symbol) [0x0x7ff712e202fa]\n\t(No symbol) [0x0x7ff712e77cd7]\n\t(No symbol) [0x0x7ff712e77f9c]\n\t(No symbol) [0x0x7ff712ecba87]\n\t(No symbol) [0x0x7ff712ea03bf]\n\t(No symbol) [0x0x7ff712ec87fb]\n\t(No symbol) [0x0x7ff712ea0153]\n\t(No symbol) [0x0x7ff712e68b02]\n\t(No symbol) [0x0x7ff712e698d3]\n\tGetHandleVerifier [0x0x7ff71335e83d+2949837]\n\tGetHandleVerifier [0x0x7ff713358c6a+2926330]\n\tGetHandleVerifier [0x0x7ff7133786c7+3055959]\n\tGetHandleVerifier [0x0x7ff7130bcfee+191102]\n\tGetHandleVerifier [0x0x7ff7130c50af+224063]\n\tGetHandleVerifier [0x0x7ff7130aaf64+117236]\n\tGetHandleVerifier [0x0x7ff7130ab119+117673]\n\tGetHandleVerifier [0x0x7ff7130910a8+11064]\n\tBaseThreadInitThunk [0x0x7ffe77bfe8d7+23]\n\tRtlUserThreadStart [0x0x7ffe7972c53c+44]\n\n", "trace": "  File \"C:\\Users\\Sachin Kumar Tiwari\\AppData\\Local\\Programs\\Python\\Python312\\Lib\\site-packages\\allure_commons\\_allure.py\", line 202, in impl\n    return func(*a, **kw)\n           ^^^^^^^^^^^^^^\n  File \"C:\\Users\\Sachin Kumar Tiwari\\PycharmProjects\\E2E_Automation_Testing_for_e-commerce\\Page_POM\\Positive_POM\\all_product_in_cart.py\", line 33, in delivery_address\n    return safe_get_text(self.driver, Locators.b_address)\n           ^^^^^^^^^^^^^^^^^^^^^^^^^^^^^^^^^^^^^^^^^^^^^^\n  File \"C:\\Users\\Sachin Kumar Tiwari\\PycharmProjects\\E2E_Automation_Testing_for_e-commerce\\Utils\\selenium_helpers.py\", line 74, in safe_get_text\n    return WebDriverWait(driver, timeout).until(\n           ^^^^^^^^^^^^^^^^^^^^^^^^^^^^^^^^^^^^^\n  File \"C:\\Users\\Sachin Kumar Tiwari\\AppData\\Local\\Programs\\Python\\Python312\\Lib\\site-packages\\selenium\\webdriver\\support\\wait.py\", line 105, in until\n    raise TimeoutException(message, screen, stacktrace)\n"}, "start": 1759993906648, "stop": 1759993937141}], "start": 1759993861222, "stop": 1759993937260, "uuid": "72c2d4ff-7ddb-471c-b2e2-d43871adb0b2", "historyId": "5c2caa98dd85f7130446349e4286d657", "testCaseId": "5c2caa98dd85f7130446349e4286d657", "fullName": "Tests.Positive_Testing.test_add_product_in_cart#test_product_in_cart", "labels": [{"name": "tag", "value": "smoke"}, {"name": "parentSuite", "value": "Tests.Positive_Testing"}, {"name": "suite", "value": "test_add_product_in_cart"}, {"name": "host", "value": "MSI"}, {"name": "thread", "value": "31276-MainThread"}, {"name": "framework", "value": "pytest"}, {"name": "language", "value": "cpython3"}, {"name": "package", "value": "Tests.Positive_Testing.test_add_product_in_cart"}], "titlePath": ["Tests", "Positive_Testing", "test_add_product_in_cart.py"]}