{"name": "test_correct_email", "status": "broken", "statusDetails": {"message": "selenium.common.exceptions.TimeoutException: Message: \nStacktrace:\n\tGetHandleVerifier [0x0x7ff7b6da30f5+79493]\n\tGetHandleVerifier [0x0x7ff7b6da3150+79584]\n\t(No symbol) [0x0x7ff7b6b201ba]\n\t(No symbol) [0x0x7ff7b6b78067]\n\t(No symbol) [0x0x7ff7b6b7832c]\n\t(No symbol) [0x0x7ff7b6bcbe27]\n\t(No symbol) [0x0x7ff7b6ba074f]\n\t(No symbol) [0x0x7ff7b6bc8b8b]\n\t(No symbol) [0x0x7ff7b6ba04e3]\n\t(No symbol) [0x0x7ff7b6b68e92]\n\t(No symbol) [0x0x7ff7b6b69c63]\n\tGetHandleVerifier [0x0x7ff7b7060dbd+2954061]\n\tGetHandleVerifier [0x0x7ff7b705b02a+2930106]\n\tGetHandleVerifier [0x0x7ff7b707b357+3061991]\n\tGetHandleVerifier [0x0x7ff7b6dbd60e+187294]\n\tGetHandleVerifier [0x0x7ff7b6dc557f+219919]\n\tGetHandleVerifier [0x0x7ff7b6dac294+116772]\n\tGetHandleVerifier [0x0x7ff7b6dac449+117209]\n\tGetHandleVerifier [0x0x7ff7b6d92618+11176]\n\tBaseThreadInitThunk [0x0x7ffe6635e8d7+23]\n\tRtlUserThreadStart [0x0x7ffe67b48d9c+44]", "trace": "browserInstance = <selenium.webdriver.chrome.webdriver.WebDriver (session=\"d5d7b19a77b445395f97f2ad9e4ac069\")>\n\n    @pytest.mark.smoke\n    def test_correct_email(browserInstance):\n        browserInstance.get(\"https://automationexercise.com/\")\n    \n        browserInstance.maximize_window()\n        login_with_correct_email = Correct_email(browserInstance)\n        login_with_correct_email.login()\n        login_with_correct_email.Enter_email(user_data[\"email\"])\n        login_with_correct_email.Enter_password(user_data[\"password\"])\n        login_with_correct_email.submit_button()\n>       text = safe_get_text(browserInstance,Locators.error_message)\n\nTests\\test_login_with_correct_email.py:27: \n_ _ _ _ _ _ _ _ _ _ _ _ _ _ _ _ _ _ _ _ _ _ _ _ _ _ _ _ _ _ _ _ _ _ _ _ _ _ _ _ _ _ _ _ _ _ _ _ _ _ _ _ _ _ _ _ _ _ _ _ _ _ _ _ _ _ _ _ _ _ _ _ _ _ _ _ _ _ _ _ _ _ _ _ _ _ _ _ _ _ _ _ _ _ _\nUtils\\selenium_helpers.py:47: in safe_get_text\n    return WebDriverWait(driver, timeout).until(\n_ _ _ _ _ _ _ _ _ _ _ _ _ _ _ _ _ _ _ _ _ _ _ _ _ _ _ _ _ _ _ _ _ _ _ _ _ _ _ _ _ _ _ _ _ _ _ _ _ _ _ _ _ _ _ _ _ _ _ _ _ _ _ _ _ _ _ _ _ _ _ _ _ _ _ _ _ _ _ _ _ _ _ _ _ _ _ _ _ _ _ _ _ _ _\n\nself = <selenium.webdriver.support.wait.WebDriverWait (session=\"d5d7b19a77b445395f97f2ad9e4ac069\")>, method = <function presence_of_element_located.<locals>._predicate at 0x0000022BFFD82C00>\nmessage = ''\n\n    def until(self, method: Callable[[D], Union[Literal[False], T]], message: str = \"\") -> T:\n        \"\"\"Calls the method provided with the driver as an argument until the \\\n        return value does not evaluate to ``False``.\n    \n        :param method: callable(WebDriver)\n        :param message: optional message for :exc:`TimeoutException`\n        :returns: the result of the last call to `method`\n        :raises: :exc:`selenium.common.exceptions.TimeoutException` if timeout occurs\n        \"\"\"\n        screen = None\n        stacktrace = None\n    \n        end_time = time.monotonic() + self._timeout\n        while True:\n            try:\n                value = method(self._driver)\n                if value:\n                    return value\n            except self._ignored_exceptions as exc:\n                screen = getattr(exc, \"screen\", None)\n                stacktrace = getattr(exc, \"stacktrace\", None)\n            time.sleep(self._poll)\n            if time.monotonic() > end_time:\n                break\n>       raise TimeoutException(message, screen, stacktrace)\nE       selenium.common.exceptions.TimeoutException: Message: \nE       Stacktrace:\nE       \tGetHandleVerifier [0x0x7ff7b6da30f5+79493]\nE       \tGetHandleVerifier [0x0x7ff7b6da3150+79584]\nE       \t(No symbol) [0x0x7ff7b6b201ba]\nE       \t(No symbol) [0x0x7ff7b6b78067]\nE       \t(No symbol) [0x0x7ff7b6b7832c]\nE       \t(No symbol) [0x0x7ff7b6bcbe27]\nE       \t(No symbol) [0x0x7ff7b6ba074f]\nE       \t(No symbol) [0x0x7ff7b6bc8b8b]\nE       \t(No symbol) [0x0x7ff7b6ba04e3]\nE       \t(No symbol) [0x0x7ff7b6b68e92]\nE       \t(No symbol) [0x0x7ff7b6b69c63]\nE       \tGetHandleVerifier [0x0x7ff7b7060dbd+2954061]\nE       \tGetHandleVerifier [0x0x7ff7b705b02a+2930106]\nE       \tGetHandleVerifier [0x0x7ff7b707b357+3061991]\nE       \tGetHandleVerifier [0x0x7ff7b6dbd60e+187294]\nE       \tGetHandleVerifier [0x0x7ff7b6dc557f+219919]\nE       \tGetHandleVerifier [0x0x7ff7b6dac294+116772]\nE       \tGetHandleVerifier [0x0x7ff7b6dac449+117209]\nE       \tGetHandleVerifier [0x0x7ff7b6d92618+11176]\nE       \tBaseThreadInitThunk [0x0x7ffe6635e8d7+23]\nE       \tRtlUserThreadStart [0x0x7ffe67b48d9c+44]\n\n..\\..\\AppData\\Local\\Programs\\Python\\Python312\\Lib\\site-packages\\selenium\\webdriver\\support\\wait.py:105: TimeoutException"}, "steps": [{"name": "Click on Signup / Login", "status": "passed", "start": 1758399082016, "stop": 1758399082973}, {"name": "Enter Your Email 'rohitjuyal111@gmail.com'", "status": "passed", "parameters": [{"name": "email", "value": "'rohitjuyal111@gmail.com'"}], "start": 1758399082973, "stop": 1758399083176}, {"name": "Enter Your Email 'Rohitjuyal'", "status": "passed", "parameters": [{"name": "password", "value": "'Rohitjuyal'"}], "start": 1758399083177, "stop": 1758399083281}, {"name": "Click on Login Button", "status": "passed", "start": 1758399083281, "stop": 1758399087563}], "start": 1758399076554, "stop": 1758399120951, "uuid": "a64bdc4c-19cb-405d-9c93-cfa2ee3886e1", "historyId": "ab235c4b9317e9a7fdfbd5b87e47a98e", "testCaseId": "ab235c4b9317e9a7fdfbd5b87e47a98e", "fullName": "Tests.test_login_with_correct_email#test_correct_email", "labels": [{"name": "tag", "value": "smoke"}, {"name": "parentSuite", "value": "Tests"}, {"name": "suite", "value": "test_login_with_correct_email"}, {"name": "host", "value": "MSI"}, {"name": "thread", "value": "24092-MainThread"}, {"name": "framework", "value": "pytest"}, {"name": "language", "value": "cpython3"}, {"name": "package", "value": "Tests.test_login_with_correct_email"}], "titlePath": ["Tests", "test_login_with_correct_email.py"]}