{"name": "Verify Delivery and Billing Addresses after Adding Product to Cart", "status": "broken", "statusDetails": {"message": "Exception: safe_click failed after 3 attempts for xpath: (//a[@data-product-id='1'])[1]", "trace": "browserInstance = <selenium.webdriver.chrome.webdriver.WebDriver (session=\"f4057f708794c6470954bb83a31c45db\")>\n\n    @pytest.mark.smoke\n    @allure.title(\"Verify Delivery and Billing Addresses after Adding Product to Cart\")\n    @allure.description(\"Checks that delivery and billing addresses match each other and expected user data.\")\n    @pytest.mark.smoke\n    def test_product_in_cart(browserInstance):\n        driver = browserInstance\n        driver.get(\"https://automationexercise.com/\")\n        driver.maximize_window()\n    \n        login_user = Correct_email(driver)\n        login_user.login()\n        login_user.Enter_email(user_data[\"email\"])\n        login_user.Enter_password(user_data[\"password\"])\n        login_user.submit_button()\n    \n        add_to_cart = all_product_in_cart(driver)\n        add_to_cart.click_on_product()\n>       add_to_cart.add_product_on_cart()\n\nTests\\Positive_Testing\\test_add_product_in_cart.py:42: \n_ _ _ _ _ _ _ _ _ _ _ _ _ _ _ _ _ _ _ _ _ _ _ _ _ _ _ _ _ _ _ _ _ _ _ _ _ _ _ _ _ _ _ _ _ _ _ _ _ _ _ _ _ _ _ _ _ _ _ _ _ _ _ _ _ _ _ _ _ _ _ _ _ _ _ _ _ _ _ _ _ _ _ _ _ _ _ _ _ _ _ _ _ _ _\nPage_POM\\Positive_POM\\all_product_in_cart.py:17: in add_product_on_cart\n    safe_click(self.driver, Locators.add_first_product)\n_ _ _ _ _ _ _ _ _ _ _ _ _ _ _ _ _ _ _ _ _ _ _ _ _ _ _ _ _ _ _ _ _ _ _ _ _ _ _ _ _ _ _ _ _ _ _ _ _ _ _ _ _ _ _ _ _ _ _ _ _ _ _ _ _ _ _ _ _ _ _ _ _ _ _ _ _ _ _ _ _ _ _ _ _ _ _ _ _ _ _ _ _ _ _\n\ndriver = <selenium.webdriver.chrome.webdriver.WebDriver (session=\"f4057f708794c6470954bb83a31c45db\")>, xpath = \"(//a[@data-product-id='1'])[1]\", timeout = 30, retries = 3\n\n    def safe_click(driver, xpath, timeout=30, retries=3):\n        for attempt in range(retries):\n            try:\n                element = WebDriverWait(driver, timeout).until(\n                    EC.element_to_be_clickable((By.XPATH, xpath))\n                )\n    \n                # Scroll element into view before clicking\n                driver.execute_script(\"arguments[0].scrollIntoView({block: 'center'});\", element)\n    \n                element.click()\n                return  # success â†’ exit function\n    \n            except StaleElementReferenceException:\n                print(f\"[Retry {attempt+1}] Stale element, retrying...\")\n                time.sleep(2)\n    \n            except ElementClickInterceptedException:\n                print(f\"[Retry {attempt+1}] Click intercepted, trying to remove ad iframe...\")\n                try:\n                    ad_iframe = driver.find_element(By.CSS_SELECTOR, \"iframe[id^='aswift']\")\n                    driver.execute_script(\"arguments[0].remove();\", ad_iframe)\n                    print(\"Ad iframe removed.\")\n                except:\n                    print(\"No ad iframe found to remove.\")\n                time.sleep(2)\n    \n            except TimeoutException:\n                print(\"Timeout waiting for element to be clickable.\")\n                break\n    \n>       raise Exception(f\"safe_click failed after {retries} attempts for xpath: {xpath}\")\nE       Exception: safe_click failed after 3 attempts for xpath: (//a[@data-product-id='1'])[1]\n\nUtils\\selenium_helpers.py:66: Exception"}, "description": "Checks that delivery and billing addresses match each other and expected user data.", "steps": [{"name": "Click on Signup / Login", "status": "passed", "start": 1760345529845, "stop": 1760345532641}, {"name": "Enter Your Email 'rohitjuyal111@gmail.com'", "status": "passed", "parameters": [{"name": "email", "value": "'rohitjuyal111@gmail.com'"}], "start": 1760345532641, "stop": 1760345532773}, {"name": "Enter Your Email 'Rohitjuyal'", "status": "passed", "parameters": [{"name": "password", "value": "'Rohitjuyal'"}], "start": 1760345532773, "stop": 1760345533025}, {"name": "Click on Login Button", "status": "passed", "start": 1760345533025, "stop": 1760345540540}, {"name": "Click on the Product Button : ", "status": "passed", "start": 1760345540540, "stop": 1760345545301}, {"name": "Adding product on cart : ", "status": "broken", "statusDetails": {"message": "Exception: safe_click failed after 3 attempts for xpath: (//a[@data-product-id='1'])[1]\n", "trace": "  File \"C:\\Users\\Sachin Kumar Tiwari\\AppData\\Local\\Programs\\Python\\Python312\\Lib\\site-packages\\allure_commons\\_allure.py\", line 202, in impl\n    return func(*a, **kw)\n           ^^^^^^^^^^^^^^\n  File \"C:\\Users\\Sachin Kumar Tiwari\\PycharmProjects\\E2E_Automation_Testing_for_e-commerce\\Page_POM\\Positive_POM\\all_product_in_cart.py\", line 17, in add_product_on_cart\n    safe_click(self.driver, Locators.add_first_product)\n  File \"C:\\Users\\Sachin Kumar Tiwari\\PycharmProjects\\E2E_Automation_Testing_for_e-commerce\\Utils\\selenium_helpers.py\", line 66, in safe_click\n    raise Exception(f\"safe_click failed after {retries} attempts for xpath: {xpath}\")\n"}, "start": 1760345545301, "stop": 1760345555385}], "attachments": [{"name": "stdout", "source": "a5a98f4f-d4a6-44f2-8b16-5dcb1ce49e29-attachment.txt", "type": "text/plain"}], "start": 1760345524078, "stop": 1760345555499, "uuid": "ae4c6d8f-3089-41cf-9a8d-468e8b775763", "historyId": "5c2caa98dd85f7130446349e4286d657", "testCaseId": "5c2caa98dd85f7130446349e4286d657", "fullName": "Tests.Positive_Testing.test_add_product_in_cart#test_product_in_cart", "labels": [{"name": "tag", "value": "smoke"}, {"name": "tag", "value": "smoke"}, {"name": "parentSuite", "value": "Tests.Positive_Testing"}, {"name": "suite", "value": "test_add_product_in_cart"}, {"name": "host", "value": "MSI"}, {"name": "thread", "value": "5240-MainThread"}, {"name": "framework", "value": "pytest"}, {"name": "language", "value": "cpython3"}, {"name": "package", "value": "Tests.Positive_Testing.test_add_product_in_cart"}], "titlePath": ["Tests", "Positive_Testing", "test_add_product_in_cart.py"]}