{"name": "test_post_of_all_product_lists", "status": "failed", "statusDetails": {"message": "AssertionError: Expected 400, got 200\nassert 200 == 405\n +  where 200 = <Response [200]>.status_code", "trace": "@pytest.mark.smoke\n    def test_post_of_all_product_lists():\n    \n        response = PostToAllProduct.post_to_all_product_list(payload = None,params= None)\n        print(\"Response Status \",response.status_code)\n        print(\"Response body\",response.text)\n>       assert response.status_code == 405, f\"Expected 400, got {response.status_code}\"\nE       AssertionError: Expected 400, got 200\nE       assert 200 == 405\nE        +  where 200 = <Response [200]>.status_code\n\nTests\\API_Testing\\POST_TESTING\\test_post_to_all_products_list.py:14: AssertionError"}, "attachments": [{"name": "stdout", "source": "ac82e913-f4ce-4cdf-a875-e771255069b8-attachment.txt", "type": "text/plain"}], "start": 1761212837115, "stop": 1761212838669, "uuid": "af88c1d2-0bb3-4838-a784-23fefd0e8bf7", "historyId": "32f53f232e2690d3ae55f8fd8f5f3ff1", "testCaseId": "32f53f232e2690d3ae55f8fd8f5f3ff1", "fullName": "Tests.API_Testing.POST_TESTING.test_post_to_all_products_list#test_post_of_all_product_lists", "labels": [{"name": "tag", "value": "smoke"}, {"name": "parentSuite", "value": "Tests.API_Testing.POST_TESTING"}, {"name": "suite", "value": "test_post_to_all_products_list"}, {"name": "host", "value": "MSI"}, {"name": "thread", "value": "14836-MainThread"}, {"name": "framework", "value": "pytest"}, {"name": "language", "value": "cpython3"}, {"name": "package", "value": "Tests.API_Testing.POST_TESTING.test_post_to_all_products_list"}], "titlePath": ["Tests", "API_Testing", "POST_TESTING", "test_post_to_all_products_list.py"]}