{"name": "test_order_complete", "status": "broken", "statusDetails": {"message": "Exception: safe_click failed after 3 attempts for xpath: //a[@href='/payment']", "trace": "browserInstance = <selenium.webdriver.chrome.webdriver.WebDriver (session=\"8e845007dec4720fd882e4bec283f4c4\")>\n\n    @pytest.mark.smoke\n    def test_order_complete(browserInstance):\n        driver = browserInstance\n        browserInstance.get(\"https://automationexercise.com/\")\n        browserInstance.maximize_window()\n        login_user = Correct_email(browserInstance)\n        login_user.login()\n        login_user.Enter_email(user_data[\"email\"])\n        login_user.Enter_password(user_data[\"password\"])\n        login_user.submit_button()\n        time.sleep(2)\n        add_product_in_your_cart = all_product_in_cart(browserInstance)\n        add_product_in_your_cart.click_on_product()\n        add_product_in_your_cart.add_product_on_cart()\n        add_product_in_your_cart.view_cart()\n        add_product_in_your_cart.proceed_to_check_out()\n        add_product_in_your_cart.delivery_address()\n        complete_order = download_invoice(browserInstance)\n        First_product = complete_order.first_product()\n        Second_product = complete_order.second_product()\n        Total_price_on_web = complete_order.total_price()\n        Total_Price = First_product + Second_product\n        print(Total_Price)\n        time.sleep(30)\n        # assert Total_price_on_web == Total_Price\n        complete_order.enter_message(user_data[\"comment\"])\n        complete_order.place_order()\n        complete_order.card_first_name(user_data[\"name\"])\n        complete_order.card_second_name(user_data[\"last_name\"])\n        complete_order.card_number(user_data[\"card_number\"])\n        complete_order.card_csv(user_data[\"csv\"])\n        complete_order.expire_month(user_data[\"expire_month\"])\n        complete_order.expire_year(user_data[\"expire_year\"])\n>       complete_order.place_order()\n\nTests\\Positive_Testing\\test_Download_Invoice_after_purchase_order.py:49: \n_ _ _ _ _ _ _ _ _ _ _ _ _ _ _ _ _ _ _ _ _ _ _ _ _ _ _ _ _ _ _ _ _ _ _ _ _ _ _ _ _ _ _ _ _ _ _ _ _ _ _ _ _ _ _ _ _ _ _ _ _ _ _ _ _ _ _ _ _ _ _ _ _ _ _ _ _ _ _ _ _ _ _ _ _ _ _ _ _ _ _ _ _ _ _\nPage_POM\\Positive_POM\\Download_Invoice_after_purchase_order.py:23: in place_order\n    safe_click(self.driver,Locators.place_order)\n_ _ _ _ _ _ _ _ _ _ _ _ _ _ _ _ _ _ _ _ _ _ _ _ _ _ _ _ _ _ _ _ _ _ _ _ _ _ _ _ _ _ _ _ _ _ _ _ _ _ _ _ _ _ _ _ _ _ _ _ _ _ _ _ _ _ _ _ _ _ _ _ _ _ _ _ _ _ _ _ _ _ _ _ _ _ _ _ _ _ _ _ _ _ _\n\ndriver = <selenium.webdriver.chrome.webdriver.WebDriver (session=\"8e845007dec4720fd882e4bec283f4c4\")>, xpath = \"//a[@href='/payment']\", timeout = 30, retries = 3\n\n    def safe_click(driver, xpath, timeout=30, retries=3):\n        for attempt in range(retries):\n            try:\n                element = WebDriverWait(driver, timeout).until(\n                    EC.element_to_be_clickable((By.XPATH, xpath))\n                )\n    \n                # Scroll element into view before clicking\n                driver.execute_script(\"arguments[0].scrollIntoView({block: 'center'});\", element)\n    \n                element.click()\n                return  # success â†’ exit function\n    \n            except StaleElementReferenceException:\n                print(f\"[Retry {attempt+1}] Stale element, retrying...\")\n                time.sleep(2)\n    \n            except ElementClickInterceptedException:\n                print(f\"[Retry {attempt+1}] Click intercepted, trying to remove ad iframe...\")\n                try:\n                    ad_iframe = driver.find_element(By.CSS_SELECTOR, \"iframe[id^='aswift']\")\n                    driver.execute_script(\"arguments[0].remove();\", ad_iframe)\n                    print(\"Ad iframe removed.\")\n                except:\n                    print(\"No ad iframe found to remove.\")\n                time.sleep(2)\n    \n            except TimeoutException:\n                print(\"Timeout waiting for element to be clickable.\")\n                break\n    \n>       raise Exception(f\"safe_click failed after {retries} attempts for xpath: {xpath}\")\nE       Exception: safe_click failed after 3 attempts for xpath: //a[@href='/payment']\n\nUtils\\selenium_helpers.py:66: Exception"}, "steps": [{"name": "Click on Signup / Login", "status": "passed", "start": 1761893565266, "stop": 1761893566762}, {"name": "Enter Your Email 'rohitjuyal111@gmail.com'", "status": "passed", "parameters": [{"name": "email", "value": "'rohitjuyal111@gmail.com'"}], "start": 1761893566763, "stop": 1761893567035}, {"name": "Enter Your Email 'Rohitjuyal'", "status": "passed", "parameters": [{"name": "password", "value": "'Rohitjuyal'"}], "start": 1761893567035, "stop": 1761893567106}, {"name": "Click on Login Button", "status": "passed", "start": 1761893567107, "stop": 1761893571004}, {"name": "Click on the Product Button : ", "status": "passed", "start": 1761893573006, "stop": 1761893597104}, {"name": "Adding product on cart : ", "status": "passed", "start": 1761893597105, "stop": 1761893597251}, {"name": "View product on cart : ", "status": "passed", "start": 1761893597251, "stop": 1761893600416}, {"name": "Proceed to checkout : ", "status": "passed", "start": 1761893600416, "stop": 1761893602554}, {"name": "Your Delivery address : ", "status": "passed", "start": 1761893602554, "stop": 1761893602646}, {"name": "Scrap the first product price", "status": "passed", "start": 1761893602646, "stop": 1761893602743}, {"name": " Scrap the Second product price : ", "status": "passed", "start": 1761893602744, "stop": 1761893602815}, {"name": " Total price : ", "status": "passed", "start": 1761893602816, "stop": 1761893602898}, {"name": "You may input message to the delivery partner ' Kindly deliver the product on time' : ", "status": "passed", "parameters": [{"name": "user_comment", "value": "' Kindly deliver the product on time'"}], "start": 1761893632900, "stop": 1761893633203}, {"name": "Place order : ", "status": "passed", "start": 1761893633203, "stop": 1761893634841}, {"name": "Card Name 'Rohit' : ", "status": "passed", "parameters": [{"name": "name", "value": "'Rohit'"}], "start": 1761893634841, "stop": 1761893635111}, {"name": "Card Name 'Juyal' : ", "status": "passed", "parameters": [{"name": "last_name", "value": "'Juyal'"}], "start": 1761893635111, "stop": 1761893635255}, {"name": "card number : '4315-1820-2310-5250'", "status": "passed", "parameters": [{"name": "card_number", "value": "'4315-1820-2310-5250'"}], "start": 1761893635255, "stop": 1761893635421}, {"name": "Enter csv number '234' : ", "status": "passed", "parameters": [{"name": "csv", "value": "'234'"}], "start": 1761893635421, "stop": 1761893635625}, {"name": "Enter Card expire month '08' ", "status": "passed", "parameters": [{"name": "expire_month", "value": "'08'"}], "start": 1761893635626, "stop": 1761893635792}, {"name": " Enter Card expire year '2030' ", "status": "passed", "parameters": [{"name": "expire_year", "value": "'2030'"}], "start": 1761893635792, "stop": 1761893635864}, {"name": "Place order : ", "status": "broken", "statusDetails": {"message": "Exception: safe_click failed after 3 attempts for xpath: //a[@href='/payment']\n", "trace": "  File \"C:\\Users\\Sachin Kumar Tiwari\\AppData\\Local\\Programs\\Python\\Python312\\Lib\\site-packages\\allure_commons\\_allure.py\", line 202, in impl\n    return func(*a, **kw)\n           ^^^^^^^^^^^^^^\n  File \"C:\\Users\\Sachin Kumar Tiwari\\PycharmProjects\\E2E_Automation_Testing_for_e-commerce\\Page_POM\\Positive_POM\\Download_Invoice_after_purchase_order.py\", line 23, in place_order\n    safe_click(self.driver,Locators.place_order)\n  File \"C:\\Users\\Sachin Kumar Tiwari\\PycharmProjects\\E2E_Automation_Testing_for_e-commerce\\Utils\\selenium_helpers.py\", line 66, in safe_click\n    raise Exception(f\"safe_click failed after {retries} attempts for xpath: {xpath}\")\n"}, "start": 1761893635865, "stop": 1761893665953}], "attachments": [{"name": "stdout", "source": "0c9a60bd-a572-4d22-8421-e3f8e7b7172a-attachment.txt", "type": "text/plain"}], "start": 1761893561565, "stop": 1761893665962, "uuid": "3711ba21-7539-4858-b066-21cec6e1893e", "historyId": "72fe242efa5ec5d8cdd0d726bfb3d99d", "testCaseId": "72fe242efa5ec5d8cdd0d726bfb3d99d", "fullName": "Tests.Positive_Testing.test_Download_Invoice_after_purchase_order#test_order_complete", "labels": [{"name": "tag", "value": "smoke"}, {"name": "parentSuite", "value": "Tests.Positive_Testing"}, {"name": "suite", "value": "test_Download_Invoice_after_purchase_order"}, {"name": "host", "value": "MSI"}, {"name": "thread", "value": "13328-MainThread"}, {"name": "framework", "value": "pytest"}, {"name": "language", "value": "cpython3"}, {"name": "package", "value": "Tests.Positive_Testing.test_Download_Invoice_after_purchase_order"}], "titlePath": ["Tests", "Positive_Testing", "test_Download_Invoice_after_purchase_order.py"]}