{"name": "test_register", "status": "broken", "statusDetails": {"message": "selenium.common.exceptions.ElementClickInterceptedException: Message: element click intercepted: Element <input type=\"checkbox\" name=\"optin\" id=\"optin\" value=\"1\"> is not clickable at point (295, 586). Other element would receive the click: <label for=\"first_name\">...</label>\n  (Session info: chrome=140.0.7339.128)\nStacktrace:\n\tGetHandleVerifier [0x0x7ff7b6da30f5+79493]\n\tGetHandleVerifier [0x0x7ff7b6da3150+79584]\n\t(No symbol) [0x0x7ff7b6b201ba]\n\t(No symbol) [0x0x7ff7b6b801f9]\n\t(No symbol) [0x0x7ff7b6b7db7e]\n\t(No symbol) [0x0x7ff7b6b7aac1]\n\t(No symbol) [0x0x7ff7b6b799b0]\n\t(No symbol) [0x0x7ff7b6b6af58]\n\t(No symbol) [0x0x7ff7b6ba070a]\n\t(No symbol) [0x0x7ff7b6b6a7e6]\n\t(No symbol) [0x0x7ff7b6ba0920]\n\t(No symbol) [0x0x7ff7b6bc8b8b]\n\t(No symbol) [0x0x7ff7b6ba04e3]\n\t(No symbol) [0x0x7ff7b6b68e92]\n\t(No symbol) [0x0x7ff7b6b69c63]\n\tGetHandleVerifier [0x0x7ff7b7060dbd+2954061]\n\tGetHandleVerifier [0x0x7ff7b705b02a+2930106]\n\tGetHandleVerifier [0x0x7ff7b707b357+3061991]\n\tGetHandleVerifier [0x0x7ff7b6dbd60e+187294]\n\tGetHandleVerifier [0x0x7ff7b6dc557f+219919]\n\tGetHandleVerifier [0x0x7ff7b6dac294+116772]\n\tGetHandleVerifier [0x0x7ff7b6dac449+117209]\n\tGetHandleVerifier [0x0x7ff7b6d92618+11176]\n\tBaseThreadInitThunk [0x0x7ffe6635e8d7+23]\n\tRtlUserThreadStart [0x0x7ffe67b48d9c+44]", "trace": "browserInstance = <selenium.webdriver.chrome.webdriver.WebDriver (session=\"214bc5946ef80204238aaf4abdf8d526\")>\n\n    @pytest.mark.smoke\n    def test_register(browserInstance):\n        driver = browserInstance\n        browserInstance.get(\"https://automationexercise.com/\")\n    \n        browserInstance.maximize_window()\n        registration= register(browserInstance)\n        registration.Click_on_Signup_Login()\n    \n        registration.sign_up_first_name(user_data[\"name\"])\n        registration.sign_up_last_name(user_data[\"last_name\"])\n        registration.sign_up_email(user_data[\"email\"])\n        registration.sign_up_button_click()\n    \n        registration.select_title()\n        registration.enter_password(user_data[\"password\"])\n    \n    \n        registration.select_day(user_data[\"day\"])\n        registration.select_month(user_data[\"month\"])\n        registration.select_year(user_data[\"year\"])\n    \n        registration.select_sign_up()\n>       registration.select_receive_special_offer()\n\nTests\\test_Register_User.py:40: \n_ _ _ _ _ _ _ _ _ _ _ _ _ _ _ _ _ _ _ _ _ _ _ _ _ _ _ _ _ _ _ _ _ _ _ _ _ _ _ _ _ _ _ _ _ _ _ _ _ _ _ _ _ _ _ _ _ _ _ _ _ _ _ _ _ _ _ _ _ _ _ _ _ _ _ _ _ _ _ _ _ _ _ _ _ _ _ _ _ _ _ _ _ _ _\nPage_POM\\Register_User.py:56: in select_receive_special_offer\n    safe_click(self.driver,Locators.checkbox_2)\nUtils\\selenium_helpers.py:36: in safe_click\n    ).click()\n..\\..\\AppData\\Local\\Programs\\Python\\Python312\\Lib\\site-packages\\selenium\\webdriver\\remote\\webelement.py:94: in click\n    self._execute(Command.CLICK_ELEMENT)\n..\\..\\AppData\\Local\\Programs\\Python\\Python312\\Lib\\site-packages\\selenium\\webdriver\\remote\\webelement.py:395: in _execute\n    return self._parent.execute(command, params)\n..\\..\\AppData\\Local\\Programs\\Python\\Python312\\Lib\\site-packages\\selenium\\webdriver\\remote\\webdriver.py:354: in execute\n    self.error_handler.check_response(response)\n_ _ _ _ _ _ _ _ _ _ _ _ _ _ _ _ _ _ _ _ _ _ _ _ _ _ _ _ _ _ _ _ _ _ _ _ _ _ _ _ _ _ _ _ _ _ _ _ _ _ _ _ _ _ _ _ _ _ _ _ _ _ _ _ _ _ _ _ _ _ _ _ _ _ _ _ _ _ _ _ _ _ _ _ _ _ _ _ _ _ _ _ _ _ _\n\nself = <selenium.webdriver.remote.errorhandler.ErrorHandler object at 0x0000026F50070680>\nresponse = {'status': 400, 'value': '{\"value\":{\"error\":\"element click intercepted\",\"message\":\"element click intercepted: Element ...ff7b6d92618+11176]\\\\n\\\\tBaseThreadInitThunk [0x0x7ffe6635e8d7+23]\\\\n\\\\tRtlUserThreadStart [0x0x7ffe67b48d9c+44]\\\\n\"}}'}\n\n    def check_response(self, response: Dict[str, Any]) -> None:\n        \"\"\"Checks that a JSON response from the WebDriver does not have an\n        error.\n    \n        :Args:\n         - response - The JSON response from the WebDriver server as a dictionary\n           object.\n    \n        :Raises: If the response contains an error message.\n        \"\"\"\n        status = response.get(\"status\", None)\n        if not status or status == ErrorCode.SUCCESS:\n            return\n        value = None\n        message = response.get(\"message\", \"\")\n        screen: str = response.get(\"screen\", \"\")\n        stacktrace = None\n        if isinstance(status, int):\n            value_json = response.get(\"value\", None)\n            if value_json and isinstance(value_json, str):\n                import json\n    \n                try:\n                    value = json.loads(value_json)\n                    if len(value) == 1:\n                        value = value[\"value\"]\n                    status = value.get(\"error\", None)\n                    if not status:\n                        status = value.get(\"status\", ErrorCode.UNKNOWN_ERROR)\n                        message = value.get(\"value\") or value.get(\"message\")\n                        if not isinstance(message, str):\n                            value = message\n                            message = message.get(\"message\")\n                    else:\n                        message = value.get(\"message\", None)\n                except ValueError:\n                    pass\n    \n        exception_class: Type[WebDriverException]\n        e = ErrorCode()\n        error_codes = [item for item in dir(e) if not item.startswith(\"__\")]\n        for error_code in error_codes:\n            error_info = getattr(ErrorCode, error_code)\n            if isinstance(error_info, list) and status in error_info:\n                exception_class = getattr(ExceptionMapping, error_code, WebDriverException)\n                break\n        else:\n            exception_class = WebDriverException\n    \n        if not value:\n            value = response[\"value\"]\n        if isinstance(value, str):\n            raise exception_class(value)\n        if message == \"\" and \"message\" in value:\n            message = value[\"message\"]\n    \n        screen = None  # type: ignore[assignment]\n        if \"screen\" in value:\n            screen = value[\"screen\"]\n    \n        stacktrace = None\n        st_value = value.get(\"stackTrace\") or value.get(\"stacktrace\")\n        if st_value:\n            if isinstance(st_value, str):\n                stacktrace = st_value.split(\"\\n\")\n            else:\n                stacktrace = []\n                try:\n                    for frame in st_value:\n                        line = frame.get(\"lineNumber\", \"\")\n                        file = frame.get(\"fileName\", \"<anonymous>\")\n                        if line:\n                            file = f\"{file}:{line}\"\n                        meth = frame.get(\"methodName\", \"<anonymous>\")\n                        if \"className\" in frame:\n                            meth = f\"{frame['className']}.{meth}\"\n                        msg = \"    at %s (%s)\"\n                        msg = msg % (meth, file)\n                        stacktrace.append(msg)\n                except TypeError:\n                    pass\n        if exception_class == UnexpectedAlertPresentException:\n            alert_text = None\n            if \"data\" in value:\n                alert_text = value[\"data\"].get(\"text\")\n            elif \"alert\" in value:\n                alert_text = value[\"alert\"].get(\"text\")\n            raise exception_class(message, screen, stacktrace, alert_text)  # type: ignore[call-arg]  # mypy is not smart enough here\n>       raise exception_class(message, screen, stacktrace)\nE       selenium.common.exceptions.ElementClickInterceptedException: Message: element click intercepted: Element <input type=\"checkbox\" name=\"optin\" id=\"optin\" value=\"1\"> is not clickable at point (295, 586). Other element would receive the click: <label for=\"first_name\">...</label>\nE         (Session info: chrome=140.0.7339.128)\nE       Stacktrace:\nE       \tGetHandleVerifier [0x0x7ff7b6da30f5+79493]\nE       \tGetHandleVerifier [0x0x7ff7b6da3150+79584]\nE       \t(No symbol) [0x0x7ff7b6b201ba]\nE       \t(No symbol) [0x0x7ff7b6b801f9]\nE       \t(No symbol) [0x0x7ff7b6b7db7e]\nE       \t(No symbol) [0x0x7ff7b6b7aac1]\nE       \t(No symbol) [0x0x7ff7b6b799b0]\nE       \t(No symbol) [0x0x7ff7b6b6af58]\nE       \t(No symbol) [0x0x7ff7b6ba070a]\nE       \t(No symbol) [0x0x7ff7b6b6a7e6]\nE       \t(No symbol) [0x0x7ff7b6ba0920]\nE       \t(No symbol) [0x0x7ff7b6bc8b8b]\nE       \t(No symbol) [0x0x7ff7b6ba04e3]\nE       \t(No symbol) [0x0x7ff7b6b68e92]\nE       \t(No symbol) [0x0x7ff7b6b69c63]\nE       \tGetHandleVerifier [0x0x7ff7b7060dbd+2954061]\nE       \tGetHandleVerifier [0x0x7ff7b705b02a+2930106]\nE       \tGetHandleVerifier [0x0x7ff7b707b357+3061991]\nE       \tGetHandleVerifier [0x0x7ff7b6dbd60e+187294]\nE       \tGetHandleVerifier [0x0x7ff7b6dc557f+219919]\nE       \tGetHandleVerifier [0x0x7ff7b6dac294+116772]\nE       \tGetHandleVerifier [0x0x7ff7b6dac449+117209]\nE       \tGetHandleVerifier [0x0x7ff7b6d92618+11176]\nE       \tBaseThreadInitThunk [0x0x7ffe6635e8d7+23]\nE       \tRtlUserThreadStart [0x0x7ffe67b48d9c+44]\n\n..\\..\\AppData\\Local\\Programs\\Python\\Python312\\Lib\\site-packages\\selenium\\webdriver\\remote\\errorhandler.py:229: ElementClickInterceptedException"}, "steps": [{"name": "Click on Signup / Login", "status": "passed", "start": 1758397427278, "stop": 1758397428094}, {"name": "Enter First Name 'Rohit ' ", "status": "passed", "parameters": [{"name": "name", "value": "'Rohit '"}], "start": 1758397428095, "stop": 1758397428148}, {"name": "Enter Last Name :'Juyal' ", "status": "passed", "parameters": [{"name": "last_name", "value": "'Juyal'"}], "start": 1758397428148, "stop": 1758397428186}, {"name": "Enter Email for SignUp :'garg3125@gmail.com' ", "status": "passed", "parameters": [{"name": "email", "value": "'garg3125@gmail.com'"}], "start": 1758397428186, "stop": 1758397428338}, {"name": "Click On Sign Up Button ", "status": "passed", "start": 1758397428338, "stop": 1758397429282}, {"name": "Click On Sign Up Button ", "status": "passed", "start": 1758397429282, "stop": 1758397429534}, {"name": "Enter Password 'Rohitjuyal' ", "status": "passed", "parameters": [{"name": "password", "value": "'Rohitjuyal'"}], "start": 1758397429535, "stop": 1758397429753}, {"name": "Select Day '29' ", "status": "passed", "parameters": [{"name": "day", "value": "'29'"}], "start": 1758397429753, "stop": 1758397430140}, {"name": "Select Day 'August' ", "status": "passed", "parameters": [{"name": "month", "value": "'August'"}], "start": 1758397430140, "stop": 1758397430288}, {"name": "Select Day '2000' ", "status": "passed", "parameters": [{"name": "year", "value": "'2000'"}], "start": 1758397430288, "stop": 1758397431143}, {"name": "Select Sign up for our newsletter! ", "status": "passed", "start": 1758397431144, "stop": 1758397431340}, {"name": "Receive special offers from our partners!", "status": "broken", "statusDetails": {"message": "selenium.common.exceptions.ElementClickInterceptedException: Message: element click intercepted: Element <input type=\"checkbox\" name=\"optin\" id=\"optin\" value=\"1\"> is not clickable at point (295, 586). Other element would receive the click: <label for=\"first_name\">...</label>\n  (Session info: chrome=140.0.7339.128)\nStacktrace:\n\tGetHandleVerifier [0x0x7ff7b6da30f5+79493]\n\tGetHandleVerifier [0x0x7ff7b6da3150+79584]\n\t(No symbol) [0x0x7ff7b6b201ba]\n\t(No symbol) [0x0x7ff7b6b801f9]\n\t(No symbol) [0x0x7ff7b6b7db7e]\n\t(No symbol) [0x0x7ff7b6b7aac1]\n\t(No symbol) [0x0x7ff7b6b799b0]\n\t(No symbol) [0x0x7ff7b6b6af58]\n\t(No symbol) [0x0x7ff7b6ba070a]\n\t(No symbol) [0x0x7ff7b6b6a7e6]\n\t(No symbol) [0x0x7ff7b6ba0920]\n\t(No symbol) [0x0x7ff7b6bc8b8b]\n\t(No symbol) [0x0x7ff7b6ba04e3]\n\t(No symbol) [0x0x7ff7b6b68e92]\n\t(No symbol) [0x0x7ff7b6b69c63]\n\tGetHandleVerifier [0x0x7ff7b7060dbd+2954061]\n\tGetHandleVerifier [0x0x7ff7b705b02a+2930106]\n\tGetHandleVerifier [0x0x7ff7b707b357+3061991]\n\tGetHandleVerifier [0x0x7ff7b6dbd60e+187294]\n\tGetHandleVerifier [0x0x7ff7b6dc557f+219919]\n\tGetHandleVerifier [0x0x7ff7b6dac294+116772]\n\tGetHandleVerifier [0x0x7ff7b6dac449+117209]\n\tGetHandleVerifier [0x0x7ff7b6d92618+11176]\n\tBaseThreadInitThunk [0x0x7ffe6635e8d7+23]\n\tRtlUserThreadStart [0x0x7ffe67b48d9c+44]\n\n", "trace": "  File \"C:\\Users\\Sachin Kumar Tiwari\\AppData\\Local\\Programs\\Python\\Python312\\Lib\\site-packages\\allure_commons\\_allure.py\", line 202, in impl\n    return func(*a, **kw)\n           ^^^^^^^^^^^^^^\n  File \"C:\\Users\\Sachin Kumar Tiwari\\PycharmProjects\\E2E_Automation_Testing_for_e-commerce\\Page_POM\\Register_User.py\", line 56, in select_receive_special_offer\n    safe_click(self.driver,Locators.checkbox_2)\n  File \"C:\\Users\\Sachin Kumar Tiwari\\PycharmProjects\\E2E_Automation_Testing_for_e-commerce\\Utils\\selenium_helpers.py\", line 36, in safe_click\n    ).click()\n      ^^^^^^^\n  File \"C:\\Users\\Sachin Kumar Tiwari\\AppData\\Local\\Programs\\Python\\Python312\\Lib\\site-packages\\selenium\\webdriver\\remote\\webelement.py\", line 94, in click\n    self._execute(Command.CLICK_ELEMENT)\n  File \"C:\\Users\\Sachin Kumar Tiwari\\AppData\\Local\\Programs\\Python\\Python312\\Lib\\site-packages\\selenium\\webdriver\\remote\\webelement.py\", line 395, in _execute\n    return self._parent.execute(command, params)\n           ^^^^^^^^^^^^^^^^^^^^^^^^^^^^^^^^^^^^^\n  File \"C:\\Users\\Sachin Kumar Tiwari\\AppData\\Local\\Programs\\Python\\Python312\\Lib\\site-packages\\selenium\\webdriver\\remote\\webdriver.py\", line 354, in execute\n    self.error_handler.check_response(response)\n  File \"C:\\Users\\Sachin Kumar Tiwari\\AppData\\Local\\Programs\\Python\\Python312\\Lib\\site-packages\\selenium\\webdriver\\remote\\errorhandler.py\", line 229, in check_response\n    raise exception_class(message, screen, stacktrace)\n"}, "start": 1758397431340, "stop": 1758397432462}], "start": 1758397422820, "stop": 1758397432470, "uuid": "21b9a095-b08d-45d9-9b3a-f4defaecdbf3", "historyId": "17d268d3b52fc8c3542977330a777941", "testCaseId": "17d268d3b52fc8c3542977330a777941", "fullName": "Tests.test_Register_User#test_register", "labels": [{"name": "tag", "value": "smoke"}, {"name": "parentSuite", "value": "Tests"}, {"name": "suite", "value": "test_Register_User"}, {"name": "host", "value": "MSI"}, {"name": "thread", "value": "28632-MainThread"}, {"name": "framework", "value": "pytest"}, {"name": "language", "value": "cpython3"}, {"name": "package", "value": "Tests.test_Register_User"}], "titlePath": ["Tests", "test_Register_User.py"]}