{"name": "test_post_of_all_product_lists", "status": "failed", "statusDetails": {"message": "AssertionError: Expected 400, got 200\nassert 200 == 400\n +  where 200 = <Response [200]>.status_code", "trace": "@pytest.mark.smoke\n    def test_post_of_all_product_lists():\n    \n        response = PostToAllProduct.post_to_all_product_list(payload = None,params= None)\n        print(\"Response Status \",response.status_code)\n        print(\"Response body\",response.text)\n>       assert response.status_code == 400, f\"Expected 400, got {response.status_code}\"\nE       AssertionError: Expected 400, got 200\nE       assert 200 == 400\nE        +  where 200 = <Response [200]>.status_code\n\nTests\\API_Testing\\POST_TESTING\\test_post_to_all_products_list.py:14: AssertionError"}, "attachments": [{"name": "stdout", "source": "8445489c-7528-461e-bd93-e493af0d9efc-attachment.txt", "type": "text/plain"}], "start": 1761212592133, "stop": 1761212594041, "uuid": "1d626cb2-b906-464e-8b5a-8301952c0d16", "historyId": "32f53f232e2690d3ae55f8fd8f5f3ff1", "testCaseId": "32f53f232e2690d3ae55f8fd8f5f3ff1", "fullName": "Tests.API_Testing.POST_TESTING.test_post_to_all_products_list#test_post_of_all_product_lists", "labels": [{"name": "tag", "value": "smoke"}, {"name": "parentSuite", "value": "Tests.API_Testing.POST_TESTING"}, {"name": "suite", "value": "test_post_to_all_products_list"}, {"name": "host", "value": "MSI"}, {"name": "thread", "value": "26028-MainThread"}, {"name": "framework", "value": "pytest"}, {"name": "language", "value": "cpython3"}, {"name": "package", "value": "Tests.API_Testing.POST_TESTING.test_post_to_all_products_list"}], "titlePath": ["Tests", "API_Testing", "POST_TESTING", "test_post_to_all_products_list.py"]}