{"name": "test_product_in_cart", "status": "broken", "statusDetails": {"message": "selenium.common.exceptions.NoSuchWindowException: Message: no such window: target window already closed\nfrom unknown error: web view not found\n  (Session info: chrome=140.0.7339.208)\nStacktrace:\n\tGetHandleVerifier [0x0x7ff7130a1eb5+80197]\n\tGetHandleVerifier [0x0x7ff7130a1f10+80288]\n\t(No symbol) [0x0x7ff712e202fa]\n\t(No symbol) [0x0x7ff712df82a1]\n\t(No symbol) [0x0x7ff712ea799e]\n\t(No symbol) [0x0x7ff712ec8132]\n\t(No symbol) [0x0x7ff712ea0153]\n\t(No symbol) [0x0x7ff712e68b02]\n\t(No symbol) [0x0x7ff712e698d3]\n\tGetHandleVerifier [0x0x7ff71335e83d+2949837]\n\tGetHandleVerifier [0x0x7ff713358c6a+2926330]\n\tGetHandleVerifier [0x0x7ff7133786c7+3055959]\n\tGetHandleVerifier [0x0x7ff7130bcfee+191102]\n\tGetHandleVerifier [0x0x7ff7130c50af+224063]\n\tGetHandleVerifier [0x0x7ff7130aaf64+117236]\n\tGetHandleVerifier [0x0x7ff7130ab119+117673]\n\tGetHandleVerifier [0x0x7ff7130910a8+11064]\n\tBaseThreadInitThunk [0x0x7ffe77bfe8d7+23]\n\tRtlUserThreadStart [0x0x7ffe7972c53c+44]", "trace": "browserInstance = <selenium.webdriver.chrome.webdriver.WebDriver (session=\"9dd55ff7d1409375038c94f648d536d5\")>\n\n    @pytest.mark.smoke\n    def test_product_in_cart(browserInstance):\n        driver = browserInstance\n        browserInstance.get(\"https://automationexercise.com/\")\n        browserInstance.maximize_window()\n        login_user = Correct_email(browserInstance)\n        login_user.login()\n        login_user.Enter_email(user_data[\"email\"])\n        login_user.Enter_password(user_data[\"password\"])\n        login_user.submit_button()\n        time.sleep(2)\n        add_to_cart = all_product_in_cart(browserInstance)\n        add_to_cart.click_on_product()\n        add_to_cart.add_product_on_cart()\n        time.sleep(10)\n        add_to_cart.view_cart()\n        time.sleep(10)\n        add_to_cart.proceed_to_check_out()\n>       delivery_address = add_to_cart.delivery_address()\n\nTests\\Positive_Testing\\test_add_product_in_cart.py:40: \n_ _ _ _ _ _ _ _ _ _ _ _ _ _ _ _ _ _ _ _ _ _ _ _ _ _ _ _ _ _ _ _ _ _ _ _ _ _ _ _ _ _ _ _ _ _ _ _ _ _ _ _ _ _ _ _ _ _ _ _ _ _ _ _ _ _ _ _ _ _ _ _ _ _ _ _ _ _ _ _ _ _ _ _ _ _ _ _ _ _ _ _ _ _ _\nPage_POM\\Positive_POM\\all_product_in_cart.py:33: in delivery_address\n    return safe_get_text(self.driver, Locators.b_address)\nUtils\\selenium_helpers.py:74: in safe_get_text\n    return WebDriverWait(driver, timeout).until(\n..\\..\\AppData\\Local\\Programs\\Python\\Python312\\Lib\\site-packages\\selenium\\webdriver\\support\\wait.py:96: in until\n    value = method(self._driver)\n..\\..\\AppData\\Local\\Programs\\Python\\Python312\\Lib\\site-packages\\selenium\\webdriver\\support\\expected_conditions.py:84: in _predicate\n    return driver.find_element(*locator)\n..\\..\\AppData\\Local\\Programs\\Python\\Python312\\Lib\\site-packages\\selenium\\webdriver\\remote\\webdriver.py:748: in find_element\n    return self.execute(Command.FIND_ELEMENT, {\"using\": by, \"value\": value})[\"value\"]\n..\\..\\AppData\\Local\\Programs\\Python\\Python312\\Lib\\site-packages\\selenium\\webdriver\\remote\\webdriver.py:354: in execute\n    self.error_handler.check_response(response)\n_ _ _ _ _ _ _ _ _ _ _ _ _ _ _ _ _ _ _ _ _ _ _ _ _ _ _ _ _ _ _ _ _ _ _ _ _ _ _ _ _ _ _ _ _ _ _ _ _ _ _ _ _ _ _ _ _ _ _ _ _ _ _ _ _ _ _ _ _ _ _ _ _ _ _ _ _ _ _ _ _ _ _ _ _ _ _ _ _ _ _ _ _ _ _\n\nself = <selenium.webdriver.remote.errorhandler.ErrorHandler object at 0x0000024C54D54AD0>\nresponse = {'status': 404, 'value': '{\"value\":{\"error\":\"no such window\",\"message\":\"no such window: target window already closed\\\\...ff7130910a8+11064]\\\\n\\\\tBaseThreadInitThunk [0x0x7ffe77bfe8d7+23]\\\\n\\\\tRtlUserThreadStart [0x0x7ffe7972c53c+44]\\\\n\"}}'}\n\n    def check_response(self, response: Dict[str, Any]) -> None:\n        \"\"\"Checks that a JSON response from the WebDriver does not have an\n        error.\n    \n        :Args:\n         - response - The JSON response from the WebDriver server as a dictionary\n           object.\n    \n        :Raises: If the response contains an error message.\n        \"\"\"\n        status = response.get(\"status\", None)\n        if not status or status == ErrorCode.SUCCESS:\n            return\n        value = None\n        message = response.get(\"message\", \"\")\n        screen: str = response.get(\"screen\", \"\")\n        stacktrace = None\n        if isinstance(status, int):\n            value_json = response.get(\"value\", None)\n            if value_json and isinstance(value_json, str):\n                import json\n    \n                try:\n                    value = json.loads(value_json)\n                    if len(value) == 1:\n                        value = value[\"value\"]\n                    status = value.get(\"error\", None)\n                    if not status:\n                        status = value.get(\"status\", ErrorCode.UNKNOWN_ERROR)\n                        message = value.get(\"value\") or value.get(\"message\")\n                        if not isinstance(message, str):\n                            value = message\n                            message = message.get(\"message\")\n                    else:\n                        message = value.get(\"message\", None)\n                except ValueError:\n                    pass\n    \n        exception_class: Type[WebDriverException]\n        e = ErrorCode()\n        error_codes = [item for item in dir(e) if not item.startswith(\"__\")]\n        for error_code in error_codes:\n            error_info = getattr(ErrorCode, error_code)\n            if isinstance(error_info, list) and status in error_info:\n                exception_class = getattr(ExceptionMapping, error_code, WebDriverException)\n                break\n        else:\n            exception_class = WebDriverException\n    \n        if not value:\n            value = response[\"value\"]\n        if isinstance(value, str):\n            raise exception_class(value)\n        if message == \"\" and \"message\" in value:\n            message = value[\"message\"]\n    \n        screen = None  # type: ignore[assignment]\n        if \"screen\" in value:\n            screen = value[\"screen\"]\n    \n        stacktrace = None\n        st_value = value.get(\"stackTrace\") or value.get(\"stacktrace\")\n        if st_value:\n            if isinstance(st_value, str):\n                stacktrace = st_value.split(\"\\n\")\n            else:\n                stacktrace = []\n                try:\n                    for frame in st_value:\n                        line = frame.get(\"lineNumber\", \"\")\n                        file = frame.get(\"fileName\", \"<anonymous>\")\n                        if line:\n                            file = f\"{file}:{line}\"\n                        meth = frame.get(\"methodName\", \"<anonymous>\")\n                        if \"className\" in frame:\n                            meth = f\"{frame['className']}.{meth}\"\n                        msg = \"    at %s (%s)\"\n                        msg = msg % (meth, file)\n                        stacktrace.append(msg)\n                except TypeError:\n                    pass\n        if exception_class == UnexpectedAlertPresentException:\n            alert_text = None\n            if \"data\" in value:\n                alert_text = value[\"data\"].get(\"text\")\n            elif \"alert\" in value:\n                alert_text = value[\"alert\"].get(\"text\")\n            raise exception_class(message, screen, stacktrace, alert_text)  # type: ignore[call-arg]  # mypy is not smart enough here\n>       raise exception_class(message, screen, stacktrace)\nE       selenium.common.exceptions.NoSuchWindowException: Message: no such window: target window already closed\nE       from unknown error: web view not found\nE         (Session info: chrome=140.0.7339.208)\nE       Stacktrace:\nE       \tGetHandleVerifier [0x0x7ff7130a1eb5+80197]\nE       \tGetHandleVerifier [0x0x7ff7130a1f10+80288]\nE       \t(No symbol) [0x0x7ff712e202fa]\nE       \t(No symbol) [0x0x7ff712df82a1]\nE       \t(No symbol) [0x0x7ff712ea799e]\nE       \t(No symbol) [0x0x7ff712ec8132]\nE       \t(No symbol) [0x0x7ff712ea0153]\nE       \t(No symbol) [0x0x7ff712e68b02]\nE       \t(No symbol) [0x0x7ff712e698d3]\nE       \tGetHandleVerifier [0x0x7ff71335e83d+2949837]\nE       \tGetHandleVerifier [0x0x7ff713358c6a+2926330]\nE       \tGetHandleVerifier [0x0x7ff7133786c7+3055959]\nE       \tGetHandleVerifier [0x0x7ff7130bcfee+191102]\nE       \tGetHandleVerifier [0x0x7ff7130c50af+224063]\nE       \tGetHandleVerifier [0x0x7ff7130aaf64+117236]\nE       \tGetHandleVerifier [0x0x7ff7130ab119+117673]\nE       \tGetHandleVerifier [0x0x7ff7130910a8+11064]\nE       \tBaseThreadInitThunk [0x0x7ffe77bfe8d7+23]\nE       \tRtlUserThreadStart [0x0x7ffe7972c53c+44]\n\n..\\..\\AppData\\Local\\Programs\\Python\\Python312\\Lib\\site-packages\\selenium\\webdriver\\remote\\errorhandler.py:229: NoSuchWindowException"}, "steps": [{"name": "Click on Signup / Login", "status": "passed", "start": 1759994115716, "stop": 1759994117276}, {"name": "Enter Your Email 'rohitjuyal111@gmail.com'", "status": "passed", "parameters": [{"name": "email", "value": "'rohitjuyal111@gmail.com'"}], "start": 1759994117276, "stop": 1759994117412}, {"name": "Enter Your Email 'Rohitjuyal'", "status": "passed", "parameters": [{"name": "password", "value": "'Rohitjuyal'"}], "start": 1759994117413, "stop": 1759994117560}, {"name": "Click on Login Button", "status": "passed", "start": 1759994117560, "stop": 1759994117749}, {"name": "Click on the Product Button : ", "status": "passed", "start": 1759994119750, "stop": 1759995937720}, {"name": "Adding product on cart : ", "status": "passed", "start": 1759995937721, "stop": 1759995938116}, {"name": "View product on cart : ", "status": "passed", "start": 1759995948118, "stop": 1759995950113}, {"name": "Proceed to checkout : ", "status": "passed", "start": 1759995960114, "stop": 1759995961255}, {"name": "Compare Delivery address : ", "status": "broken", "statusDetails": {"message": "selenium.common.exceptions.NoSuchWindowException: Message: no such window: target window already closed\nfrom unknown error: web view not found\n  (Session info: chrome=140.0.7339.208)\nStacktrace:\n\tGetHandleVerifier [0x0x7ff7130a1eb5+80197]\n\tGetHandleVerifier [0x0x7ff7130a1f10+80288]\n\t(No symbol) [0x0x7ff712e202fa]\n\t(No symbol) [0x0x7ff712df82a1]\n\t(No symbol) [0x0x7ff712ea799e]\n\t(No symbol) [0x0x7ff712ec8132]\n\t(No symbol) [0x0x7ff712ea0153]\n\t(No symbol) [0x0x7ff712e68b02]\n\t(No symbol) [0x0x7ff712e698d3]\n\tGetHandleVerifier [0x0x7ff71335e83d+2949837]\n\tGetHandleVerifier [0x0x7ff713358c6a+2926330]\n\tGetHandleVerifier [0x0x7ff7133786c7+3055959]\n\tGetHandleVerifier [0x0x7ff7130bcfee+191102]\n\tGetHandleVerifier [0x0x7ff7130c50af+224063]\n\tGetHandleVerifier [0x0x7ff7130aaf64+117236]\n\tGetHandleVerifier [0x0x7ff7130ab119+117673]\n\tGetHandleVerifier [0x0x7ff7130910a8+11064]\n\tBaseThreadInitThunk [0x0x7ffe77bfe8d7+23]\n\tRtlUserThreadStart [0x0x7ffe7972c53c+44]\n\n", "trace": "  File \"C:\\Users\\Sachin Kumar Tiwari\\AppData\\Local\\Programs\\Python\\Python312\\Lib\\site-packages\\allure_commons\\_allure.py\", line 202, in impl\n    return func(*a, **kw)\n           ^^^^^^^^^^^^^^\n  File \"C:\\Users\\Sachin Kumar Tiwari\\PycharmProjects\\E2E_Automation_Testing_for_e-commerce\\Page_POM\\Positive_POM\\all_product_in_cart.py\", line 33, in delivery_address\n    return safe_get_text(self.driver, Locators.b_address)\n           ^^^^^^^^^^^^^^^^^^^^^^^^^^^^^^^^^^^^^^^^^^^^^^\n  File \"C:\\Users\\Sachin Kumar Tiwari\\PycharmProjects\\E2E_Automation_Testing_for_e-commerce\\Utils\\selenium_helpers.py\", line 74, in safe_get_text\n    return WebDriverWait(driver, timeout).until(\n           ^^^^^^^^^^^^^^^^^^^^^^^^^^^^^^^^^^^^^\n  File \"C:\\Users\\Sachin Kumar Tiwari\\AppData\\Local\\Programs\\Python\\Python312\\Lib\\site-packages\\selenium\\webdriver\\support\\wait.py\", line 96, in until\n    value = method(self._driver)\n            ^^^^^^^^^^^^^^^^^^^^\n  File \"C:\\Users\\Sachin Kumar Tiwari\\AppData\\Local\\Programs\\Python\\Python312\\Lib\\site-packages\\selenium\\webdriver\\support\\expected_conditions.py\", line 84, in _predicate\n    return driver.find_element(*locator)\n           ^^^^^^^^^^^^^^^^^^^^^^^^^^^^^\n  File \"C:\\Users\\Sachin Kumar Tiwari\\AppData\\Local\\Programs\\Python\\Python312\\Lib\\site-packages\\selenium\\webdriver\\remote\\webdriver.py\", line 748, in find_element\n    return self.execute(Command.FIND_ELEMENT, {\"using\": by, \"value\": value})[\"value\"]\n           ^^^^^^^^^^^^^^^^^^^^^^^^^^^^^^^^^^^^^^^^^^^^^^^^^^^^^^^^^^^^^^^^^\n  File \"C:\\Users\\Sachin Kumar Tiwari\\AppData\\Local\\Programs\\Python\\Python312\\Lib\\site-packages\\selenium\\webdriver\\remote\\webdriver.py\", line 354, in execute\n    self.error_handler.check_response(response)\n  File \"C:\\Users\\Sachin Kumar Tiwari\\AppData\\Local\\Programs\\Python\\Python312\\Lib\\site-packages\\selenium\\webdriver\\remote\\errorhandler.py\", line 229, in check_response\n    raise exception_class(message, screen, stacktrace)\n"}, "start": 1759995961256, "stop": 1759995961823}], "start": 1759994105258, "stop": 1759995961874, "uuid": "863c6d69-960d-40dd-bcac-65a1d1e6b7c4", "historyId": "5c2caa98dd85f7130446349e4286d657", "testCaseId": "5c2caa98dd85f7130446349e4286d657", "fullName": "Tests.Positive_Testing.test_add_product_in_cart#test_product_in_cart", "labels": [{"name": "tag", "value": "smoke"}, {"name": "parentSuite", "value": "Tests.Positive_Testing"}, {"name": "suite", "value": "test_add_product_in_cart"}, {"name": "host", "value": "MSI"}, {"name": "thread", "value": "28992-MainThread"}, {"name": "framework", "value": "pytest"}, {"name": "language", "value": "cpython3"}, {"name": "package", "value": "Tests.Positive_Testing.test_add_product_in_cart"}], "titlePath": ["Tests", "Positive_Testing", "test_add_product_in_cart.py"]}