{"name": "Verify Delivery and Billing Addresses after Adding Product to Cart", "status": "broken", "statusDetails": {"message": "FileNotFoundError: [WinError 3] The system cannot find the path specified", "trace": "browserInstance = <selenium.webdriver.chrome.webdriver.WebDriver (session=\"0eee597ea7064e48f05d1e97f5886d36\")>\n\n    @pytest.mark.smoke\n    @allure.title(\"Verify Delivery and Billing Addresses after Adding Product to Cart\")\n    @allure.description(\"Checks that delivery and billing addresses match each other and expected user data.\")\n    def test_product_in_cart(browserInstance):\n        driver = browserInstance\n        driver.get(\"https://automationexercise.com/\")\n        driver.maximize_window()\n    \n        login_user = Correct_email(driver)\n        login_user.login()\n        login_user.Enter_email(user_data[\"email\"])\n        login_user.Enter_password(user_data[\"password\"])\n        login_user.submit_button()\n        time.sleep(2)\n    \n        add_to_cart = all_product_in_cart(driver)\n        add_to_cart.click_on_product()\n        add_to_cart.add_product_on_cart()\n        time.sleep(10)\n        add_to_cart.view_cart()\n        time.sleep(10)\n        add_to_cart.proceed_to_check_out()\n    \n        delivery_address = add_to_cart.delivery_address()\n        billing_address = add_to_cart.billing_address()\n    \n        cleaned_delivery = clean_address_text(delivery_address)\n        cleaned_billing = clean_address_text(billing_address)\n    \n        expected_display = (\n            f\"Mr. {expected_name}\\n\"\n            f\"{expected_company_name}\\n\"\n            f\"{expected_address}\\n\"\n            f\"{expected_country_name}\\n\"\n            f\"{expected_phone_number}\"\n        )\n        cleaned_expected = clean_address_text(expected_display)\n    \n        # --- Attach data to Allure for debugging (only on test level) ---\n        allure.attach(delivery_address, \"Raw Delivery Address\", allure.attachment_type.TEXT)\n        allure.attach(billing_address, \"Raw Billing Address\", allure.attachment_type.TEXT)\n        allure.attach(cleaned_expected, \"Expected Address\", allure.attachment_type.TEXT)\n    \n        # --- Assertions ---\n        try:\n            assert cleaned_delivery == cleaned_billing, (\n                f\"❌ Delivery and Billing addresses do not match!\\n\"\n                f\"Delivery: {cleaned_delivery}\\nBilling: {cleaned_billing}\"\n            )\n>           assert cleaned_delivery == cleaned_expected, (\n                f\"❌ Actual address does not match expected user data!\\n\"\n                f\"Expected: {cleaned_expected}\\nGot: {cleaned_delivery}\"\n            )\nE           AssertionError: ❌ Actual address does not match expected user data!\nE             Expected: Mr. Rohit Juyal Wipro Kotdwar satichaur India 902707045\nE             Got: Mr. Rohit Juyal Wipro Kotdwar satichaur Kotdwar Uttarakhand 248007 India 902707045\nE           assert 'Mr. Rohit Ju...dia 902707045' == 'Mr. Rohit Ju...dia 902707045'\nE             \nE             - Mr. Rohit Juyal Wipro Kotdwar satichaur India 902707045\nE             + Mr. Rohit Juyal Wipro Kotdwar satichaur Kotdwar Uttarakhand 248007 India 902707045\nE             ?                                         +++++++++++++++++++++++++++\n\nTests\\Positive_Testing\\test_add_product_in_cart.py:86: AssertionError\n\nDuring handling of the above exception, another exception occurred:\n\nbrowserInstance = <selenium.webdriver.chrome.webdriver.WebDriver (session=\"0eee597ea7064e48f05d1e97f5886d36\")>\n\n    @pytest.mark.smoke\n    @allure.title(\"Verify Delivery and Billing Addresses after Adding Product to Cart\")\n    @allure.description(\"Checks that delivery and billing addresses match each other and expected user data.\")\n    def test_product_in_cart(browserInstance):\n        driver = browserInstance\n        driver.get(\"https://automationexercise.com/\")\n        driver.maximize_window()\n    \n        login_user = Correct_email(driver)\n        login_user.login()\n        login_user.Enter_email(user_data[\"email\"])\n        login_user.Enter_password(user_data[\"password\"])\n        login_user.submit_button()\n        time.sleep(2)\n    \n        add_to_cart = all_product_in_cart(driver)\n        add_to_cart.click_on_product()\n        add_to_cart.add_product_on_cart()\n        time.sleep(10)\n        add_to_cart.view_cart()\n        time.sleep(10)\n        add_to_cart.proceed_to_check_out()\n    \n        delivery_address = add_to_cart.delivery_address()\n        billing_address = add_to_cart.billing_address()\n    \n        cleaned_delivery = clean_address_text(delivery_address)\n        cleaned_billing = clean_address_text(billing_address)\n    \n        expected_display = (\n            f\"Mr. {expected_name}\\n\"\n            f\"{expected_company_name}\\n\"\n            f\"{expected_address}\\n\"\n            f\"{expected_country_name}\\n\"\n            f\"{expected_phone_number}\"\n        )\n        cleaned_expected = clean_address_text(expected_display)\n    \n        # --- Attach data to Allure for debugging (only on test level) ---\n        allure.attach(delivery_address, \"Raw Delivery Address\", allure.attachment_type.TEXT)\n        allure.attach(billing_address, \"Raw Billing Address\", allure.attachment_type.TEXT)\n        allure.attach(cleaned_expected, \"Expected Address\", allure.attachment_type.TEXT)\n    \n        # --- Assertions ---\n        try:\n            assert cleaned_delivery == cleaned_billing, (\n                f\"❌ Delivery and Billing addresses do not match!\\n\"\n                f\"Delivery: {cleaned_delivery}\\nBilling: {cleaned_billing}\"\n            )\n            assert cleaned_delivery == cleaned_expected, (\n                f\"❌ Actual address does not match expected user data!\\n\"\n                f\"Expected: {cleaned_expected}\\nGot: {cleaned_delivery}\"\n            )\n            print(\"\\n✅ Delivery and Billing addresses match expected user data (headings ignored).\")\n    \n        except AssertionError as e:\n            # Automatically attach a screenshot if any assertion fails\n            screenshot_path = \"Reports/screenshots/address_mismatch.png\"\n            driver.save_screenshot(screenshot_path)\n>           allure.attach.file(screenshot_path, name=\"Screenshot on Failure\", attachment_type=allure.attachment_type.PNG)\n\nTests\\Positive_Testing\\test_add_product_in_cart.py:96: \n_ _ _ _ _ _ _ _ _ _ _ _ _ _ _ _ _ _ _ _ _ _ _ _ _ _ _ _ _ _ _ _ _ _ _ _ _ _ _ _ _ _ _ _ _ _ _ _ _ _ _ _ _ _ _ _ _ _ _ _ _ _ _ _ _ _ _ _ _ _ _ _ _ _ _ _ _ _ _ _ _ _ _ _ _ _ _ _ _ _ _ _ _ _ _\n..\\..\\AppData\\Local\\Programs\\Python\\Python312\\Lib\\site-packages\\allure_commons\\_allure.py:213: in file\n    plugin_manager.hook.attach_file(source=source, name=name, attachment_type=attachment_type, extension=extension)\n..\\..\\AppData\\Local\\Programs\\Python\\Python312\\Lib\\site-packages\\pluggy\\_hooks.py:512: in __call__\n    return self._hookexec(self.name, self._hookimpls.copy(), kwargs, firstresult)\n..\\..\\AppData\\Local\\Programs\\Python\\Python312\\Lib\\site-packages\\pluggy\\_manager.py:120: in _hookexec\n    return self._inner_hookexec(hook_name, methods, kwargs, firstresult)\n..\\..\\AppData\\Local\\Programs\\Python\\Python312\\Lib\\site-packages\\allure_pytest\\listener.py:258: in attach_file\n    self.allure_logger.attach_file(uuid4(), source, name=name, attachment_type=attachment_type, extension=extension)\n..\\..\\AppData\\Local\\Programs\\Python\\Python312\\Lib\\site-packages\\allure_commons\\reporter.py:160: in attach_file\n    plugin_manager.hook.report_attached_file(source=source, file_name=file_name)\n..\\..\\AppData\\Local\\Programs\\Python\\Python312\\Lib\\site-packages\\pluggy\\_hooks.py:512: in __call__\n    return self._hookexec(self.name, self._hookimpls.copy(), kwargs, firstresult)\n..\\..\\AppData\\Local\\Programs\\Python\\Python312\\Lib\\site-packages\\pluggy\\_manager.py:120: in _hookexec\n    return self._inner_hookexec(hook_name, methods, kwargs, firstresult)\n..\\..\\AppData\\Local\\Programs\\Python\\Python312\\Lib\\site-packages\\allure_commons\\logger.py:39: in report_attached_file\n    shutil.copy2(source, destination)\n_ _ _ _ _ _ _ _ _ _ _ _ _ _ _ _ _ _ _ _ _ _ _ _ _ _ _ _ _ _ _ _ _ _ _ _ _ _ _ _ _ _ _ _ _ _ _ _ _ _ _ _ _ _ _ _ _ _ _ _ _ _ _ _ _ _ _ _ _ _ _ _ _ _ _ _ _ _ _ _ _ _ _ _ _ _ _ _ _ _ _ _ _ _ _\n\nsrc = 'Reports/screenshots/address_mismatch.png'\ndst = WindowsPath('C:/Users/Sachin Kumar Tiwari/PycharmProjects/E2E_Automation_Testing_for_e-commerce/Reports/allure-results/8830b15c-b6e4-489b-a1d8-0990c80a6b95-attachment.png')\n\n    def copy2(src, dst, *, follow_symlinks=True):\n        \"\"\"Copy data and metadata. Return the file's destination.\n    \n        Metadata is copied with copystat(). Please see the copystat function\n        for more information.\n    \n        The destination may be a directory.\n    \n        If follow_symlinks is false, symlinks won't be followed. This\n        resembles GNU's \"cp -P src dst\".\n        \"\"\"\n        if os.path.isdir(dst):\n            dst = os.path.join(dst, os.path.basename(src))\n    \n        if hasattr(_winapi, \"CopyFile2\"):\n            src_ = os.fsdecode(src)\n            dst_ = os.fsdecode(dst)\n            flags = _winapi.COPY_FILE_ALLOW_DECRYPTED_DESTINATION # for compat\n            if not follow_symlinks:\n                flags |= _winapi.COPY_FILE_COPY_SYMLINK\n            try:\n>               _winapi.CopyFile2(src_, dst_, flags)\nE               FileNotFoundError: [WinError 3] The system cannot find the path specified\n\n..\\..\\AppData\\Local\\Programs\\Python\\Python312\\Lib\\shutil.py:460: FileNotFoundError"}, "description": "Checks that delivery and billing addresses match each other and expected user data.", "steps": [{"name": "Click on Signup / Login", "status": "passed", "start": 1760097938647, "stop": 1760097941302}, {"name": "Enter Your Email 'rohitjuyal111@gmail.com'", "status": "passed", "parameters": [{"name": "email", "value": "'rohitjuyal111@gmail.com'"}], "start": 1760097941303, "stop": 1760097941443}, {"name": "Enter Your Email 'Rohitjuyal'", "status": "passed", "parameters": [{"name": "password", "value": "'Rohitjuyal'"}], "start": 1760097941443, "stop": 1760097941576}, {"name": "Click on Login Button", "status": "passed", "start": 1760097941576, "stop": 1760098069462}, {"name": "Click on the Product Button : ", "status": "passed", "start": 1760098071464, "stop": 1760098131594}, {"name": "Adding product on cart : ", "status": "passed", "start": 1760098131595, "stop": 1760098132232}, {"name": "View product on cart : ", "status": "passed", "start": 1760098142233, "stop": 1760098146680}, {"name": "Proceed to checkout : ", "status": "passed", "start": 1760098156681, "stop": 1760098160165}, {"name": "Your Delivery address : ", "status": "passed", "start": 1760098160166, "stop": 1760098160299}, {"name": "Your billing address : ", "status": "passed", "start": 1760098160299, "stop": 1760098160427}], "attachments": [{"name": "Raw Delivery Address", "source": "059c2e0e-866d-49ed-90c7-aa511e922c85-attachment.txt", "type": "text/plain"}, {"name": "Raw Billing Address", "source": "08fc6f71-d877-4105-9a64-f6a6ad652286-attachment.txt", "type": "text/plain"}, {"name": "Expected Address", "source": "a1caaa25-0e86-4197-b266-be78c9bd1ed6-attachment.txt", "type": "text/plain"}, {"name": "Screenshot on Failure", "source": "8830b15c-b6e4-489b-a1d8-0990c80a6b95-attachment.png", "type": "image/png"}], "start": 1760097864156, "stop": 1760098160658, "uuid": "596b4cb0-1c33-41ac-a5f2-2b59cceceb3d", "historyId": "5c2caa98dd85f7130446349e4286d657", "testCaseId": "5c2caa98dd85f7130446349e4286d657", "fullName": "Tests.Positive_Testing.test_add_product_in_cart#test_product_in_cart", "labels": [{"name": "tag", "value": "smoke"}, {"name": "parentSuite", "value": "Tests.Positive_Testing"}, {"name": "suite", "value": "test_add_product_in_cart"}, {"name": "host", "value": "MSI"}, {"name": "thread", "value": "21664-MainThread"}, {"name": "framework", "value": "pytest"}, {"name": "language", "value": "cpython3"}, {"name": "package", "value": "Tests.Positive_Testing.test_add_product_in_cart"}], "titlePath": ["Tests", "Positive_Testing", "test_add_product_in_cart.py"]}