{"name": "test_register", "status": "failed", "statusDetails": {"message": "AssertionError: assert 'KIDS - TOPS ...IRTS PRODUCTS' == 'KIDS - TOP & SHIRTS PRODUCTS'\n  \n  - KIDS - TOP & SHIRTS PRODUCTS\n  + KIDS - TOPS & SHIRTS PRODUCTS\n  ?           +", "trace": "browserInstance = <selenium.webdriver.chrome.webdriver.WebDriver (session=\"f051291ec9e3bf1faafc10d2d29a0729\")>\n\n    @pytest.mark.smoke\n    def test_register(browserInstance):\n        browserInstance.get(\"https://automationexercise.com/\")\n        browserInstance.maximize_window()\n        all_product_checks = Products_and_product_detail_page(browserInstance)\n        all_product_checks.click_on_product()\n        all_product_checks.click_on_women()\n        all_product_checks.click_on_dress()\n        dress_text = all_product_checks.women_dress_text()\n        display_text = f\"WOMEN - DRESS PRODUCTS\"\n        print(dress_text)\n        print(display_text)\n        assert dress_text == display_text.strip()\n        all_product_checks.click_on_women()\n        all_product_checks.click_on_top()\n        women_top_text = all_product_checks.women_top_text()\n        display_text_1 = f\"WOMEN - TOPS PRODUCTS\"\n        print(women_top_text)\n        print(display_text_1)\n        assert women_top_text == display_text_1.strip()\n    \n        all_product_checks.click_on_women()\n        all_product_checks.click_on_saree()\n        women_saree_text  = all_product_checks.women_saree_text()\n        display_text_2 = f\"WOMEN - SAREE PRODUCTS\"\n        print(women_saree_text)\n        print(display_text_2)\n        assert women_saree_text == display_text_2.strip()\n        #men section\n        all_product_checks.click_on_men_section()\n        all_product_checks.men_tshirt()\n        men_tshirt_text = all_product_checks.tshirt_text()\n        men_display = f\"MEN - TSHIRTS PRODUCTS\"\n        print(men_display)\n        print(men_tshirt_text)\n        assert men_tshirt_text == men_display.strip()\n        all_product_checks.click_on_men_section()\n        all_product_checks.clck_on_jeans()\n        men_jeans_text = all_product_checks.jeans_text()\n        men_jeans_text_1 = f\"MEN - JEANS PRODUCTS\"\n        print(men_jeans_text)\n        print(men_jeans_text_1)\n        assert men_jeans_text == men_jeans_text_1.strip()\n        #Kid Section\n        all_product_checks.click_on_kids()\n        all_product_checks.click_on_kids_dress()\n        kids_dress = all_product_checks.text_on_kids_dress()\n        kids_dress_display = f\"KIDS - DRESS PRODUCTS\"\n        assert kids_dress == kids_dress_display.strip()\n        all_product_checks.click_on_kids()\n        all_product_checks.click_on_Tops_Shirts()\n        kids_tops_shirts = all_product_checks.text_on_Tops_Shirts()\n        kids_tops_shirts_display = f\"KIDS - TOP & SHIRTS PRODUCTS\" #Tops & Shirts\n>       assert kids_tops_shirts == kids_tops_shirts_display.strip()\nE       AssertionError: assert 'KIDS - TOPS ...IRTS PRODUCTS' == 'KIDS - TOP & SHIRTS PRODUCTS'\nE         \nE         - KIDS - TOP & SHIRTS PRODUCTS\nE         + KIDS - TOPS & SHIRTS PRODUCTS\nE         ?           +\n\nTests\\Positive_Testing\\test_All_Product_and_product_details_page.py:68: AssertionError"}, "steps": [{"name": "Click on the Product Button : ", "status": "passed", "start": 1758702448991, "stop": 1758702470579}, {"name": "Click on the Women button? : ", "status": "passed", "start": 1758702470579, "stop": 1758702470785}, {"name": "Click on the Dress : ", "status": "passed", "start": 1758702470785, "stop": 1758702476632}, {"name": " Dress Text is visible : ", "status": "passed", "start": 1758702476632, "stop": 1758702476681}, {"name": "Click on the Women button? : ", "status": "passed", "start": 1758702476681, "stop": 1758702476865}, {"name": "Click on the Top :", "status": "passed", "start": 1758702476865, "stop": 1758702481339}, {"name": "Top Text is visible : ", "status": "passed", "start": 1758702481339, "stop": 1758702481380}, {"name": "Click on the Women button? : ", "status": "passed", "start": 1758702481380, "stop": 1758702481597}, {"name": "Click on the Top : ", "status": "passed", "start": 1758702481597, "stop": 1758702485028}, {"name": " Saree Text is visible", "status": "passed", "start": 1758702485028, "stop": 1758702485069}, {"name": "Click on the Men : ", "status": "passed", "start": 1758702485070, "stop": 1758702485282}, {"name": "Click on the Tshirt : ", "status": "passed", "start": 1758702485282, "stop": 1758702509624}, {"name": "Tshirt Page will be open , and Text will be visible : ", "status": "passed", "start": 1758702509624, "stop": 1758702509679}, {"name": "Click on the Men : ", "status": "passed", "start": 1758702509679, "stop": 1758702509813}, {"name": "Click on the Jeans : ", "status": "passed", "start": 1758702509813, "stop": 1758702519673}, {"name": "Jeans Page will be open , and Text will be visible : ", "status": "passed", "start": 1758702519673, "stop": 1758702519701}, {"name": "Click on the Kids : ", "status": "passed", "start": 1758702519701, "stop": 1758702519832}, {"name": "Click on the Kid Dress : ", "status": "passed", "start": 1758702519832, "stop": 1758702522147}, {"name": "Kids Page will be open , and Text will be visible ", "status": "passed", "start": 1758702522147, "stop": 1758702522188}, {"name": "Click on the Kids : ", "status": "passed", "start": 1758702522188, "stop": 1758702522456}, {"name": "Click on the Tops_Shirts : ", "status": "passed", "start": 1758702522456, "stop": 1758702525118}, {"name": "Tops_Shirts Page will be open , and Text will be visible ", "status": "passed", "start": 1758702525118, "stop": 1758702525154}], "attachments": [{"name": "stdout", "source": "36ab552f-8b32-46ca-a686-e101c052d32c-attachment.txt", "type": "text/plain"}], "start": 1758702436734, "stop": 1758702525157, "uuid": "87c20023-5e0a-4053-a0f0-8783dcfd04ab", "historyId": "6cb7d2d81079ad590a5d680db1024c11", "testCaseId": "6cb7d2d81079ad590a5d680db1024c11", "fullName": "Tests.Positive_Testing.test_All_Product_and_product_details_page#test_register", "labels": [{"name": "tag", "value": "smoke"}, {"name": "parentSuite", "value": "Tests.Positive_Testing"}, {"name": "suite", "value": "test_All_Product_and_product_details_page"}, {"name": "host", "value": "MSI"}, {"name": "thread", "value": "31284-MainThread"}, {"name": "framework", "value": "pytest"}, {"name": "language", "value": "cpython3"}, {"name": "package", "value": "Tests.Positive_Testing.test_All_Product_and_product_details_page"}], "titlePath": ["Tests", "Positive_Testing", "test_All_Product_and_product_details_page.py"]}