{"name": "test_product_in_cart", "status": "broken", "statusDetails": {"message": "Exception: safe_click failed after 3 attempts for xpath: (//a[text()='View Product'])[1]", "trace": "browserInstance = <selenium.webdriver.chrome.webdriver.WebDriver (session=\"f9903d3fa4a719524aabbed3b04aacb0\")>\n\n    @pytest.mark.smoke\n    def test_product_in_cart(browserInstance):\n        driver = browserInstance\n        browserInstance.get(\"https://automationexercise.com/\")\n        browserInstance.maximize_window()\n        add_to_cart = all_product_in_cart(browserInstance)\n        add_to_cart.click_on_product()\n        add_to_cart.add_product_on_cart()\n        time.sleep(10)\n>       add_to_cart.view_cart()\n\nTests\\Positive_Testing\\test_add_product_in_cart.py:22: \n_ _ _ _ _ _ _ _ _ _ _ _ _ _ _ _ _ _ _ _ _ _ _ _ _ _ _ _ _ _ _ _ _ _ _ _ _ _ _ _ _ _ _ _ _ _ _ _ _ _ _ _ _ _ _ _ _ _ _ _\nPage_POM\\Positive_POM\\all_product_in_cart.py:20: in view_cart\n    safe_click(self.driver, Locators.view_cart)\n_ _ _ _ _ _ _ _ _ _ _ _ _ _ _ _ _ _ _ _ _ _ _ _ _ _ _ _ _ _ _ _ _ _ _ _ _ _ _ _ _ _ _ _ _ _ _ _ _ _ _ _ _ _ _ _ _ _ _ _\n\ndriver = <selenium.webdriver.chrome.webdriver.WebDriver (session=\"f9903d3fa4a719524aabbed3b04aacb0\")>\nxpath = \"(//a[text()='View Product'])[1]\", timeout = 30, retries = 3\n\n    def safe_click(driver, xpath, timeout=30, retries=3):\n        for attempt in range(retries):\n            try:\n                element = WebDriverWait(driver, timeout).until(\n                    EC.element_to_be_clickable((By.XPATH, xpath))\n                )\n    \n                # Scroll element into view before clicking\n                driver.execute_script(\"arguments[0].scrollIntoView({block: 'center'});\", element)\n    \n                element.click()\n                return  # success â†’ exit function\n    \n            except StaleElementReferenceException:\n                print(f\"[Retry {attempt+1}] Stale element, retrying...\")\n                time.sleep(2)\n    \n            except ElementClickInterceptedException:\n                print(f\"[Retry {attempt+1}] Click intercepted, trying to remove ad iframe...\")\n                try:\n                    ad_iframe = driver.find_element(By.CSS_SELECTOR, \"iframe[id^='aswift']\")\n                    driver.execute_script(\"arguments[0].remove();\", ad_iframe)\n                    print(\"Ad iframe removed.\")\n                except:\n                    print(\"No ad iframe found to remove.\")\n                time.sleep(2)\n    \n            except TimeoutException:\n                print(\"Timeout waiting for element to be clickable.\")\n                break\n    \n>       raise Exception(f\"safe_click failed after {retries} attempts for xpath: {xpath}\")\nE       Exception: safe_click failed after 3 attempts for xpath: (//a[text()='View Product'])[1]\n\nUtils\\selenium_helpers.py:66: Exception"}, "steps": [{"name": "Click on the Product Button : ", "status": "passed", "start": 1758711108426, "stop": 1758711115897}, {"name": "Adding product on cart : ", "status": "passed", "start": 1758711115898, "stop": 1758711116074}, {"name": "View product on cart : ", "status": "broken", "statusDetails": {"message": "Exception: safe_click failed after 3 attempts for xpath: (//a[text()='View Product'])[1]\n", "trace": "  File \"C:\\Users\\Sachin Kumar Tiwari\\AppData\\Local\\Programs\\Python\\Python312\\Lib\\site-packages\\allure_commons\\_allure.py\", line 202, in impl\n    return func(*a, **kw)\n           ^^^^^^^^^^^^^^\n  File \"C:\\Users\\Sachin Kumar Tiwari\\PycharmProjects\\E2E_Automation_Testing_for_e-commerce\\Page_POM\\Positive_POM\\all_product_in_cart.py\", line 20, in view_cart\n    safe_click(self.driver, Locators.view_cart)\n  File \"C:\\Users\\Sachin Kumar Tiwari\\PycharmProjects\\E2E_Automation_Testing_for_e-commerce\\Utils\\selenium_helpers.py\", line 66, in safe_click\n    raise Exception(f\"safe_click failed after {retries} attempts for xpath: {xpath}\")\n"}, "start": 1758711126075, "stop": 1758711136359}], "attachments": [{"name": "stdout", "source": "35f3db1b-dafd-4ba5-9262-cc5d9ba60e2d-attachment.txt", "type": "text/plain"}], "start": 1758711030814, "stop": 1758711136359, "uuid": "df777e89-3824-4759-8557-69e4f99167f2", "historyId": "5c2caa98dd85f7130446349e4286d657", "testCaseId": "5c2caa98dd85f7130446349e4286d657", "fullName": "Tests.Positive_Testing.test_add_product_in_cart#test_product_in_cart", "labels": [{"name": "tag", "value": "smoke"}, {"name": "parentSuite", "value": "Tests.Positive_Testing"}, {"name": "suite", "value": "test_add_product_in_cart"}, {"name": "host", "value": "MSI"}, {"name": "thread", "value": "38332-MainThread"}, {"name": "framework", "value": "pytest"}, {"name": "language", "value": "cpython3"}, {"name": "package", "value": "Tests.Positive_Testing.test_add_product_in_cart"}], "titlePath": ["Tests", "Positive_Testing", "test_add_product_in_cart.py"]}