{"name": "test_product_in_cart", "status": "broken", "statusDetails": {"message": "selenium.common.exceptions.WebDriverException: Message: unknown error: net::ERR_NAME_NOT_RESOLVED\n  (Session info: chrome=140.0.7339.185)\nStacktrace:\n\tGetHandleVerifier [0x0x7ff6a3cd1eb5+80197]\n\tGetHandleVerifier [0x0x7ff6a3cd1f10+80288]\n\t(No symbol) [0x0x7ff6a3a502fa]\n\t(No symbol) [0x0x7ff6a3a4d001]\n\t(No symbol) [0x0x7ff6a3a3da49]\n\t(No symbol) [0x0x7ff6a3a3f821]\n\t(No symbol) [0x0x7ff6a3a3dd66]\n\t(No symbol) [0x0x7ff6a3a3d7b7]\n\t(No symbol) [0x0x7ff6a3a3d47b]\n\t(No symbol) [0x0x7ff6a3a3afec]\n\t(No symbol) [0x0x7ff6a3a3b87c]\n\t(No symbol) [0x0x7ff6a3a543ca]\n\t(No symbol) [0x0x7ff6a3af95de]\n\t(No symbol) [0x0x7ff6a3ad037a]\n\t(No symbol) [0x0x7ff6a3af87fb]\n\t(No symbol) [0x0x7ff6a3ad0153]\n\t(No symbol) [0x0x7ff6a3a98b02]\n\t(No symbol) [0x0x7ff6a3a998d3]\n\tGetHandleVerifier [0x0x7ff6a3f8e83d+2949837]\n\tGetHandleVerifier [0x0x7ff6a3f88c6a+2926330]\n\tGetHandleVerifier [0x0x7ff6a3fa86c7+3055959]\n\tGetHandleVerifier [0x0x7ff6a3cecfee+191102]\n\tGetHandleVerifier [0x0x7ff6a3cf50af+224063]\n\tGetHandleVerifier [0x0x7ff6a3cdaf64+117236]\n\tGetHandleVerifier [0x0x7ff6a3cdb119+117673]\n\tGetHandleVerifier [0x0x7ff6a3cc10a8+11064]\n\tBaseThreadInitThunk [0x0x7ffe6635e8d7+23]\n\tRtlUserThreadStart [0x0x7ffe67b48d9c+44]", "trace": "browserInstance = <selenium.webdriver.chrome.webdriver.WebDriver (session=\"726788d63c4f3b5bbe2def8f89b5d6b9\")>\n\n    @pytest.mark.smoke\n    def test_product_in_cart(browserInstance):\n        driver = browserInstance\n>       browserInstance.get(\"https://automationexercise.com/\")\n\nTests\\Positive_Testing\\test_add_product_in_cart.py:16: \n_ _ _ _ _ _ _ _ _ _ _ _ _ _ _ _ _ _ _ _ _ _ _ _ _ _ _ _ _ _ _ _ _ _ _ _ _ _ _ _ _ _ _ _ _ _ _ _ _ _ _ _ _ _ _ _ _ _ _ _\n..\\..\\AppData\\Local\\Programs\\Python\\Python312\\Lib\\site-packages\\selenium\\webdriver\\remote\\webdriver.py:363: in get\n    self.execute(Command.GET, {\"url\": url})\n..\\..\\AppData\\Local\\Programs\\Python\\Python312\\Lib\\site-packages\\selenium\\webdriver\\remote\\webdriver.py:354: in execute\n    self.error_handler.check_response(response)\n_ _ _ _ _ _ _ _ _ _ _ _ _ _ _ _ _ _ _ _ _ _ _ _ _ _ _ _ _ _ _ _ _ _ _ _ _ _ _ _ _ _ _ _ _ _ _ _ _ _ _ _ _ _ _ _ _ _ _ _\n\nself = <selenium.webdriver.remote.errorhandler.ErrorHandler object at 0x000001AF36150530>\nresponse = {'status': 500, 'value': '{\"value\":{\"error\":\"unknown error\",\"message\":\"unknown error: net::ERR_NAME_NOT_RESOLVED\\\\n  (...ff6a3cc10a8+11064]\\\\n\\\\tBaseThreadInitThunk [0x0x7ffe6635e8d7+23]\\\\n\\\\tRtlUserThreadStart [0x0x7ffe67b48d9c+44]\\\\n\"}}'}\n\n    def check_response(self, response: Dict[str, Any]) -> None:\n        \"\"\"Checks that a JSON response from the WebDriver does not have an\n        error.\n    \n        :Args:\n         - response - The JSON response from the WebDriver server as a dictionary\n           object.\n    \n        :Raises: If the response contains an error message.\n        \"\"\"\n        status = response.get(\"status\", None)\n        if not status or status == ErrorCode.SUCCESS:\n            return\n        value = None\n        message = response.get(\"message\", \"\")\n        screen: str = response.get(\"screen\", \"\")\n        stacktrace = None\n        if isinstance(status, int):\n            value_json = response.get(\"value\", None)\n            if value_json and isinstance(value_json, str):\n                import json\n    \n                try:\n                    value = json.loads(value_json)\n                    if len(value) == 1:\n                        value = value[\"value\"]\n                    status = value.get(\"error\", None)\n                    if not status:\n                        status = value.get(\"status\", ErrorCode.UNKNOWN_ERROR)\n                        message = value.get(\"value\") or value.get(\"message\")\n                        if not isinstance(message, str):\n                            value = message\n                            message = message.get(\"message\")\n                    else:\n                        message = value.get(\"message\", None)\n                except ValueError:\n                    pass\n    \n        exception_class: Type[WebDriverException]\n        e = ErrorCode()\n        error_codes = [item for item in dir(e) if not item.startswith(\"__\")]\n        for error_code in error_codes:\n            error_info = getattr(ErrorCode, error_code)\n            if isinstance(error_info, list) and status in error_info:\n                exception_class = getattr(ExceptionMapping, error_code, WebDriverException)\n                break\n        else:\n            exception_class = WebDriverException\n    \n        if not value:\n            value = response[\"value\"]\n        if isinstance(value, str):\n            raise exception_class(value)\n        if message == \"\" and \"message\" in value:\n            message = value[\"message\"]\n    \n        screen = None  # type: ignore[assignment]\n        if \"screen\" in value:\n            screen = value[\"screen\"]\n    \n        stacktrace = None\n        st_value = value.get(\"stackTrace\") or value.get(\"stacktrace\")\n        if st_value:\n            if isinstance(st_value, str):\n                stacktrace = st_value.split(\"\\n\")\n            else:\n                stacktrace = []\n                try:\n                    for frame in st_value:\n                        line = frame.get(\"lineNumber\", \"\")\n                        file = frame.get(\"fileName\", \"<anonymous>\")\n                        if line:\n                            file = f\"{file}:{line}\"\n                        meth = frame.get(\"methodName\", \"<anonymous>\")\n                        if \"className\" in frame:\n                            meth = f\"{frame['className']}.{meth}\"\n                        msg = \"    at %s (%s)\"\n                        msg = msg % (meth, file)\n                        stacktrace.append(msg)\n                except TypeError:\n                    pass\n        if exception_class == UnexpectedAlertPresentException:\n            alert_text = None\n            if \"data\" in value:\n                alert_text = value[\"data\"].get(\"text\")\n            elif \"alert\" in value:\n                alert_text = value[\"alert\"].get(\"text\")\n            raise exception_class(message, screen, stacktrace, alert_text)  # type: ignore[call-arg]  # mypy is not smart enough here\n>       raise exception_class(message, screen, stacktrace)\nE       selenium.common.exceptions.WebDriverException: Message: unknown error: net::ERR_NAME_NOT_RESOLVED\nE         (Session info: chrome=140.0.7339.185)\nE       Stacktrace:\nE       \tGetHandleVerifier [0x0x7ff6a3cd1eb5+80197]\nE       \tGetHandleVerifier [0x0x7ff6a3cd1f10+80288]\nE       \t(No symbol) [0x0x7ff6a3a502fa]\nE       \t(No symbol) [0x0x7ff6a3a4d001]\nE       \t(No symbol) [0x0x7ff6a3a3da49]\nE       \t(No symbol) [0x0x7ff6a3a3f821]\nE       \t(No symbol) [0x0x7ff6a3a3dd66]\nE       \t(No symbol) [0x0x7ff6a3a3d7b7]\nE       \t(No symbol) [0x0x7ff6a3a3d47b]\nE       \t(No symbol) [0x0x7ff6a3a3afec]\nE       \t(No symbol) [0x0x7ff6a3a3b87c]\nE       \t(No symbol) [0x0x7ff6a3a543ca]\nE       \t(No symbol) [0x0x7ff6a3af95de]\nE       \t(No symbol) [0x0x7ff6a3ad037a]\nE       \t(No symbol) [0x0x7ff6a3af87fb]\nE       \t(No symbol) [0x0x7ff6a3ad0153]\nE       \t(No symbol) [0x0x7ff6a3a98b02]\nE       \t(No symbol) [0x0x7ff6a3a998d3]\nE       \tGetHandleVerifier [0x0x7ff6a3f8e83d+2949837]\nE       \tGetHandleVerifier [0x0x7ff6a3f88c6a+2926330]\nE       \tGetHandleVerifier [0x0x7ff6a3fa86c7+3055959]\nE       \tGetHandleVerifier [0x0x7ff6a3cecfee+191102]\nE       \tGetHandleVerifier [0x0x7ff6a3cf50af+224063]\nE       \tGetHandleVerifier [0x0x7ff6a3cdaf64+117236]\nE       \tGetHandleVerifier [0x0x7ff6a3cdb119+117673]\nE       \tGetHandleVerifier [0x0x7ff6a3cc10a8+11064]\nE       \tBaseThreadInitThunk [0x0x7ffe6635e8d7+23]\nE       \tRtlUserThreadStart [0x0x7ffe67b48d9c+44]\n\n..\\..\\AppData\\Local\\Programs\\Python\\Python312\\Lib\\site-packages\\selenium\\webdriver\\remote\\errorhandler.py:229: WebDriverException"}, "start": 1758710717278, "stop": 1758710767784, "uuid": "036d6f07-579e-4fae-9056-46f6069103b6", "historyId": "5c2caa98dd85f7130446349e4286d657", "testCaseId": "5c2caa98dd85f7130446349e4286d657", "fullName": "Tests.Positive_Testing.test_add_product_in_cart#test_product_in_cart", "labels": [{"name": "tag", "value": "smoke"}, {"name": "parentSuite", "value": "Tests.Positive_Testing"}, {"name": "suite", "value": "test_add_product_in_cart"}, {"name": "host", "value": "MSI"}, {"name": "thread", "value": "22056-MainThread"}, {"name": "framework", "value": "pytest"}, {"name": "language", "value": "cpython3"}, {"name": "package", "value": "Tests.Positive_Testing.test_add_product_in_cart"}], "titlePath": ["Tests", "Positive_Testing", "test_add_product_in_cart.py"]}