{"name": "test_register", "status": "broken", "statusDetails": {"message": "selenium.common.exceptions.ElementClickInterceptedException: Message: element click intercepted: Element <span class=\"badge pull-right\">...</span> is not clickable at point (420, 592). Other element would receive the click: <iframe id=\"aswift_3\" name=\"aswift_3\" browsingtopics=\"true\" style=\"min-height: auto; max-height: none; min-width: auto; max-width: none; width: 728px !important; height: 90px !important; display: block; margin: 0px auto;\" sandbox=\"allow-forms allow-popups allow-popups-to-escape-sandbox allow-same-origin allow-scripts allow-top-navigation-by-user-activation\" width=\"728\" height=\"90\" frameborder=\"0\" marginwidth=\"0\" marginheight=\"0\" vspace=\"0\" hspace=\"0\" allowtransparency=\"true\" scrolling=\"no\" allow=\"attribution-reporting; run-ad-auction\" src=\"https://googleads.g.doubleclick.net/pagead/html/r20250922/r20190131/zrt_lookup_fy2021.html#RS-0-&amp;adk=1812271801&amp;client=ca-pub-1677597403311019&amp;fa=1&amp;ifi=4&amp;uci=a!4&amp;btvi=2\" data-google-container-id=\"a!4\" tabindex=\"0\" title=\"Advertisement\" aria-label=\"Advertisement\" data-google-query-id=\"COf77_v28I8DFZ-pZgIdI0QC4w\" data-load-complete=\"true\"></iframe>\n  (Session info: chrome=140.0.7339.185)\nStacktrace:\n\tGetHandleVerifier [0x0x7ff6c8c51eb5+80197]\n\tGetHandleVerifier [0x0x7ff6c8c51f10+80288]\n\t(No symbol) [0x0x7ff6c89d02fa]\n\t(No symbol) [0x0x7ff6c8a2fe69]\n\t(No symbol) [0x0x7ff6c8a2d7ee]\n\t(No symbol) [0x0x7ff6c8a2a731]\n\t(No symbol) [0x0x7ff6c8a29620]\n\t(No symbol) [0x0x7ff6c8a1abc8]\n\t(No symbol) [0x0x7ff6c8a5037a]\n\t(No symbol) [0x0x7ff6c8a1a456]\n\t(No symbol) [0x0x7ff6c8a50590]\n\t(No symbol) [0x0x7ff6c8a787fb]\n\t(No symbol) [0x0x7ff6c8a50153]\n\t(No symbol) [0x0x7ff6c8a18b02]\n\t(No symbol) [0x0x7ff6c8a198d3]\n\tGetHandleVerifier [0x0x7ff6c8f0e83d+2949837]\n\tGetHandleVerifier [0x0x7ff6c8f08c6a+2926330]\n\tGetHandleVerifier [0x0x7ff6c8f286c7+3055959]\n\tGetHandleVerifier [0x0x7ff6c8c6cfee+191102]\n\tGetHandleVerifier [0x0x7ff6c8c750af+224063]\n\tGetHandleVerifier [0x0x7ff6c8c5af64+117236]\n\tGetHandleVerifier [0x0x7ff6c8c5b119+117673]\n\tGetHandleVerifier [0x0x7ff6c8c410a8+11064]\n\tBaseThreadInitThunk [0x0x7ffe6635e8d7+23]\n\tRtlUserThreadStart [0x0x7ffe67b48d9c+44]", "trace": "browserInstance = <selenium.webdriver.chrome.webdriver.WebDriver (session=\"f684be18da74a56c48692332d4bff18b\")>\n\n    @pytest.mark.smoke\n    def test_register(browserInstance):\n        browserInstance.get(\"https://automationexercise.com/\")\n        browserInstance.maximize_window()\n        all_product_checks = Products_and_product_detail_page(browserInstance)\n        all_product_checks.click_on_product()\n>       all_product_checks.click_on_women()\n\nTests\\Positive_Testing\\test_All_Product_and_product_details_page.py:21: \n_ _ _ _ _ _ _ _ _ _ _ _ _ _ _ _ _ _ _ _ _ _ _ _ _ _ _ _ _ _ _ _ _ _ _ _ _ _ _ _ _ _ _ _ _ _ _ _ _ _ _ _ _ _ _ _ _ _ _ _\nPage_POM\\Positive_POM\\Verify_All_Products_and_product_detail_page.py:14: in click_on_women\n    safe_click(self.driver,Locators.women)\nUtils\\selenium_helpers.py:36: in safe_click\n    ).click()\n..\\..\\AppData\\Local\\Programs\\Python\\Python312\\Lib\\site-packages\\selenium\\webdriver\\remote\\webelement.py:94: in click\n    self._execute(Command.CLICK_ELEMENT)\n..\\..\\AppData\\Local\\Programs\\Python\\Python312\\Lib\\site-packages\\selenium\\webdriver\\remote\\webelement.py:395: in _execute\n    return self._parent.execute(command, params)\n..\\..\\AppData\\Local\\Programs\\Python\\Python312\\Lib\\site-packages\\selenium\\webdriver\\remote\\webdriver.py:354: in execute\n    self.error_handler.check_response(response)\n_ _ _ _ _ _ _ _ _ _ _ _ _ _ _ _ _ _ _ _ _ _ _ _ _ _ _ _ _ _ _ _ _ _ _ _ _ _ _ _ _ _ _ _ _ _ _ _ _ _ _ _ _ _ _ _ _ _ _ _\n\nself = <selenium.webdriver.remote.errorhandler.ErrorHandler object at 0x0000025B80B47530>\nresponse = {'status': 400, 'value': '{\"value\":{\"error\":\"element click intercepted\",\"message\":\"element click intercepted: Element ...ff6c8c410a8+11064]\\\\n\\\\tBaseThreadInitThunk [0x0x7ffe6635e8d7+23]\\\\n\\\\tRtlUserThreadStart [0x0x7ffe67b48d9c+44]\\\\n\"}}'}\n\n    def check_response(self, response: Dict[str, Any]) -> None:\n        \"\"\"Checks that a JSON response from the WebDriver does not have an\n        error.\n    \n        :Args:\n         - response - The JSON response from the WebDriver server as a dictionary\n           object.\n    \n        :Raises: If the response contains an error message.\n        \"\"\"\n        status = response.get(\"status\", None)\n        if not status or status == ErrorCode.SUCCESS:\n            return\n        value = None\n        message = response.get(\"message\", \"\")\n        screen: str = response.get(\"screen\", \"\")\n        stacktrace = None\n        if isinstance(status, int):\n            value_json = response.get(\"value\", None)\n            if value_json and isinstance(value_json, str):\n                import json\n    \n                try:\n                    value = json.loads(value_json)\n                    if len(value) == 1:\n                        value = value[\"value\"]\n                    status = value.get(\"error\", None)\n                    if not status:\n                        status = value.get(\"status\", ErrorCode.UNKNOWN_ERROR)\n                        message = value.get(\"value\") or value.get(\"message\")\n                        if not isinstance(message, str):\n                            value = message\n                            message = message.get(\"message\")\n                    else:\n                        message = value.get(\"message\", None)\n                except ValueError:\n                    pass\n    \n        exception_class: Type[WebDriverException]\n        e = ErrorCode()\n        error_codes = [item for item in dir(e) if not item.startswith(\"__\")]\n        for error_code in error_codes:\n            error_info = getattr(ErrorCode, error_code)\n            if isinstance(error_info, list) and status in error_info:\n                exception_class = getattr(ExceptionMapping, error_code, WebDriverException)\n                break\n        else:\n            exception_class = WebDriverException\n    \n        if not value:\n            value = response[\"value\"]\n        if isinstance(value, str):\n            raise exception_class(value)\n        if message == \"\" and \"message\" in value:\n            message = value[\"message\"]\n    \n        screen = None  # type: ignore[assignment]\n        if \"screen\" in value:\n            screen = value[\"screen\"]\n    \n        stacktrace = None\n        st_value = value.get(\"stackTrace\") or value.get(\"stacktrace\")\n        if st_value:\n            if isinstance(st_value, str):\n                stacktrace = st_value.split(\"\\n\")\n            else:\n                stacktrace = []\n                try:\n                    for frame in st_value:\n                        line = frame.get(\"lineNumber\", \"\")\n                        file = frame.get(\"fileName\", \"<anonymous>\")\n                        if line:\n                            file = f\"{file}:{line}\"\n                        meth = frame.get(\"methodName\", \"<anonymous>\")\n                        if \"className\" in frame:\n                            meth = f\"{frame['className']}.{meth}\"\n                        msg = \"    at %s (%s)\"\n                        msg = msg % (meth, file)\n                        stacktrace.append(msg)\n                except TypeError:\n                    pass\n        if exception_class == UnexpectedAlertPresentException:\n            alert_text = None\n            if \"data\" in value:\n                alert_text = value[\"data\"].get(\"text\")\n            elif \"alert\" in value:\n                alert_text = value[\"alert\"].get(\"text\")\n            raise exception_class(message, screen, stacktrace, alert_text)  # type: ignore[call-arg]  # mypy is not smart enough here\n>       raise exception_class(message, screen, stacktrace)\nE       selenium.common.exceptions.ElementClickInterceptedException: Message: element click intercepted: Element <span class=\"badge pull-right\">...</span> is not clickable at point (420, 592). Other element would receive the click: <iframe id=\"aswift_3\" name=\"aswift_3\" browsingtopics=\"true\" style=\"min-height: auto; max-height: none; min-width: auto; max-width: none; width: 728px !important; height: 90px !important; display: block; margin: 0px auto;\" sandbox=\"allow-forms allow-popups allow-popups-to-escape-sandbox allow-same-origin allow-scripts allow-top-navigation-by-user-activation\" width=\"728\" height=\"90\" frameborder=\"0\" marginwidth=\"0\" marginheight=\"0\" vspace=\"0\" hspace=\"0\" allowtransparency=\"true\" scrolling=\"no\" allow=\"attribution-reporting; run-ad-auction\" src=\"https://googleads.g.doubleclick.net/pagead/html/r20250922/r20190131/zrt_lookup_fy2021.html#RS-0-&amp;adk=1812271801&amp;client=ca-pub-1677597403311019&amp;fa=1&amp;ifi=4&amp;uci=a!4&amp;btvi=2\" data-google-container-id=\"a!4\" tabindex=\"0\" title=\"Advertisement\" aria-label=\"Advertisement\" data-google-query-id=\"COf77_v28I8DFZ-pZgIdI0QC4w\" data-load-complete=\"true\"></iframe>\nE         (Session info: chrome=140.0.7339.185)\nE       Stacktrace:\nE       \tGetHandleVerifier [0x0x7ff6c8c51eb5+80197]\nE       \tGetHandleVerifier [0x0x7ff6c8c51f10+80288]\nE       \t(No symbol) [0x0x7ff6c89d02fa]\nE       \t(No symbol) [0x0x7ff6c8a2fe69]\nE       \t(No symbol) [0x0x7ff6c8a2d7ee]\nE       \t(No symbol) [0x0x7ff6c8a2a731]\nE       \t(No symbol) [0x0x7ff6c8a29620]\nE       \t(No symbol) [0x0x7ff6c8a1abc8]\nE       \t(No symbol) [0x0x7ff6c8a5037a]\nE       \t(No symbol) [0x0x7ff6c8a1a456]\nE       \t(No symbol) [0x0x7ff6c8a50590]\nE       \t(No symbol) [0x0x7ff6c8a787fb]\nE       \t(No symbol) [0x0x7ff6c8a50153]\nE       \t(No symbol) [0x0x7ff6c8a18b02]\nE       \t(No symbol) [0x0x7ff6c8a198d3]\nE       \tGetHandleVerifier [0x0x7ff6c8f0e83d+2949837]\nE       \tGetHandleVerifier [0x0x7ff6c8f08c6a+2926330]\nE       \tGetHandleVerifier [0x0x7ff6c8f286c7+3055959]\nE       \tGetHandleVerifier [0x0x7ff6c8c6cfee+191102]\nE       \tGetHandleVerifier [0x0x7ff6c8c750af+224063]\nE       \tGetHandleVerifier [0x0x7ff6c8c5af64+117236]\nE       \tGetHandleVerifier [0x0x7ff6c8c5b119+117673]\nE       \tGetHandleVerifier [0x0x7ff6c8c410a8+11064]\nE       \tBaseThreadInitThunk [0x0x7ffe6635e8d7+23]\nE       \tRtlUserThreadStart [0x0x7ffe67b48d9c+44]\n\n..\\..\\AppData\\Local\\Programs\\Python\\Python312\\Lib\\site-packages\\selenium\\webdriver\\remote\\errorhandler.py:229: ElementClickInterceptedException"}, "steps": [{"name": "Click on the Product Button : ", "status": "passed", "start": 1758700782062, "stop": 1758700785751}, {"name": "Click on the Women button? : ", "status": "broken", "statusDetails": {"message": "selenium.common.exceptions.ElementClickInterceptedException: Message: element click intercepted: Element <span class=\"badge pull-right\">...</span> is not clickable at point (420, 592). Other element would receive the click: <iframe id=\"aswift_3\" name=\"aswift_3\" browsingtopics=\"true\" style=\"min-height: auto; max-height: none; min-width: auto; max-width: none; width: 728px !important; height: 90px !important; display: block; margin: 0px auto;\" sandbox=\"allow-forms allow-popups allow-popups-to-escape-sandbox allow-same-origin allow-scripts allow-top-navigation-by-user-activation\" width=\"728\" height=\"90\" frameborder=\"0\" marginwidth=\"0\" marginheight=\"0\" vspace=\"0\" hspace=\"0\" allowtransparency=\"true\" scrolling=\"no\" allow=\"attribution-reporting; run-ad-auction\" src=\"https://googleads.g.doubleclick.net/pagead/html/r20250922/r20190131/zrt_lookup_fy2021.html#RS-0-&amp;adk=1812271801&amp;client=ca-pub-1677597403311019&amp;fa=1&amp;ifi=4&amp;uci=a!4&amp;btvi=2\" data-google-container-id=\"a!4\" tabindex=\"0\" title=\"Advertisement\" aria-label=\"Advertisement\" data-google-query-id=\"COf77_v28I8DFZ-pZgIdI0QC4w\" data-load-complete=\"true\"></iframe>\n  (Session info: chrome=140.0.7339.185)\nStacktrace:\n\tGetHandleVerifier [0x0x7ff6c8c51eb5+80197]\n\tGetHandleVerifier [0x0x7ff6c8c51f10+80288]\n\t(No symbol) [0x0x7ff6c89d02fa]\n\t(No symbol) [0x0x7ff6c8a2fe69]\n\t(No symbol) [0x0x7ff6c8a2d7ee]\n\t(No symbol) [0x0x7ff6c8a2a731]\n\t(No symbol) [0x0x7ff6c8a29620]\n\t(No symbol) [0x0x7ff6c8a1abc8]\n\t(No symbol) [0x0x7ff6c8a5037a]\n\t(No symbol) [0x0x7ff6c8a1a456]\n\t(No symbol) [0x0x7ff6c8a50590]\n\t(No symbol) [0x0x7ff6c8a787fb]\n\t(No symbol) [0x0x7ff6c8a50153]\n\t(No symbol) [0x0x7ff6c8a18b02]\n\t(No symbol) [0x0x7ff6c8a198d3]\n\tGetHandleVerifier [0x0x7ff6c8f0e83d+2949837]\n\tGetHandleVerifier [0x0x7ff6c8f08c6a+2926330]\n\tGetHandleVerifier [0x0x7ff6c8f286c7+3055959]\n\tGetHandleVerifier [0x0x7ff6c8c6cfee+191102]\n\tGetHandleVerifier [0x0x7ff6c8c750af+224063]\n\tGetHandleVerifier [0x0x7ff6c8c5af64+117236]\n\tGetHandleVerifier [0x0x7ff6c8c5b119+117673]\n\tGetHandleVerifier [0x0x7ff6c8c410a8+11064]\n\tBaseThreadInitThunk [0x0x7ffe6635e8d7+23]\n\tRtlUserThreadStart [0x0x7ffe67b48d9c+44]\n\n", "trace": "  File \"C:\\Users\\Sachin Kumar Tiwari\\AppData\\Local\\Programs\\Python\\Python312\\Lib\\site-packages\\allure_commons\\_allure.py\", line 202, in impl\n    return func(*a, **kw)\n           ^^^^^^^^^^^^^^\n  File \"C:\\Users\\Sachin Kumar Tiwari\\PycharmProjects\\E2E_Automation_Testing_for_e-commerce\\Page_POM\\Positive_POM\\Verify_All_Products_and_product_detail_page.py\", line 14, in click_on_women\n    safe_click(self.driver,Locators.women)\n  File \"C:\\Users\\Sachin Kumar Tiwari\\PycharmProjects\\E2E_Automation_Testing_for_e-commerce\\Utils\\selenium_helpers.py\", line 36, in safe_click\n    ).click()\n      ^^^^^^^\n  File \"C:\\Users\\Sachin Kumar Tiwari\\AppData\\Local\\Programs\\Python\\Python312\\Lib\\site-packages\\selenium\\webdriver\\remote\\webelement.py\", line 94, in click\n    self._execute(Command.CLICK_ELEMENT)\n  File \"C:\\Users\\Sachin Kumar Tiwari\\AppData\\Local\\Programs\\Python\\Python312\\Lib\\site-packages\\selenium\\webdriver\\remote\\webelement.py\", line 395, in _execute\n    return self._parent.execute(command, params)\n           ^^^^^^^^^^^^^^^^^^^^^^^^^^^^^^^^^^^^^\n  File \"C:\\Users\\Sachin Kumar Tiwari\\AppData\\Local\\Programs\\Python\\Python312\\Lib\\site-packages\\selenium\\webdriver\\remote\\webdriver.py\", line 354, in execute\n    self.error_handler.check_response(response)\n  File \"C:\\Users\\Sachin Kumar Tiwari\\AppData\\Local\\Programs\\Python\\Python312\\Lib\\site-packages\\selenium\\webdriver\\remote\\errorhandler.py\", line 229, in check_response\n    raise exception_class(message, screen, stacktrace)\n"}, "start": 1758700785751, "stop": 1758700786896}], "start": 1758700775500, "stop": 1758700786979, "uuid": "4c86e73e-84e2-4dcc-8926-0ca81960823d", "historyId": "6cb7d2d81079ad590a5d680db1024c11", "testCaseId": "6cb7d2d81079ad590a5d680db1024c11", "fullName": "Tests.Positive_Testing.test_All_Product_and_product_details_page#test_register", "labels": [{"name": "tag", "value": "smoke"}, {"name": "parentSuite", "value": "Tests.Positive_Testing"}, {"name": "suite", "value": "test_All_Product_and_product_details_page"}, {"name": "host", "value": "MSI"}, {"name": "thread", "value": "4772-MainThread"}, {"name": "framework", "value": "pytest"}, {"name": "language", "value": "cpython3"}, {"name": "package", "value": "Tests.Positive_Testing.test_All_Product_and_product_details_page"}], "titlePath": ["Tests", "Positive_Testing", "test_All_Product_and_product_details_page.py"]}