{"name": "test_register", "status": "broken", "statusDetails": {"message": "selenium.common.exceptions.TimeoutException: Message: \nStacktrace:\n\tGetHandleVerifier [0x0x7ff6c8c51eb5+80197]\n\tGetHandleVerifier [0x0x7ff6c8c51f10+80288]\n\t(No symbol) [0x0x7ff6c89d02fa]\n\t(No symbol) [0x0x7ff6c8a27cd7]\n\t(No symbol) [0x0x7ff6c8a27f9c]\n\t(No symbol) [0x0x7ff6c8a7ba87]\n\t(No symbol) [0x0x7ff6c8a503bf]\n\t(No symbol) [0x0x7ff6c8a787fb]\n\t(No symbol) [0x0x7ff6c8a50153]\n\t(No symbol) [0x0x7ff6c8a18b02]\n\t(No symbol) [0x0x7ff6c8a198d3]\n\tGetHandleVerifier [0x0x7ff6c8f0e83d+2949837]\n\tGetHandleVerifier [0x0x7ff6c8f08c6a+2926330]\n\tGetHandleVerifier [0x0x7ff6c8f286c7+3055959]\n\tGetHandleVerifier [0x0x7ff6c8c6cfee+191102]\n\tGetHandleVerifier [0x0x7ff6c8c750af+224063]\n\tGetHandleVerifier [0x0x7ff6c8c5af64+117236]\n\tGetHandleVerifier [0x0x7ff6c8c5b119+117673]\n\tGetHandleVerifier [0x0x7ff6c8c410a8+11064]\n\tBaseThreadInitThunk [0x0x7ffe6635e8d7+23]\n\tRtlUserThreadStart [0x0x7ffe67b48d9c+44]", "trace": "browserInstance = <selenium.webdriver.chrome.webdriver.WebDriver (session=\"dfddd42ecde998d69b02207250f63989\")>\n\n    @pytest.mark.smoke\n    def test_register(browserInstance):\n        driver = browserInstance\n        browserInstance.get(\"https://automationexercise.com/\")\n    \n        browserInstance.maximize_window()\n        registration= register(browserInstance)\n        registration.Click_on_Signup_Login()\n    \n        registration.sign_up_first_name(user_data[\"name\"])\n        registration.sign_up_last_name(user_data[\"last_name\"])\n        registration.sign_up_email(user_data[\"email\"])\n        registration.sign_up_button_click()\n>       registration.select_title()\n\nTests\\Positive_Testing\\test_Register_User.py:30: \n_ _ _ _ _ _ _ _ _ _ _ _ _ _ _ _ _ _ _ _ _ _ _ _ _ _ _ _ _ _ _ _ _ _ _ _ _ _ _ _ _ _ _ _ _ _ _ _ _ _ _ _ _ _ _ _ _ _ _ _\nPage_POM\\Positive_POM\\Register_User.py:32: in select_title\n    safe_click(self.driver,Locators.title)\nUtils\\selenium_helpers.py:34: in safe_click\n    WebDriverWait(driver, timeout).until(\n_ _ _ _ _ _ _ _ _ _ _ _ _ _ _ _ _ _ _ _ _ _ _ _ _ _ _ _ _ _ _ _ _ _ _ _ _ _ _ _ _ _ _ _ _ _ _ _ _ _ _ _ _ _ _ _ _ _ _ _\n\nself = <selenium.webdriver.support.wait.WebDriverWait (session=\"dfddd42ecde998d69b02207250f63989\")>\nmethod = <function element_to_be_clickable.<locals>._predicate at 0x000001CE342CF380>, message = ''\n\n    def until(self, method: Callable[[D], Union[Literal[False], T]], message: str = \"\") -> T:\n        \"\"\"Calls the method provided with the driver as an argument until the \\\n        return value does not evaluate to ``False``.\n    \n        :param method: callable(WebDriver)\n        :param message: optional message for :exc:`TimeoutException`\n        :returns: the result of the last call to `method`\n        :raises: :exc:`selenium.common.exceptions.TimeoutException` if timeout occurs\n        \"\"\"\n        screen = None\n        stacktrace = None\n    \n        end_time = time.monotonic() + self._timeout\n        while True:\n            try:\n                value = method(self._driver)\n                if value:\n                    return value\n            except self._ignored_exceptions as exc:\n                screen = getattr(exc, \"screen\", None)\n                stacktrace = getattr(exc, \"stacktrace\", None)\n            time.sleep(self._poll)\n            if time.monotonic() > end_time:\n                break\n>       raise TimeoutException(message, screen, stacktrace)\nE       selenium.common.exceptions.TimeoutException: Message: \nE       Stacktrace:\nE       \tGetHandleVerifier [0x0x7ff6c8c51eb5+80197]\nE       \tGetHandleVerifier [0x0x7ff6c8c51f10+80288]\nE       \t(No symbol) [0x0x7ff6c89d02fa]\nE       \t(No symbol) [0x0x7ff6c8a27cd7]\nE       \t(No symbol) [0x0x7ff6c8a27f9c]\nE       \t(No symbol) [0x0x7ff6c8a7ba87]\nE       \t(No symbol) [0x0x7ff6c8a503bf]\nE       \t(No symbol) [0x0x7ff6c8a787fb]\nE       \t(No symbol) [0x0x7ff6c8a50153]\nE       \t(No symbol) [0x0x7ff6c8a18b02]\nE       \t(No symbol) [0x0x7ff6c8a198d3]\nE       \tGetHandleVerifier [0x0x7ff6c8f0e83d+2949837]\nE       \tGetHandleVerifier [0x0x7ff6c8f08c6a+2926330]\nE       \tGetHandleVerifier [0x0x7ff6c8f286c7+3055959]\nE       \tGetHandleVerifier [0x0x7ff6c8c6cfee+191102]\nE       \tGetHandleVerifier [0x0x7ff6c8c750af+224063]\nE       \tGetHandleVerifier [0x0x7ff6c8c5af64+117236]\nE       \tGetHandleVerifier [0x0x7ff6c8c5b119+117673]\nE       \tGetHandleVerifier [0x0x7ff6c8c410a8+11064]\nE       \tBaseThreadInitThunk [0x0x7ffe6635e8d7+23]\nE       \tRtlUserThreadStart [0x0x7ffe67b48d9c+44]\n\n..\\..\\AppData\\Local\\Programs\\Python\\Python312\\Lib\\site-packages\\selenium\\webdriver\\support\\wait.py:105: TimeoutException"}, "steps": [{"name": "Click on Signup / Login", "status": "passed", "start": 1758697165379, "stop": 1758697167017}, {"name": "Enter First Name 'Rohit ' ", "status": "passed", "parameters": [{"name": "name", "value": "'Rohit '"}], "start": 1758697167017, "stop": 1758697167210}, {"name": "Enter Last Name :'Juyal' ", "status": "passed", "parameters": [{"name": "last_name", "value": "'Juyal'"}], "start": 1758697167210, "stop": 1758697167329}, {"name": "Enter Email for SignUp :'rohitjuyal111@gmail.com' ", "status": "passed", "parameters": [{"name": "email", "value": "'rohitjuyal111@gmail.com'"}], "start": 1758697167329, "stop": 1758697167513}, {"name": "Click On Sign Up Button ", "status": "passed", "start": 1758697167513, "stop": 1758697169131}, {"name": "Click On Sign Up Button ", "status": "broken", "statusDetails": {"message": "selenium.common.exceptions.TimeoutException: Message: \nStacktrace:\n\tGetHandleVerifier [0x0x7ff6c8c51eb5+80197]\n\tGetHandleVerifier [0x0x7ff6c8c51f10+80288]\n\t(No symbol) [0x0x7ff6c89d02fa]\n\t(No symbol) [0x0x7ff6c8a27cd7]\n\t(No symbol) [0x0x7ff6c8a27f9c]\n\t(No symbol) [0x0x7ff6c8a7ba87]\n\t(No symbol) [0x0x7ff6c8a503bf]\n\t(No symbol) [0x0x7ff6c8a787fb]\n\t(No symbol) [0x0x7ff6c8a50153]\n\t(No symbol) [0x0x7ff6c8a18b02]\n\t(No symbol) [0x0x7ff6c8a198d3]\n\tGetHandleVerifier [0x0x7ff6c8f0e83d+2949837]\n\tGetHandleVerifier [0x0x7ff6c8f08c6a+2926330]\n\tGetHandleVerifier [0x0x7ff6c8f286c7+3055959]\n\tGetHandleVerifier [0x0x7ff6c8c6cfee+191102]\n\tGetHandleVerifier [0x0x7ff6c8c750af+224063]\n\tGetHandleVerifier [0x0x7ff6c8c5af64+117236]\n\tGetHandleVerifier [0x0x7ff6c8c5b119+117673]\n\tGetHandleVerifier [0x0x7ff6c8c410a8+11064]\n\tBaseThreadInitThunk [0x0x7ffe6635e8d7+23]\n\tRtlUserThreadStart [0x0x7ffe67b48d9c+44]\n\n", "trace": "  File \"C:\\Users\\Sachin Kumar Tiwari\\AppData\\Local\\Programs\\Python\\Python312\\Lib\\site-packages\\allure_commons\\_allure.py\", line 202, in impl\n    return func(*a, **kw)\n           ^^^^^^^^^^^^^^\n  File \"C:\\Users\\Sachin Kumar Tiwari\\PycharmProjects\\E2E_Automation_Testing_for_e-commerce\\Page_POM\\Positive_POM\\Register_User.py\", line 32, in select_title\n    safe_click(self.driver,Locators.title)\n  File \"C:\\Users\\Sachin Kumar Tiwari\\PycharmProjects\\E2E_Automation_Testing_for_e-commerce\\Utils\\selenium_helpers.py\", line 34, in safe_click\n    WebDriverWait(driver, timeout).until(\n  File \"C:\\Users\\Sachin Kumar Tiwari\\AppData\\Local\\Programs\\Python\\Python312\\Lib\\site-packages\\selenium\\webdriver\\support\\wait.py\", line 105, in until\n    raise TimeoutException(message, screen, stacktrace)\n"}, "start": 1758697169131, "stop": 1758697199391}], "start": 1758697159938, "stop": 1758697199537, "uuid": "ab8ba217-4fbf-461b-ae71-d60052b7554b", "historyId": "2c84b579b055bb2a261d0b1e4c5b3e0b", "testCaseId": "2c84b579b055bb2a261d0b1e4c5b3e0b", "fullName": "Tests.Positive_Testing.test_Register_User#test_register", "labels": [{"name": "tag", "value": "smoke"}, {"name": "parentSuite", "value": "Tests.Positive_Testing"}, {"name": "suite", "value": "test_Register_User"}, {"name": "host", "value": "MSI"}, {"name": "thread", "value": "34504-MainThread"}, {"name": "framework", "value": "pytest"}, {"name": "language", "value": "cpython3"}, {"name": "package", "value": "Tests.Positive_Testing.test_Register_User"}], "titlePath": ["Tests", "Positive_Testing", "test_Register_User.py"]}