{"name": "test_register", "status": "failed", "statusDetails": {"message": "AssertionError: assert 'WOMEN - TOPS PRODUCTS' == 'WOMEN - TOP PRODUCTS'\n  \n  - WOMEN - TOP PRODUCTS\n  + WOMEN - TOPS PRODUCTS\n  ?            +", "trace": "browserInstance = <selenium.webdriver.chrome.webdriver.WebDriver (session=\"e850dc92c73c090f3883941faa00ec7f\")>\n\n    @pytest.mark.smoke\n    def test_register(browserInstance):\n        browserInstance.get(\"https://automationexercise.com/\")\n        browserInstance.maximize_window()\n        all_product_checks = Products_and_product_detail_page(browserInstance)\n        all_product_checks.click_on_product()\n        all_product_checks.click_on_women()\n        all_product_checks.click_on_dress()\n        dress_text = all_product_checks.women_dress_text()\n        display_text = f\"WOMEN - DRESS PRODUCTS\"\n        print(dress_text)\n        print(display_text)\n        assert dress_text == display_text.strip()\n        all_product_checks.click_on_women()\n        all_product_checks.click_on_top()\n        women_top_text = all_product_checks.women_top_text()\n        display_text_1 = f\"WOMEN - TOP PRODUCTS\"\n        print(women_top_text)\n        print(display_text_1)\n>       assert women_top_text == display_text_1.strip()\nE       AssertionError: assert 'WOMEN - TOPS PRODUCTS' == 'WOMEN - TOP PRODUCTS'\nE         \nE         - WOMEN - TOP PRODUCTS\nE         + WOMEN - TOPS PRODUCTS\nE         ?            +\n\nTests\\Positive_Testing\\test_All_Product_and_product_details_page.py:34: AssertionError"}, "steps": [{"name": "Click on the Product Button : ", "status": "passed", "start": 1758702361581, "stop": 1758702378797}, {"name": "Click on the Women button? : ", "status": "passed", "start": 1758702378797, "stop": 1758702379017}, {"name": "Click on the Dress : ", "status": "passed", "start": 1758702379017, "stop": 1758702389215}, {"name": " Dress Text is visible : ", "status": "passed", "start": 1758702389217, "stop": 1758702389259}, {"name": "Click on the Women button? : ", "status": "passed", "start": 1758702389259, "stop": 1758702389479}, {"name": "Click on the Top :", "status": "passed", "start": 1758702389479, "stop": 1758702396906}, {"name": "Top Text is visible : ", "status": "passed", "start": 1758702396906, "stop": 1758702396935}], "attachments": [{"name": "stdout", "source": "a26f90a6-7baf-44a8-8b0f-04417010e7f3-attachment.txt", "type": "text/plain"}], "start": 1758702343740, "stop": 1758702396935, "uuid": "c4b97753-286d-4408-8652-4985fcd17e79", "historyId": "6cb7d2d81079ad590a5d680db1024c11", "testCaseId": "6cb7d2d81079ad590a5d680db1024c11", "fullName": "Tests.Positive_Testing.test_All_Product_and_product_details_page#test_register", "labels": [{"name": "tag", "value": "smoke"}, {"name": "parentSuite", "value": "Tests.Positive_Testing"}, {"name": "suite", "value": "test_All_Product_and_product_details_page"}, {"name": "host", "value": "MSI"}, {"name": "thread", "value": "29532-MainThread"}, {"name": "framework", "value": "pytest"}, {"name": "language", "value": "cpython3"}, {"name": "package", "value": "Tests.Positive_Testing.test_All_Product_and_product_details_page"}], "titlePath": ["Tests", "Positive_Testing", "test_All_Product_and_product_details_page.py"]}