{"name": "test_register", "status": "broken", "statusDetails": {"message": "selenium.common.exceptions.TimeoutException: Message: \nStacktrace:\n\tGetHandleVerifier [0x0x7ff6352430f5+79493]\n\tGetHandleVerifier [0x0x7ff635243150+79584]\n\t(No symbol) [0x0x7ff634fc01ba]\n\t(No symbol) [0x0x7ff635018067]\n\t(No symbol) [0x0x7ff63501832c]\n\t(No symbol) [0x0x7ff63506be27]\n\t(No symbol) [0x0x7ff63504074f]\n\t(No symbol) [0x0x7ff635068b8b]\n\t(No symbol) [0x0x7ff6350404e3]\n\t(No symbol) [0x0x7ff635008e92]\n\t(No symbol) [0x0x7ff635009c63]\n\tGetHandleVerifier [0x0x7ff635500dbd+2954061]\n\tGetHandleVerifier [0x0x7ff6354fb02a+2930106]\n\tGetHandleVerifier [0x0x7ff63551b357+3061991]\n\tGetHandleVerifier [0x0x7ff63525d60e+187294]\n\tGetHandleVerifier [0x0x7ff63526557f+219919]\n\tGetHandleVerifier [0x0x7ff63524c294+116772]\n\tGetHandleVerifier [0x0x7ff63524c449+117209]\n\tGetHandleVerifier [0x0x7ff635232618+11176]\n\tBaseThreadInitThunk [0x0x7ffe6635e8d7+23]\n\tRtlUserThreadStart [0x0x7ffe67b48d9c+44]", "trace": "browserInstance = <selenium.webdriver.chrome.webdriver.WebDriver (session=\"4589c5c747f4f0b2747dd52dabdbeec0\")>\n\n    @pytest.mark.smoke\n    def test_register(browserInstance):\n        browserInstance.get(\"https://automationexercise.com/\")\n        browserInstance.maximize_window()\n        all_product_checks = Products_and_product_detail_page(browserInstance)\n>       all_product_checks.click_on_product_page()\n\nTests\\Positive_Testing\\test_All_Product_and_product_details_page.py:20: \n_ _ _ _ _ _ _ _ _ _ _ _ _ _ _ _ _ _ _ _ _ _ _ _ _ _ _ _ _ _ _ _ _ _ _ _ _ _ _ _ _ _ _ _ _ _ _ _ _ _ _ _ _ _ _ _ _ _ _ _\nPage_POM\\Positive_POM\\Verify_All_Products_and_product_detail_page.py:10: in click_on_product_page\n    safe_click(self.driver,Locators.products)\nUtils\\selenium_helpers.py:34: in safe_click\n    WebDriverWait(driver, timeout).until(\n_ _ _ _ _ _ _ _ _ _ _ _ _ _ _ _ _ _ _ _ _ _ _ _ _ _ _ _ _ _ _ _ _ _ _ _ _ _ _ _ _ _ _ _ _ _ _ _ _ _ _ _ _ _ _ _ _ _ _ _\n\nself = <selenium.webdriver.support.wait.WebDriverWait (session=\"4589c5c747f4f0b2747dd52dabdbeec0\")>\nmethod = <function element_to_be_clickable.<locals>._predicate at 0x000001AACFF69440>, message = ''\n\n    def until(self, method: Callable[[D], Union[Literal[False], T]], message: str = \"\") -> T:\n        \"\"\"Calls the method provided with the driver as an argument until the \\\n        return value does not evaluate to ``False``.\n    \n        :param method: callable(WebDriver)\n        :param message: optional message for :exc:`TimeoutException`\n        :returns: the result of the last call to `method`\n        :raises: :exc:`selenium.common.exceptions.TimeoutException` if timeout occurs\n        \"\"\"\n        screen = None\n        stacktrace = None\n    \n        end_time = time.monotonic() + self._timeout\n        while True:\n            try:\n                value = method(self._driver)\n                if value:\n                    return value\n            except self._ignored_exceptions as exc:\n                screen = getattr(exc, \"screen\", None)\n                stacktrace = getattr(exc, \"stacktrace\", None)\n            time.sleep(self._poll)\n            if time.monotonic() > end_time:\n                break\n>       raise TimeoutException(message, screen, stacktrace)\nE       selenium.common.exceptions.TimeoutException: Message: \nE       Stacktrace:\nE       \tGetHandleVerifier [0x0x7ff6352430f5+79493]\nE       \tGetHandleVerifier [0x0x7ff635243150+79584]\nE       \t(No symbol) [0x0x7ff634fc01ba]\nE       \t(No symbol) [0x0x7ff635018067]\nE       \t(No symbol) [0x0x7ff63501832c]\nE       \t(No symbol) [0x0x7ff63506be27]\nE       \t(No symbol) [0x0x7ff63504074f]\nE       \t(No symbol) [0x0x7ff635068b8b]\nE       \t(No symbol) [0x0x7ff6350404e3]\nE       \t(No symbol) [0x0x7ff635008e92]\nE       \t(No symbol) [0x0x7ff635009c63]\nE       \tGetHandleVerifier [0x0x7ff635500dbd+2954061]\nE       \tGetHandleVerifier [0x0x7ff6354fb02a+2930106]\nE       \tGetHandleVerifier [0x0x7ff63551b357+3061991]\nE       \tGetHandleVerifier [0x0x7ff63525d60e+187294]\nE       \tGetHandleVerifier [0x0x7ff63526557f+219919]\nE       \tGetHandleVerifier [0x0x7ff63524c294+116772]\nE       \tGetHandleVerifier [0x0x7ff63524c449+117209]\nE       \tGetHandleVerifier [0x0x7ff635232618+11176]\nE       \tBaseThreadInitThunk [0x0x7ffe6635e8d7+23]\nE       \tRtlUserThreadStart [0x0x7ffe67b48d9c+44]\n\n..\\..\\AppData\\Local\\Programs\\Python\\Python312\\Lib\\site-packages\\selenium\\webdriver\\support\\wait.py:105: TimeoutException"}, "steps": [{"name": "Click on the Product Button : ", "status": "broken", "statusDetails": {"message": "selenium.common.exceptions.TimeoutException: Message: \nStacktrace:\n\tGetHandleVerifier [0x0x7ff6352430f5+79493]\n\tGetHandleVerifier [0x0x7ff635243150+79584]\n\t(No symbol) [0x0x7ff634fc01ba]\n\t(No symbol) [0x0x7ff635018067]\n\t(No symbol) [0x0x7ff63501832c]\n\t(No symbol) [0x0x7ff63506be27]\n\t(No symbol) [0x0x7ff63504074f]\n\t(No symbol) [0x0x7ff635068b8b]\n\t(No symbol) [0x0x7ff6350404e3]\n\t(No symbol) [0x0x7ff635008e92]\n\t(No symbol) [0x0x7ff635009c63]\n\tGetHandleVerifier [0x0x7ff635500dbd+2954061]\n\tGetHandleVerifier [0x0x7ff6354fb02a+2930106]\n\tGetHandleVerifier [0x0x7ff63551b357+3061991]\n\tGetHandleVerifier [0x0x7ff63525d60e+187294]\n\tGetHandleVerifier [0x0x7ff63526557f+219919]\n\tGetHandleVerifier [0x0x7ff63524c294+116772]\n\tGetHandleVerifier [0x0x7ff63524c449+117209]\n\tGetHandleVerifier [0x0x7ff635232618+11176]\n\tBaseThreadInitThunk [0x0x7ffe6635e8d7+23]\n\tRtlUserThreadStart [0x0x7ffe67b48d9c+44]\n\n", "trace": "  File \"C:\\Users\\Sachin Kumar Tiwari\\AppData\\Local\\Programs\\Python\\Python312\\Lib\\site-packages\\allure_commons\\_allure.py\", line 202, in impl\n    return func(*a, **kw)\n           ^^^^^^^^^^^^^^\n  File \"C:\\Users\\Sachin Kumar Tiwari\\PycharmProjects\\E2E_Automation_Testing_for_e-commerce\\Page_POM\\Positive_POM\\Verify_All_Products_and_product_detail_page.py\", line 10, in click_on_product_page\n    safe_click(self.driver,Locators.products)\n  File \"C:\\Users\\Sachin Kumar Tiwari\\PycharmProjects\\E2E_Automation_Testing_for_e-commerce\\Utils\\selenium_helpers.py\", line 34, in safe_click\n    WebDriverWait(driver, timeout).until(\n  File \"C:\\Users\\Sachin Kumar Tiwari\\AppData\\Local\\Programs\\Python\\Python312\\Lib\\site-packages\\selenium\\webdriver\\support\\wait.py\", line 105, in until\n    raise TimeoutException(message, screen, stacktrace)\n"}, "start": 1758641132394, "stop": 1758641162869}], "start": 1758641124254, "stop": 1758641162921, "uuid": "f0c59c3c-60c8-4ab1-8940-4965ee9a0559", "historyId": "6cb7d2d81079ad590a5d680db1024c11", "testCaseId": "6cb7d2d81079ad590a5d680db1024c11", "fullName": "Tests.Positive_Testing.test_All_Product_and_product_details_page#test_register", "labels": [{"name": "tag", "value": "smoke"}, {"name": "parentSuite", "value": "Tests.Positive_Testing"}, {"name": "suite", "value": "test_All_Product_and_product_details_page"}, {"name": "host", "value": "MSI"}, {"name": "thread", "value": "30336-MainThread"}, {"name": "framework", "value": "pytest"}, {"name": "language", "value": "cpython3"}, {"name": "package", "value": "Tests.Positive_Testing.test_All_Product_and_product_details_page"}], "titlePath": ["Tests", "Positive_Testing", "test_All_Product_and_product_details_page.py"]}