{"name": "test_register", "status": "failed", "statusDetails": {"message": "AssertionError: assert women_dress_text == 'Women - Dress Products'\n +  where 'Women - Dress Products' = <built-in method strip of str object at 0x00000260E40F1A70>()\n +    where <built-in method strip of str object at 0x00000260E40F1A70> = 'Women - Dress Products'.strip", "trace": "browserInstance = <selenium.webdriver.chrome.webdriver.WebDriver (session=\"6ec12365879c93ba9dbe9f7e5a4c21c4\")>\n\n    @pytest.mark.smoke\n    def test_register(browserInstance):\n        browserInstance.get(\"https://automationexercise.com/\")\n        browserInstance.maximize_window()\n        all_product_checks = Products_and_product_detail_page(browserInstance)\n        all_product_checks.click_on_product()\n        all_product_checks.click_on_women()\n        all_product_checks.click_on_dress()\n        dress_text = all_product_checks.women_dress_text\n        display_text = f\"Women - Dress Products\"\n        print(dress_text)\n        print(display_text)\n>       assert dress_text == display_text.strip()\nE       AssertionError: assert women_dress_text == 'Women - Dress Products'\nE        +  where 'Women - Dress Products' = <built-in method strip of str object at 0x00000260E40F1A70>()\nE        +    where <built-in method strip of str object at 0x00000260E40F1A70> = 'Women - Dress Products'.strip\n\nTests\\Positive_Testing\\test_All_Product_and_product_details_page.py:27: AssertionError"}, "steps": [{"name": "Click on the Product Button : ", "status": "passed", "start": 1758701640778, "stop": 1758701645277}, {"name": "Click on the Women button? : ", "status": "passed", "start": 1758701645277, "stop": 1758701645412}, {"name": "Click on the Dress : ", "status": "passed", "start": 1758701645412, "stop": 1758701648012}], "attachments": [{"name": "stdout", "source": "1c2f3f71-01e0-4dae-9d45-7d93b984bd1f-attachment.txt", "type": "text/plain"}], "start": 1758701604591, "stop": 1758701648012, "uuid": "f99905d1-a57c-4e3a-8e22-105caed6a93d", "historyId": "6cb7d2d81079ad590a5d680db1024c11", "testCaseId": "6cb7d2d81079ad590a5d680db1024c11", "fullName": "Tests.Positive_Testing.test_All_Product_and_product_details_page#test_register", "labels": [{"name": "tag", "value": "smoke"}, {"name": "parentSuite", "value": "Tests.Positive_Testing"}, {"name": "suite", "value": "test_All_Product_and_product_details_page"}, {"name": "host", "value": "MSI"}, {"name": "thread", "value": "29252-MainThread"}, {"name": "framework", "value": "pytest"}, {"name": "language", "value": "cpython3"}, {"name": "package", "value": "Tests.Positive_Testing.test_All_Product_and_product_details_page"}], "titlePath": ["Tests", "Positive_Testing", "test_All_Product_and_product_details_page.py"]}