{"name": "test_register", "status": "broken", "statusDetails": {"message": "selenium.common.exceptions.TimeoutException: Message: \nStacktrace:\n\tGetHandleVerifier [0x0x7ff7c0d91eb5+80197]\n\tGetHandleVerifier [0x0x7ff7c0d91f10+80288]\n\t(No symbol) [0x0x7ff7c0b102fa]\n\t(No symbol) [0x0x7ff7c0b67cd7]\n\t(No symbol) [0x0x7ff7c0b67f9c]\n\t(No symbol) [0x0x7ff7c0bbba87]\n\t(No symbol) [0x0x7ff7c0b903bf]\n\t(No symbol) [0x0x7ff7c0bb87fb]\n\t(No symbol) [0x0x7ff7c0b90153]\n\t(No symbol) [0x0x7ff7c0b58b02]\n\t(No symbol) [0x0x7ff7c0b598d3]\n\tGetHandleVerifier [0x0x7ff7c104e83d+2949837]\n\tGetHandleVerifier [0x0x7ff7c1048c6a+2926330]\n\tGetHandleVerifier [0x0x7ff7c10686c7+3055959]\n\tGetHandleVerifier [0x0x7ff7c0dacfee+191102]\n\tGetHandleVerifier [0x0x7ff7c0db50af+224063]\n\tGetHandleVerifier [0x0x7ff7c0d9af64+117236]\n\tGetHandleVerifier [0x0x7ff7c0d9b119+117673]\n\tGetHandleVerifier [0x0x7ff7c0d810a8+11064]\n\tBaseThreadInitThunk [0x0x7ffe6635e8d7+23]\n\tRtlUserThreadStart [0x0x7ffe67b48d9c+44]", "trace": "browserInstance = <selenium.webdriver.chrome.webdriver.WebDriver (session=\"fbab0334c98d43700dbee891db80db64\")>\n\n    @pytest.mark.smoke\n    def test_register(browserInstance):\n        driver = browserInstance\n        browserInstance.get(\"https://automationexercise.com/\")\n        browserInstance.maximize_window()\n        signup_check_with_existing_user = Register_user_with_existing_email(browserInstance)\n        signup_check_with_existing_user.sign_up_with_existing_user()\n    \n        signup_check_with_existing_user.sign_up_with_existing_firstname(user_data[\"name\"])\n        signup_check_with_existing_user.sign_up_with_existing_lastname(user_data[\"last_name\"])\n        signup_check_with_existing_user.sign_up_with_existing_emailID(user_data[\"email\"])\n        signup_check_with_existing_user.click_on_submit_button()\n>       existing_email_message = signup_check_with_existing_user.existed_message()\n\nTests\\Negative_Testing\\test_register_user_with_existing_email.py:25: \n_ _ _ _ _ _ _ _ _ _ _ _ _ _ _ _ _ _ _ _ _ _ _ _ _ _ _ _ _ _ _ _ _ _ _ _ _ _ _ _ _ _ _ _ _ _ _ _ _ _ _ _ _ _ _ _ _ _ _ _\nPage_POM\\Negative_POM\\register_user_with_existing_email.py:33: in existed_message\n    existing_email_message_1 = safe_get_text(self.driver, Locators.existing_email_message)\nUtils\\selenium_helpers.py:74: in safe_get_text\n    return WebDriverWait(driver, timeout).until(\n_ _ _ _ _ _ _ _ _ _ _ _ _ _ _ _ _ _ _ _ _ _ _ _ _ _ _ _ _ _ _ _ _ _ _ _ _ _ _ _ _ _ _ _ _ _ _ _ _ _ _ _ _ _ _ _ _ _ _ _\n\nself = <selenium.webdriver.support.wait.WebDriverWait (session=\"fbab0334c98d43700dbee891db80db64\")>\nmethod = <function presence_of_element_located.<locals>._predicate at 0x000002326DC2D4E0>, message = ''\n\n    def until(self, method: Callable[[D], Union[Literal[False], T]], message: str = \"\") -> T:\n        \"\"\"Calls the method provided with the driver as an argument until the \\\n        return value does not evaluate to ``False``.\n    \n        :param method: callable(WebDriver)\n        :param message: optional message for :exc:`TimeoutException`\n        :returns: the result of the last call to `method`\n        :raises: :exc:`selenium.common.exceptions.TimeoutException` if timeout occurs\n        \"\"\"\n        screen = None\n        stacktrace = None\n    \n        end_time = time.monotonic() + self._timeout\n        while True:\n            try:\n                value = method(self._driver)\n                if value:\n                    return value\n            except self._ignored_exceptions as exc:\n                screen = getattr(exc, \"screen\", None)\n                stacktrace = getattr(exc, \"stacktrace\", None)\n            time.sleep(self._poll)\n            if time.monotonic() > end_time:\n                break\n>       raise TimeoutException(message, screen, stacktrace)\nE       selenium.common.exceptions.TimeoutException: Message: \nE       Stacktrace:\nE       \tGetHandleVerifier [0x0x7ff7c0d91eb5+80197]\nE       \tGetHandleVerifier [0x0x7ff7c0d91f10+80288]\nE       \t(No symbol) [0x0x7ff7c0b102fa]\nE       \t(No symbol) [0x0x7ff7c0b67cd7]\nE       \t(No symbol) [0x0x7ff7c0b67f9c]\nE       \t(No symbol) [0x0x7ff7c0bbba87]\nE       \t(No symbol) [0x0x7ff7c0b903bf]\nE       \t(No symbol) [0x0x7ff7c0bb87fb]\nE       \t(No symbol) [0x0x7ff7c0b90153]\nE       \t(No symbol) [0x0x7ff7c0b58b02]\nE       \t(No symbol) [0x0x7ff7c0b598d3]\nE       \tGetHandleVerifier [0x0x7ff7c104e83d+2949837]\nE       \tGetHandleVerifier [0x0x7ff7c1048c6a+2926330]\nE       \tGetHandleVerifier [0x0x7ff7c10686c7+3055959]\nE       \tGetHandleVerifier [0x0x7ff7c0dacfee+191102]\nE       \tGetHandleVerifier [0x0x7ff7c0db50af+224063]\nE       \tGetHandleVerifier [0x0x7ff7c0d9af64+117236]\nE       \tGetHandleVerifier [0x0x7ff7c0d9b119+117673]\nE       \tGetHandleVerifier [0x0x7ff7c0d810a8+11064]\nE       \tBaseThreadInitThunk [0x0x7ffe6635e8d7+23]\nE       \tRtlUserThreadStart [0x0x7ffe67b48d9c+44]\n\n..\\..\\AppData\\Local\\Programs\\Python\\Python312\\Lib\\site-packages\\selenium\\webdriver\\support\\wait.py:105: TimeoutException"}, "steps": [{"name": "Click on Login Button", "status": "passed", "start": 1758722456287, "stop": 1758722457672}, {"name": "Enter your First Name : 'Rohit'", "status": "passed", "parameters": [{"name": "name", "value": "'Rohit'"}], "start": 1758722457672, "stop": 1758722457767}, {"name": "Enter your Last Name : 'Juyal'", "status": "passed", "parameters": [{"name": "last_name", "value": "'Juyal'"}], "start": 1758722457767, "stop": 1758722457957}, {"name": "Enter your Email ID : 'rohitjuyal111@gmail.com'", "status": "passed", "parameters": [{"name": "email", "value": "'rohitjuyal111@gmail.com'"}], "start": 1758722457957, "stop": 1758722458048}, {"name": "Click on Submit button", "status": "passed", "start": 1758722458048, "stop": 1758722458228}, {"name": "Error Message Displayed on Website", "status": "broken", "statusDetails": {"message": "selenium.common.exceptions.TimeoutException: Message: \nStacktrace:\n\tGetHandleVerifier [0x0x7ff7c0d91eb5+80197]\n\tGetHandleVerifier [0x0x7ff7c0d91f10+80288]\n\t(No symbol) [0x0x7ff7c0b102fa]\n\t(No symbol) [0x0x7ff7c0b67cd7]\n\t(No symbol) [0x0x7ff7c0b67f9c]\n\t(No symbol) [0x0x7ff7c0bbba87]\n\t(No symbol) [0x0x7ff7c0b903bf]\n\t(No symbol) [0x0x7ff7c0bb87fb]\n\t(No symbol) [0x0x7ff7c0b90153]\n\t(No symbol) [0x0x7ff7c0b58b02]\n\t(No symbol) [0x0x7ff7c0b598d3]\n\tGetHandleVerifier [0x0x7ff7c104e83d+2949837]\n\tGetHandleVerifier [0x0x7ff7c1048c6a+2926330]\n\tGetHandleVerifier [0x0x7ff7c10686c7+3055959]\n\tGetHandleVerifier [0x0x7ff7c0dacfee+191102]\n\tGetHandleVerifier [0x0x7ff7c0db50af+224063]\n\tGetHandleVerifier [0x0x7ff7c0d9af64+117236]\n\tGetHandleVerifier [0x0x7ff7c0d9b119+117673]\n\tGetHandleVerifier [0x0x7ff7c0d810a8+11064]\n\tBaseThreadInitThunk [0x0x7ffe6635e8d7+23]\n\tRtlUserThreadStart [0x0x7ffe67b48d9c+44]\n\n", "trace": "  File \"C:\\Users\\Sachin Kumar Tiwari\\AppData\\Local\\Programs\\Python\\Python312\\Lib\\site-packages\\allure_commons\\_allure.py\", line 202, in impl\n    return func(*a, **kw)\n           ^^^^^^^^^^^^^^\n  File \"C:\\Users\\Sachin Kumar Tiwari\\PycharmProjects\\E2E_Automation_Testing_for_e-commerce\\Page_POM\\Negative_POM\\register_user_with_existing_email.py\", line 33, in existed_message\n    existing_email_message_1 = safe_get_text(self.driver, Locators.existing_email_message)\n                               ^^^^^^^^^^^^^^^^^^^^^^^^^^^^^^^^^^^^^^^^^^^^^^^^^^^^^^^^^^^\n  File \"C:\\Users\\Sachin Kumar Tiwari\\PycharmProjects\\E2E_Automation_Testing_for_e-commerce\\Utils\\selenium_helpers.py\", line 74, in safe_get_text\n    return WebDriverWait(driver, timeout).until(\n           ^^^^^^^^^^^^^^^^^^^^^^^^^^^^^^^^^^^^^\n  File \"C:\\Users\\Sachin Kumar Tiwari\\AppData\\Local\\Programs\\Python\\Python312\\Lib\\site-packages\\selenium\\webdriver\\support\\wait.py\", line 105, in until\n    raise TimeoutException(message, screen, stacktrace)\n"}, "start": 1758722458228, "stop": 1758722488499}], "start": 1758722452250, "stop": 1758722488504, "uuid": "52cd4cee-635c-46d0-a925-784db0299f80", "historyId": "909b1effc8b07131fbbeb2b65bb1974b", "testCaseId": "909b1effc8b07131fbbeb2b65bb1974b", "fullName": "Tests.Negative_Testing.test_register_user_with_existing_email#test_register", "labels": [{"name": "tag", "value": "smoke"}, {"name": "parentSuite", "value": "Tests.Negative_Testing"}, {"name": "suite", "value": "test_register_user_with_existing_email"}, {"name": "host", "value": "MSI"}, {"name": "thread", "value": "15528-MainThread"}, {"name": "framework", "value": "pytest"}, {"name": "language", "value": "cpython3"}, {"name": "package", "value": "Tests.Negative_Testing.test_register_user_with_existing_email"}], "titlePath": ["Tests", "Negative_Testing", "test_register_user_with_existing_email.py"]}