{"name": "test_correct_email", "status": "broken", "statusDetails": {"message": "Exception: safe_click failed after 3 attempts for xpath: //a[@href='/delete_account']", "trace": "browserInstance = <selenium.webdriver.chrome.webdriver.WebDriver (session=\"61679a7aa1a49ff6654a870b2ea4866d\")>\n\n    @pytest.mark.smoke\n    def test_correct_email(browserInstance):\n        browserInstance.get(\"https://automationexercise.com/\")\n    \n        browserInstance.maximize_window()\n        delete_account = Delete_Account(browserInstance)\n    \n>       delete_account.delete_account()\n\nTests\\Positive_Testing\\test_delete_account.py:21: \n_ _ _ _ _ _ _ _ _ _ _ _ _ _ _ _ _ _ _ _ _ _ _ _ _ _ _ _ _ _ _ _ _ _ _ _ _ _ _ _ _ _ _ _ _ _ _ _ _ _ _ _ _ _ _ _ _ _ _ _\nPage_POM\\Positive_POM\\delete_account.py:11: in delete_account\n    safe_click(self.driver,Locators.delete_account)\n_ _ _ _ _ _ _ _ _ _ _ _ _ _ _ _ _ _ _ _ _ _ _ _ _ _ _ _ _ _ _ _ _ _ _ _ _ _ _ _ _ _ _ _ _ _ _ _ _ _ _ _ _ _ _ _ _ _ _ _\n\ndriver = <selenium.webdriver.chrome.webdriver.WebDriver (session=\"61679a7aa1a49ff6654a870b2ea4866d\")>\nxpath = \"//a[@href='/delete_account']\", timeout = 30, retries = 3\n\n    def safe_click(driver, xpath, timeout=30, retries=3):\n        for attempt in range(retries):\n            try:\n                element = WebDriverWait(driver, timeout).until(\n                    EC.element_to_be_clickable((By.XPATH, xpath))\n                )\n    \n                # Scroll element into view before clicking\n                driver.execute_script(\"arguments[0].scrollIntoView({block: 'center'});\", element)\n    \n                element.click()\n                return  # success â†’ exit function\n    \n            except StaleElementReferenceException:\n                print(f\"[Retry {attempt+1}] Stale element, retrying...\")\n                time.sleep(2)\n    \n            except ElementClickInterceptedException:\n                print(f\"[Retry {attempt+1}] Click intercepted, trying to remove ad iframe...\")\n                try:\n                    ad_iframe = driver.find_element(By.CSS_SELECTOR, \"iframe[id^='aswift']\")\n                    driver.execute_script(\"arguments[0].remove();\", ad_iframe)\n                    print(\"Ad iframe removed.\")\n                except:\n                    print(\"No ad iframe found to remove.\")\n                time.sleep(2)\n    \n            except TimeoutException:\n                print(\"Timeout waiting for element to be clickable.\")\n                break\n    \n>       raise Exception(f\"safe_click failed after {retries} attempts for xpath: {xpath}\")\nE       Exception: safe_click failed after 3 attempts for xpath: //a[@href='/delete_account']\n\nUtils\\selenium_helpers.py:66: Exception"}, "steps": [{"name": "Click on Delete Account to Delete User Name :", "status": "broken", "statusDetails": {"message": "Exception: safe_click failed after 3 attempts for xpath: //a[@href='/delete_account']\n", "trace": "  File \"C:\\Users\\Sachin Kumar Tiwari\\AppData\\Local\\Programs\\Python\\Python312\\Lib\\site-packages\\allure_commons\\_allure.py\", line 202, in impl\n    return func(*a, **kw)\n           ^^^^^^^^^^^^^^\n  File \"C:\\Users\\Sachin Kumar Tiwari\\PycharmProjects\\E2E_Automation_Testing_for_e-commerce\\Page_POM\\Positive_POM\\delete_account.py\", line 11, in delete_account\n    safe_click(self.driver,Locators.delete_account)\n  File \"C:\\Users\\Sachin Kumar Tiwari\\PycharmProjects\\E2E_Automation_Testing_for_e-commerce\\Utils\\selenium_helpers.py\", line 66, in safe_click\n    raise Exception(f\"safe_click failed after {retries} attempts for xpath: {xpath}\")\n"}, "start": 1758721829606, "stop": 1758721859696}], "attachments": [{"name": "stdout", "source": "13d6010b-4d7d-4dd3-89fe-adf840f37316-attachment.txt", "type": "text/plain"}], "start": 1758721825488, "stop": 1758721859708, "uuid": "51ddf2cb-00e1-4fa6-b730-5d949b8c2a9b", "historyId": "b87c7af867fdec9335a45a1552d22292", "testCaseId": "b87c7af867fdec9335a45a1552d22292", "fullName": "Tests.Positive_Testing.test_delete_account#test_correct_email", "labels": [{"name": "tag", "value": "smoke"}, {"name": "parentSuite", "value": "Tests.Positive_Testing"}, {"name": "suite", "value": "test_delete_account"}, {"name": "host", "value": "MSI"}, {"name": "thread", "value": "29772-MainThread"}, {"name": "framework", "value": "pytest"}, {"name": "language", "value": "cpython3"}, {"name": "package", "value": "Tests.Positive_Testing.test_delete_account"}], "titlePath": ["Tests", "Positive_Testing", "test_delete_account.py"]}