{"name": "test_register", "status": "broken", "statusDetails": {"message": "selenium.common.exceptions.TimeoutException: Message:", "trace": "browserInstance = <selenium.webdriver.chrome.webdriver.WebDriver (session=\"d00c383f5ca6ba4c77de94404a9764e4\")>\n\n    @pytest.mark.smoke\n    def test_register(browserInstance):\n        browserInstance.get(\"https://automationexercise.com/\")\n        browserInstance.maximize_window()\n        all_product_checks = Products_and_product_detail_page(browserInstance)\n        all_product_checks.click_on_product_page()\n        view_gender = all_product_checks.gender_categories()\n        print(\"Categories Found:\", view_gender)\n    \n        all_product_checks.click_on_men()\n>       all_product_checks.click_on_women()\n\nTests\\Positive_Testing\\test_All_Product_and_product_details_page.py:25: \n_ _ _ _ _ _ _ _ _ _ _ _ _ _ _ _ _ _ _ _ _ _ _ _ _ _ _ _ _ _ _ _ _ _ _ _ _ _ _ _ _ _ _ _ _ _ _ _ _ _ _ _ _ _ _ _ _ _ _ _\nPage_POM\\Positive_POM\\Verify_All_Products_and_product_detail_page.py:22: in click_on_women\n    safe_click(self.driver,Locators.women)\nUtils\\selenium_helpers.py:34: in safe_click\n    WebDriverWait(driver, timeout).until(\n_ _ _ _ _ _ _ _ _ _ _ _ _ _ _ _ _ _ _ _ _ _ _ _ _ _ _ _ _ _ _ _ _ _ _ _ _ _ _ _ _ _ _ _ _ _ _ _ _ _ _ _ _ _ _ _ _ _ _ _\n\nself = <selenium.webdriver.support.wait.WebDriverWait (session=\"d00c383f5ca6ba4c77de94404a9764e4\")>\nmethod = <function element_to_be_clickable.<locals>._predicate at 0x00000190B919F880>, message = ''\n\n    def until(self, method: Callable[[D], Union[Literal[False], T]], message: str = \"\") -> T:\n        \"\"\"Calls the method provided with the driver as an argument until the \\\n        return value does not evaluate to ``False``.\n    \n        :param method: callable(WebDriver)\n        :param message: optional message for :exc:`TimeoutException`\n        :returns: the result of the last call to `method`\n        :raises: :exc:`selenium.common.exceptions.TimeoutException` if timeout occurs\n        \"\"\"\n        screen = None\n        stacktrace = None\n    \n        end_time = time.monotonic() + self._timeout\n        while True:\n            try:\n                value = method(self._driver)\n                if value:\n                    return value\n            except self._ignored_exceptions as exc:\n                screen = getattr(exc, \"screen\", None)\n                stacktrace = getattr(exc, \"stacktrace\", None)\n            time.sleep(self._poll)\n            if time.monotonic() > end_time:\n                break\n>       raise TimeoutException(message, screen, stacktrace)\nE       selenium.common.exceptions.TimeoutException: Message:\n\n..\\..\\AppData\\Local\\Programs\\Python\\Python312\\Lib\\site-packages\\selenium\\webdriver\\support\\wait.py:105: TimeoutException"}, "steps": [{"name": "Click on the Product Button : ", "status": "passed", "start": 1758642069464, "stop": 1758642076816}, {"name": "Click on the Gender Button to check it is working or not? : ", "status": "passed", "start": 1758642076816, "stop": 1758642076862}, {"name": "Click on the Men Button to check it is working or not? : ", "status": "passed", "start": 1758642076862, "stop": 1758642077038}, {"name": "Click on the Women Button to check it is working or not? : ", "status": "broken", "statusDetails": {"message": "selenium.common.exceptions.TimeoutException: Message: \n\n", "trace": "  File \"C:\\Users\\Sachin Kumar Tiwari\\AppData\\Local\\Programs\\Python\\Python312\\Lib\\site-packages\\allure_commons\\_allure.py\", line 202, in impl\n    return func(*a, **kw)\n           ^^^^^^^^^^^^^^\n  File \"C:\\Users\\Sachin Kumar Tiwari\\PycharmProjects\\E2E_Automation_Testing_for_e-commerce\\Page_POM\\Positive_POM\\Verify_All_Products_and_product_detail_page.py\", line 22, in click_on_women\n    safe_click(self.driver,Locators.women)\n  File \"C:\\Users\\Sachin Kumar Tiwari\\PycharmProjects\\E2E_Automation_Testing_for_e-commerce\\Utils\\selenium_helpers.py\", line 34, in safe_click\n    WebDriverWait(driver, timeout).until(\n  File \"C:\\Users\\Sachin Kumar Tiwari\\AppData\\Local\\Programs\\Python\\Python312\\Lib\\site-packages\\selenium\\webdriver\\support\\wait.py\", line 105, in until\n    raise TimeoutException(message, screen, stacktrace)\n"}, "start": 1758642077038, "stop": 1758642107149}], "attachments": [{"name": "stdout", "source": "e33a757e-6a47-4496-b5d7-a4d19e422736-attachment.txt", "type": "text/plain"}], "start": 1758642062488, "stop": 1758642107161, "uuid": "a18032a6-6945-4233-b092-fe9c3da2b3e7", "historyId": "6cb7d2d81079ad590a5d680db1024c11", "testCaseId": "6cb7d2d81079ad590a5d680db1024c11", "fullName": "Tests.Positive_Testing.test_All_Product_and_product_details_page#test_register", "labels": [{"name": "tag", "value": "smoke"}, {"name": "parentSuite", "value": "Tests.Positive_Testing"}, {"name": "suite", "value": "test_All_Product_and_product_details_page"}, {"name": "host", "value": "MSI"}, {"name": "thread", "value": "35912-MainThread"}, {"name": "framework", "value": "pytest"}, {"name": "language", "value": "cpython3"}, {"name": "package", "value": "Tests.Positive_Testing.test_All_Product_and_product_details_page"}], "titlePath": ["Tests", "Positive_Testing", "test_All_Product_and_product_details_page.py"]}