{"name": "test_product_in_cart", "status": "broken", "statusDetails": {"message": "selenium.common.exceptions.TimeoutException: Message: \nStacktrace:\n\tGetHandleVerifier [0x0x7ff6a3cd1eb5+80197]\n\tGetHandleVerifier [0x0x7ff6a3cd1f10+80288]\n\t(No symbol) [0x0x7ff6a3a502fa]\n\t(No symbol) [0x0x7ff6a3aa7cd7]\n\t(No symbol) [0x0x7ff6a3aa7f9c]\n\t(No symbol) [0x0x7ff6a3afba87]\n\t(No symbol) [0x0x7ff6a3ad03bf]\n\t(No symbol) [0x0x7ff6a3af87fb]\n\t(No symbol) [0x0x7ff6a3ad0153]\n\t(No symbol) [0x0x7ff6a3a98b02]\n\t(No symbol) [0x0x7ff6a3a998d3]\n\tGetHandleVerifier [0x0x7ff6a3f8e83d+2949837]\n\tGetHandleVerifier [0x0x7ff6a3f88c6a+2926330]\n\tGetHandleVerifier [0x0x7ff6a3fa86c7+3055959]\n\tGetHandleVerifier [0x0x7ff6a3cecfee+191102]\n\tGetHandleVerifier [0x0x7ff6a3cf50af+224063]\n\tGetHandleVerifier [0x0x7ff6a3cdaf64+117236]\n\tGetHandleVerifier [0x0x7ff6a3cdb119+117673]\n\tGetHandleVerifier [0x0x7ff6a3cc10a8+11064]\n\tBaseThreadInitThunk [0x0x7ffe6635e8d7+23]\n\tRtlUserThreadStart [0x0x7ffe67b48d9c+44]", "trace": "browserInstance = <selenium.webdriver.chrome.webdriver.WebDriver (session=\"9c2890072b427ee4207e7289eaddbb63\")>\n\n    @pytest.mark.smoke\n    def test_product_in_cart(browserInstance):\n        driver = browserInstance\n        browserInstance.get(\"https://automationexercise.com/\")\n        browserInstance.maximize_window()\n        add_to_cart = all_product_in_cart(browserInstance)\n        add_to_cart.click_on_product()\n        add_to_cart.add_product_on_cart()\n        time.sleep(10)\n        add_to_cart.view_cart()\n        time.sleep(10)\n        add_to_cart.proceed_to_check_out()\n>       delivery_address = add_to_cart.delivery_address()\n\nTests\\Positive_Testing\\test_add_product_in_cart.py:33: \n_ _ _ _ _ _ _ _ _ _ _ _ _ _ _ _ _ _ _ _ _ _ _ _ _ _ _ _ _ _ _ _ _ _ _ _ _ _ _ _ _ _ _ _ _ _ _ _ _ _ _ _ _ _ _ _ _ _ _ _\nPage_POM\\Positive_POM\\all_product_in_cart.py:32: in delivery_address\n    return safe_get_text(self.driver, Locators.b_address)\nUtils\\selenium_helpers.py:74: in safe_get_text\n    return WebDriverWait(driver, timeout).until(\n_ _ _ _ _ _ _ _ _ _ _ _ _ _ _ _ _ _ _ _ _ _ _ _ _ _ _ _ _ _ _ _ _ _ _ _ _ _ _ _ _ _ _ _ _ _ _ _ _ _ _ _ _ _ _ _ _ _ _ _\n\nself = <selenium.webdriver.support.wait.WebDriverWait (session=\"9c2890072b427ee4207e7289eaddbb63\")>\nmethod = <function presence_of_element_located.<locals>._predicate at 0x0000025ACCBF5440>, message = ''\n\n    def until(self, method: Callable[[D], Union[Literal[False], T]], message: str = \"\") -> T:\n        \"\"\"Calls the method provided with the driver as an argument until the \\\n        return value does not evaluate to ``False``.\n    \n        :param method: callable(WebDriver)\n        :param message: optional message for :exc:`TimeoutException`\n        :returns: the result of the last call to `method`\n        :raises: :exc:`selenium.common.exceptions.TimeoutException` if timeout occurs\n        \"\"\"\n        screen = None\n        stacktrace = None\n    \n        end_time = time.monotonic() + self._timeout\n        while True:\n            try:\n                value = method(self._driver)\n                if value:\n                    return value\n            except self._ignored_exceptions as exc:\n                screen = getattr(exc, \"screen\", None)\n                stacktrace = getattr(exc, \"stacktrace\", None)\n            time.sleep(self._poll)\n            if time.monotonic() > end_time:\n                break\n>       raise TimeoutException(message, screen, stacktrace)\nE       selenium.common.exceptions.TimeoutException: Message: \nE       Stacktrace:\nE       \tGetHandleVerifier [0x0x7ff6a3cd1eb5+80197]\nE       \tGetHandleVerifier [0x0x7ff6a3cd1f10+80288]\nE       \t(No symbol) [0x0x7ff6a3a502fa]\nE       \t(No symbol) [0x0x7ff6a3aa7cd7]\nE       \t(No symbol) [0x0x7ff6a3aa7f9c]\nE       \t(No symbol) [0x0x7ff6a3afba87]\nE       \t(No symbol) [0x0x7ff6a3ad03bf]\nE       \t(No symbol) [0x0x7ff6a3af87fb]\nE       \t(No symbol) [0x0x7ff6a3ad0153]\nE       \t(No symbol) [0x0x7ff6a3a98b02]\nE       \t(No symbol) [0x0x7ff6a3a998d3]\nE       \tGetHandleVerifier [0x0x7ff6a3f8e83d+2949837]\nE       \tGetHandleVerifier [0x0x7ff6a3f88c6a+2926330]\nE       \tGetHandleVerifier [0x0x7ff6a3fa86c7+3055959]\nE       \tGetHandleVerifier [0x0x7ff6a3cecfee+191102]\nE       \tGetHandleVerifier [0x0x7ff6a3cf50af+224063]\nE       \tGetHandleVerifier [0x0x7ff6a3cdaf64+117236]\nE       \tGetHandleVerifier [0x0x7ff6a3cdb119+117673]\nE       \tGetHandleVerifier [0x0x7ff6a3cc10a8+11064]\nE       \tBaseThreadInitThunk [0x0x7ffe6635e8d7+23]\nE       \tRtlUserThreadStart [0x0x7ffe67b48d9c+44]\n\n..\\..\\AppData\\Local\\Programs\\Python\\Python312\\Lib\\site-packages\\selenium\\webdriver\\support\\wait.py:105: TimeoutException"}, "steps": [{"name": "Click on the Product Button : ", "status": "passed", "start": 1758713977912, "stop": 1758713996438}, {"name": "Adding product on cart : ", "status": "passed", "start": 1758713996439, "stop": 1758713996675}, {"name": "View product on cart : ", "status": "passed", "start": 1758714006677, "stop": 1758714009465}, {"name": "Proceed to checkout : ", "status": "passed", "start": 1758714019468, "stop": 1758714020055}, {"name": "Compare Delivery address : ", "status": "broken", "statusDetails": {"message": "selenium.common.exceptions.TimeoutException: Message: \nStacktrace:\n\tGetHandleVerifier [0x0x7ff6a3cd1eb5+80197]\n\tGetHandleVerifier [0x0x7ff6a3cd1f10+80288]\n\t(No symbol) [0x0x7ff6a3a502fa]\n\t(No symbol) [0x0x7ff6a3aa7cd7]\n\t(No symbol) [0x0x7ff6a3aa7f9c]\n\t(No symbol) [0x0x7ff6a3afba87]\n\t(No symbol) [0x0x7ff6a3ad03bf]\n\t(No symbol) [0x0x7ff6a3af87fb]\n\t(No symbol) [0x0x7ff6a3ad0153]\n\t(No symbol) [0x0x7ff6a3a98b02]\n\t(No symbol) [0x0x7ff6a3a998d3]\n\tGetHandleVerifier [0x0x7ff6a3f8e83d+2949837]\n\tGetHandleVerifier [0x0x7ff6a3f88c6a+2926330]\n\tGetHandleVerifier [0x0x7ff6a3fa86c7+3055959]\n\tGetHandleVerifier [0x0x7ff6a3cecfee+191102]\n\tGetHandleVerifier [0x0x7ff6a3cf50af+224063]\n\tGetHandleVerifier [0x0x7ff6a3cdaf64+117236]\n\tGetHandleVerifier [0x0x7ff6a3cdb119+117673]\n\tGetHandleVerifier [0x0x7ff6a3cc10a8+11064]\n\tBaseThreadInitThunk [0x0x7ffe6635e8d7+23]\n\tRtlUserThreadStart [0x0x7ffe67b48d9c+44]\n\n", "trace": "  File \"C:\\Users\\Sachin Kumar Tiwari\\AppData\\Local\\Programs\\Python\\Python312\\Lib\\site-packages\\allure_commons\\_allure.py\", line 202, in impl\n    return func(*a, **kw)\n           ^^^^^^^^^^^^^^\n  File \"C:\\Users\\Sachin Kumar Tiwari\\PycharmProjects\\E2E_Automation_Testing_for_e-commerce\\Page_POM\\Positive_POM\\all_product_in_cart.py\", line 32, in delivery_address\n    return safe_get_text(self.driver, Locators.b_address)\n           ^^^^^^^^^^^^^^^^^^^^^^^^^^^^^^^^^^^^^^^^^^^^^^\n  File \"C:\\Users\\Sachin Kumar Tiwari\\PycharmProjects\\E2E_Automation_Testing_for_e-commerce\\Utils\\selenium_helpers.py\", line 74, in safe_get_text\n    return WebDriverWait(driver, timeout).until(\n           ^^^^^^^^^^^^^^^^^^^^^^^^^^^^^^^^^^^^^\n  File \"C:\\Users\\Sachin Kumar Tiwari\\AppData\\Local\\Programs\\Python\\Python312\\Lib\\site-packages\\selenium\\webdriver\\support\\wait.py\", line 105, in until\n    raise TimeoutException(message, screen, stacktrace)\n"}, "start": 1758714020056, "stop": 1758714050451}], "start": 1758713955098, "stop": 1758714050462, "uuid": "59c23d1f-84af-497a-8521-ac80746eb14b", "historyId": "5c2caa98dd85f7130446349e4286d657", "testCaseId": "5c2caa98dd85f7130446349e4286d657", "fullName": "Tests.Positive_Testing.test_add_product_in_cart#test_product_in_cart", "labels": [{"name": "tag", "value": "smoke"}, {"name": "parentSuite", "value": "Tests.Positive_Testing"}, {"name": "suite", "value": "test_add_product_in_cart"}, {"name": "host", "value": "MSI"}, {"name": "thread", "value": "16784-MainThread"}, {"name": "framework", "value": "pytest"}, {"name": "language", "value": "cpython3"}, {"name": "package", "value": "Tests.Positive_Testing.test_add_product_in_cart"}], "titlePath": ["Tests", "Positive_Testing", "test_add_product_in_cart.py"]}