{"name": "test_register", "status": "failed", "statusDetails": {"message": "AssertionError: assert 'WOMEN - DRESS PRODUCTS' == 'Women - Dress Products'\n  \n  - Women - Dress Products\n  + WOMEN - DRESS PRODUCTS", "trace": "browserInstance = <selenium.webdriver.chrome.webdriver.WebDriver (session=\"f442e15b62ad862373cb512d5e77a931\")>\n\n    @pytest.mark.smoke\n    def test_register(browserInstance):\n        browserInstance.get(\"https://automationexercise.com/\")\n        browserInstance.maximize_window()\n        all_product_checks = Products_and_product_detail_page(browserInstance)\n        all_product_checks.click_on_product()\n        all_product_checks.click_on_women()\n        all_product_checks.click_on_dress()\n        dress_text = all_product_checks.women_dress_text()\n        display_text = f\"Women - Dress Products\"\n        print(dress_text)\n        print(display_text)\n>       assert dress_text == display_text.strip()\nE       AssertionError: assert 'WOMEN - DRESS PRODUCTS' == 'Women - Dress Products'\nE         \nE         - Women - Dress Products\nE         + WOMEN - DRESS PRODUCTS\n\nTests\\Positive_Testing\\test_All_Product_and_product_details_page.py:27: AssertionError"}, "steps": [{"name": "Click on the Product Button : ", "status": "passed", "start": 1758701743345, "stop": 1758701758909}, {"name": "Click on the Women button? : ", "status": "passed", "start": 1758701758909, "stop": 1758701759116}, {"name": "Click on the Dress : ", "status": "passed", "start": 1758701759116, "stop": 1758701762721}, {"name": " Dress Text is visible : ", "status": "passed", "start": 1758701762721, "stop": 1758701762771}], "attachments": [{"name": "stdout", "source": "14b097ca-041b-489e-9c77-684c112ca9c5-attachment.txt", "type": "text/plain"}], "start": 1758701719667, "stop": 1758701762774, "uuid": "cd503dff-a277-4380-b51b-59cefe4f1c27", "historyId": "6cb7d2d81079ad590a5d680db1024c11", "testCaseId": "6cb7d2d81079ad590a5d680db1024c11", "fullName": "Tests.Positive_Testing.test_All_Product_and_product_details_page#test_register", "labels": [{"name": "tag", "value": "smoke"}, {"name": "parentSuite", "value": "Tests.Positive_Testing"}, {"name": "suite", "value": "test_All_Product_and_product_details_page"}, {"name": "host", "value": "MSI"}, {"name": "thread", "value": "24436-MainThread"}, {"name": "framework", "value": "pytest"}, {"name": "language", "value": "cpython3"}, {"name": "package", "value": "Tests.Positive_Testing.test_All_Product_and_product_details_page"}], "titlePath": ["Tests", "Positive_Testing", "test_All_Product_and_product_details_page.py"]}